Unexpected keys (bn2.num_batches_tracked, bn2.bias, bn2.running_mean, bn2.running_var, bn2.weight, classifier.bias, classifier.weight, conv_head.weight) found while loading pretrained weights. This may be expected if model is being adapted.
Warning: You are sending unauthenticated requests to the HF Hub. Please set a HF_TOKEN to enable higher rate limits and faster downloads.
Unexpected keys (bn2.num_batches_tracked, bn2.bias, bn2.running_mean, bn2.running_var, bn2.weight, classifier.bias, classifier.weight, conv_head.weight) found while loading pretrained weights. This may be expected if model is being adapted.
Unexpected keys (bn2.num_batches_tracked, bn2.bias, bn2.running_mean, bn2.running_var, bn2.weight, classifier.bias, classifier.weight, conv_head.weight) found while loading pretrained weights. This may be expected if model is being adapted.
train scenes: 52
vali patch 512: 117
Output channels from encoder stages: [16, 24, 40, 112, 320]
loaded 1453/1453 tensors from model/trained/u3net_cross_fusion_v2_soup09522.pth
Ep0: tra-> Loss:0.253,Oa:0.995,Miou:0.984, time:117.8s
Ep1: tra-> Loss:0.221,Oa:0.996,Miou:0.985, val-> Loss:0.389,Oa:0.990,Miou:0.952,MiouEMA:0.9517, lr:1.00e-04,time:26.6s
  >> saved RAW ckpt, val miou 0.9518
Ep2: tra-> Loss:0.274,Oa:0.994,Miou:0.974, time:4.8s
Ep3: tra-> Loss:0.288,Oa:0.994,Miou:0.975, val-> Loss:0.397,Oa:0.990,Miou:0.952,MiouEMA:0.9522, lr:1.00e-04,time:8.6s
  >> saved RAW ckpt, val miou 0.9521
  >> saved EMA ckpt, val miou 0.9522
Ep4: tra-> Loss:0.201,Oa:0.994,Miou:0.981, time:4.4s
Ep5: tra-> Loss:0.219,Oa:0.994,Miou:0.980, val-> Loss:0.401,Oa:0.990,Miou:0.952,MiouEMA:0.9521, lr:1.00e-04,time:8.9s
Ep6: tra-> Loss:0.236,Oa:0.996,Miou:0.983, time:4.0s
Ep7: tra-> Loss:0.238,Oa:0.994,Miou:0.979, val-> Loss:0.400,Oa:0.990,Miou:0.952,MiouEMA:0.9519, lr:1.00e-04,time:9.0s
Ep8: tra-> Loss:0.279,Oa:0.995,Miou:0.976, time:3.9s
Ep9: tra-> Loss:0.223,Oa:0.995,Miou:0.981, val-> Loss:0.409,Oa:0.990,Miou:0.952,MiouEMA:0.9521, lr:1.00e-04,time:8.2s
Ep10: tra-> Loss:0.235,Oa:0.995,Miou:0.979, time:4.3s
Ep11: tra-> Loss:0.291,Oa:0.993,Miou:0.977, val-> Loss:0.392,Oa:0.990,Miou:0.952,MiouEMA:0.9516, lr:1.00e-04,time:9.5s
  >> saved RAW ckpt, val miou 0.9524
Ep12: tra-> Loss:0.240,Oa:0.995,Miou:0.978, time:4.7s
Ep13: tra-> Loss:0.255,Oa:0.995,Miou:0.981, val-> Loss:0.386,Oa:0.990,Miou:0.953,MiouEMA:0.9529, lr:1.00e-04,time:10.2s
  >> saved RAW ckpt, val miou 0.9527
  >> saved EMA ckpt, val miou 0.9529
Ep14: tra-> Loss:0.234,Oa:0.994,Miou:0.978, time:4.3s
Ep15: tra-> Loss:0.224,Oa:0.995,Miou:0.984, val-> Loss:0.388,Oa:0.990,Miou:0.952,MiouEMA:0.9523, lr:1.00e-04,time:9.2s
Ep16: tra-> Loss:0.229,Oa:0.995,Miou:0.980, time:4.2s
Ep17: tra-> Loss:0.208,Oa:0.995,Miou:0.980, val-> Loss:0.399,Oa:0.990,Miou:0.952,MiouEMA:0.9526, lr:1.00e-04,time:9.3s
Ep18: tra-> Loss:0.243,Oa:0.994,Miou:0.973, time:4.0s
Ep19: tra-> Loss:0.232,Oa:0.995,Miou:0.975, val-> Loss:0.396,Oa:0.990,Miou:0.952,MiouEMA:0.9522, lr:1.00e-04,time:9.6s
Ep20: tra-> Loss:0.202,Oa:0.994,Miou:0.980, time:4.0s
Ep21: tra-> Loss:0.212,Oa:0.996,Miou:0.981, val-> Loss:0.394,Oa:0.990,Miou:0.952,MiouEMA:0.9524, lr:1.00e-04,time:8.2s
Ep22: tra-> Loss:0.226,Oa:0.994,Miou:0.977, time:4.0s
Ep23: tra-> Loss:0.253,Oa:0.995,Miou:0.980, val-> Loss:0.390,Oa:0.990,Miou:0.953,MiouEMA:0.9529, lr:1.00e-04,time:8.2s
  >> saved RAW ckpt, val miou 0.9534
Ep24: tra-> Loss:0.248,Oa:0.993,Miou:0.974, time:4.4s
Ep25: tra-> Loss:0.318,Oa:0.995,Miou:0.980, val-> Loss:0.387,Oa:0.990,Miou:0.954,MiouEMA:0.9536, lr:1.00e-04,time:9.2s
  >> saved RAW ckpt, val miou 0.9539
Ep26: tra-> Loss:0.215,Oa:0.994,Miou:0.981, time:3.8s
Ep27: tra-> Loss:0.252,Oa:0.994,Miou:0.976, val-> Loss:0.401,Oa:0.990,Miou:0.953,MiouEMA:0.9538, lr:1.00e-04,time:9.1s
Ep28: tra-> Loss:0.266,Oa:0.994,Miou:0.981, time:6.0s
Ep29: tra-> Loss:0.218,Oa:0.996,Miou:0.986, val-> Loss:0.402,Oa:0.990,Miou:0.953,MiouEMA:0.9538, lr:1.00e-04,time:9.2s
Ep30: tra-> Loss:0.208,Oa:0.995,Miou:0.977, time:4.7s
Ep31: tra-> Loss:0.252,Oa:0.993,Miou:0.976, val-> Loss:0.400,Oa:0.990,Miou:0.953,MiouEMA:0.9536, lr:1.00e-04,time:8.5s
Ep32: tra-> Loss:0.216,Oa:0.995,Miou:0.980, time:4.8s
Ep33: tra-> Loss:0.226,Oa:0.994,Miou:0.973, val-> Loss:0.397,Oa:0.990,Miou:0.953,MiouEMA:0.9533, lr:1.00e-04,time:8.6s
Ep34: tra-> Loss:0.227,Oa:0.995,Miou:0.979, time:4.2s
Ep35: tra-> Loss:0.232,Oa:0.994,Miou:0.976, val-> Loss:0.390,Oa:0.990,Miou:0.953,MiouEMA:0.9533, lr:1.00e-04,time:7.9s
Ep36: tra-> Loss:0.216,Oa:0.994,Miou:0.979, time:4.8s
Ep37: tra-> Loss:0.280,Oa:0.996,Miou:0.976, val-> Loss:0.381,Oa:0.990,Miou:0.953,MiouEMA:0.9534, lr:1.00e-04,time:9.1s
Ep38: tra-> Loss:0.231,Oa:0.994,Miou:0.975, time:4.4s
Ep39: tra-> Loss:0.194,Oa:0.995,Miou:0.983, val-> Loss:0.379,Oa:0.990,Miou:0.953,MiouEMA:0.9532, lr:1.00e-04,time:8.2s
Ep40: tra-> Loss:0.206,Oa:0.996,Miou:0.983, time:4.4s
Ep41: tra-> Loss:0.211,Oa:0.994,Miou:0.977, val-> Loss:0.383,Oa:0.990,Miou:0.953,MiouEMA:0.9535, lr:1.00e-04,time:8.1s
Ep42: tra-> Loss:0.214,Oa:0.995,Miou:0.982, time:4.6s
Ep43: tra-> Loss:0.238,Oa:0.995,Miou:0.980, val-> Loss:0.385,Oa:0.990,Miou:0.953,MiouEMA:0.9536, lr:1.00e-04,time:8.1s
Ep44: tra-> Loss:0.245,Oa:0.993,Miou:0.974, time:4.0s
Ep45: tra-> Loss:0.229,Oa:0.994,Miou:0.981, val-> Loss:0.373,Oa:0.990,Miou:0.954,MiouEMA:0.9536, lr:1.00e-04,time:8.5s
Ep46: tra-> Loss:0.252,Oa:0.994,Miou:0.976, time:4.4s
Ep47: tra-> Loss:0.223,Oa:0.995,Miou:0.977, val-> Loss:0.381,Oa:0.990,Miou:0.954,MiouEMA:0.9540, lr:1.00e-04,time:8.8s
  >> saved RAW ckpt, val miou 0.9540
Ep48: tra-> Loss:0.199,Oa:0.995,Miou:0.980, time:4.4s
Ep49: tra-> Loss:0.216,Oa:0.995,Miou:0.980, val-> Loss:0.376,Oa:0.990,Miou:0.953,MiouEMA:0.9540, lr:1.00e-04,time:8.6s
Ep50: tra-> Loss:0.201,Oa:0.996,Miou:0.981, time:4.9s
Ep51: tra-> Loss:0.239,Oa:0.995,Miou:0.979, val-> Loss:0.389,Oa:0.990,Miou:0.952,MiouEMA:0.9538, lr:1.00e-04,time:8.2s
Ep52: tra-> Loss:0.223,Oa:0.995,Miou:0.982, time:3.6s
Ep53: tra-> Loss:0.209,Oa:0.994,Miou:0.980, val-> Loss:0.391,Oa:0.990,Miou:0.952,MiouEMA:0.9535, lr:1.00e-04,time:9.3s
Ep54: tra-> Loss:0.224,Oa:0.994,Miou:0.977, time:3.8s
Ep55: tra-> Loss:0.200,Oa:0.996,Miou:0.985, val-> Loss:0.376,Oa:0.990,Miou:0.953,MiouEMA:0.9536, lr:1.00e-04,time:8.2s
Ep56: tra-> Loss:0.240,Oa:0.995,Miou:0.979, time:4.1s
Ep57: tra-> Loss:0.246,Oa:0.994,Miou:0.978, val-> Loss:0.375,Oa:0.990,Miou:0.954,MiouEMA:0.9537, lr:1.00e-04,time:8.1s
Ep58: tra-> Loss:0.215,Oa:0.995,Miou:0.979, time:4.2s
Ep59: tra-> Loss:0.222,Oa:0.996,Miou:0.979, val-> Loss:0.380,Oa:0.990,Miou:0.953,MiouEMA:0.9538, lr:1.00e-04,time:8.7s
Ep60: tra-> Loss:0.190,Oa:0.994,Miou:0.979, time:4.3s
Ep61: tra-> Loss:0.216,Oa:0.995,Miou:0.982, val-> Loss:0.368,Oa:0.990,Miou:0.954,MiouEMA:0.9539, lr:1.00e-04,time:8.8s
Ep62: tra-> Loss:0.374,Oa:0.995,Miou:0.978, time:4.8s
Ep63: tra-> Loss:0.228,Oa:0.995,Miou:0.979, val-> Loss:0.374,Oa:0.989,Miou:0.949,MiouEMA:0.9539, lr:1.00e-04,time:8.6s
Ep64: tra-> Loss:0.248,Oa:0.995,Miou:0.977, time:4.2s
Ep65: tra-> Loss:0.223,Oa:0.994,Miou:0.977, val-> Loss:0.373,Oa:0.990,Miou:0.951,MiouEMA:0.9536, lr:1.00e-04,time:8.0s
Ep66: tra-> Loss:0.282,Oa:0.993,Miou:0.971, time:3.8s
Ep67: tra-> Loss:0.212,Oa:0.994,Miou:0.980, val-> Loss:0.375,Oa:0.990,Miou:0.953,MiouEMA:0.9534, lr:1.00e-04,time:8.4s
Ep68: tra-> Loss:0.280,Oa:0.993,Miou:0.968, time:4.1s
Ep69: tra-> Loss:0.228,Oa:0.996,Miou:0.982, val-> Loss:0.386,Oa:0.990,Miou:0.952,MiouEMA:0.9534, lr:1.00e-04,time:8.6s
Ep70: tra-> Loss:0.238,Oa:0.995,Miou:0.983, time:4.1s
Ep71: tra-> Loss:0.214,Oa:0.994,Miou:0.977, val-> Loss:0.368,Oa:0.990,Miou:0.954,MiouEMA:0.9534, lr:1.00e-04,time:8.7s
Ep72: tra-> Loss:0.220,Oa:0.995,Miou:0.980, time:3.7s
Ep73: tra-> Loss:0.232,Oa:0.995,Miou:0.976, val-> Loss:0.361,Oa:0.990,Miou:0.953,MiouEMA:0.9535, lr:1.00e-04,time:9.1s
Ep74: tra-> Loss:0.272,Oa:0.995,Miou:0.969, time:3.7s
Ep75: tra-> Loss:0.219,Oa:0.994,Miou:0.977, val-> Loss:0.374,Oa:0.990,Miou:0.953,MiouEMA:0.9535, lr:1.00e-04,time:8.2s
Ep76: tra-> Loss:0.204,Oa:0.995,Miou:0.981, time:3.7s
Ep77: tra-> Loss:0.249,Oa:0.995,Miou:0.980, val-> Loss:0.370,Oa:0.990,Miou:0.954,MiouEMA:0.9537, lr:1.00e-04,time:8.8s
  >> saved RAW ckpt, val miou 0.9543
Ep78: tra-> Loss:0.261,Oa:0.995,Miou:0.979, time:3.7s
Ep79: tra-> Loss:0.209,Oa:0.994,Miou:0.977, val-> Loss:0.383,Oa:0.990,Miou:0.952,MiouEMA:0.9539, lr:1.00e-04,time:8.1s
Ep80: tra-> Loss:0.192,Oa:0.996,Miou:0.984, time:3.7s
Ep81: tra-> Loss:0.217,Oa:0.994,Miou:0.971, val-> Loss:0.381,Oa:0.990,Miou:0.954,MiouEMA:0.9540, lr:1.00e-04,time:8.2s
Ep82: tra-> Loss:0.196,Oa:0.996,Miou:0.984, time:4.3s
Ep83: tra-> Loss:0.209,Oa:0.994,Miou:0.977, val-> Loss:0.380,Oa:0.990,Miou:0.953,MiouEMA:0.9541, lr:1.00e-04,time:8.5s
Ep84: tra-> Loss:0.242,Oa:0.994,Miou:0.974, time:3.7s
Ep85: tra-> Loss:0.274,Oa:0.995,Miou:0.975, val-> Loss:0.370,Oa:0.990,Miou:0.954,MiouEMA:0.9542, lr:1.00e-04,time:9.0s
Ep86: tra-> Loss:0.225,Oa:0.995,Miou:0.982, time:4.4s
Ep87: tra-> Loss:0.241,Oa:0.995,Miou:0.978, val-> Loss:0.375,Oa:0.990,Miou:0.954,MiouEMA:0.9543, lr:1.00e-04,time:8.7s
Ep88: tra-> Loss:0.213,Oa:0.995,Miou:0.977, time:3.8s
Ep89: tra-> Loss:0.250,Oa:0.994,Miou:0.972, val-> Loss:0.374,Oa:0.990,Miou:0.953,MiouEMA:0.9542, lr:1.00e-04,time:8.4s
Ep90: tra-> Loss:0.243,Oa:0.994,Miou:0.976, time:4.3s
Ep91: tra-> Loss:0.233,Oa:0.995,Miou:0.979, val-> Loss:0.377,Oa:0.990,Miou:0.954,MiouEMA:0.9541, lr:1.00e-04,time:8.3s
Ep92: tra-> Loss:0.199,Oa:0.994,Miou:0.979, time:4.3s
Ep93: tra-> Loss:0.219,Oa:0.996,Miou:0.986, val-> Loss:0.381,Oa:0.990,Miou:0.954,MiouEMA:0.9542, lr:1.00e-04,time:9.1s
Ep94: tra-> Loss:0.220,Oa:0.995,Miou:0.977, time:4.3s
Ep95: tra-> Loss:0.208,Oa:0.996,Miou:0.983, val-> Loss:0.385,Oa:0.990,Miou:0.953,MiouEMA:0.9542, lr:1.00e-04,time:8.7s
Ep96: tra-> Loss:0.181,Oa:0.996,Miou:0.985, time:3.9s
Ep97: tra-> Loss:0.193,Oa:0.995,Miou:0.983, val-> Loss:0.383,Oa:0.990,Miou:0.953,MiouEMA:0.9541, lr:1.00e-04,time:8.0s
Ep98: tra-> Loss:0.233,Oa:0.994,Miou:0.981, time:5.0s
Ep99: tra-> Loss:0.231,Oa:0.993,Miou:0.978, val-> Loss:0.414,Oa:0.990,Miou:0.954,MiouEMA:0.9542, lr:1.00e-04,time:8.6s
Ep100: tra-> Loss:0.222,Oa:0.996,Miou:0.984, time:3.7s
Ep101: tra-> Loss:0.220,Oa:0.995,Miou:0.984, val-> Loss:0.395,Oa:0.990,Miou:0.954,MiouEMA:0.9542, lr:1.00e-04,time:9.0s
Ep102: tra-> Loss:0.259,Oa:0.994,Miou:0.976, time:4.2s
Ep103: tra-> Loss:0.238,Oa:0.994,Miou:0.971, val-> Loss:0.398,Oa:0.990,Miou:0.954,MiouEMA:0.9542, lr:1.00e-04,time:8.0s
Ep104: tra-> Loss:0.225,Oa:0.995,Miou:0.980, time:4.3s
Ep105: tra-> Loss:0.245,Oa:0.994,Miou:0.978, val-> Loss:0.387,Oa:0.990,Miou:0.954,MiouEMA:0.9542, lr:1.00e-04,time:8.5s
Ep106: tra-> Loss:0.268,Oa:0.995,Miou:0.977, time:3.9s
Ep107: tra-> Loss:0.232,Oa:0.995,Miou:0.978, val-> Loss:0.369,Oa:0.990,Miou:0.954,MiouEMA:0.9544, lr:1.00e-04,time:8.0s
  >> saved RAW ckpt, val miou 0.9544
Ep108: tra-> Loss:0.212,Oa:0.996,Miou:0.980, time:4.8s
Ep109: tra-> Loss:0.232,Oa:0.994,Miou:0.977, val-> Loss:0.394,Oa:0.990,Miou:0.953,MiouEMA:0.9544, lr:1.00e-04,time:8.7s
Ep110: tra-> Loss:0.227,Oa:0.993,Miou:0.978, time:4.4s
Ep111: tra-> Loss:0.222,Oa:0.995,Miou:0.980, val-> Loss:0.389,Oa:0.990,Miou:0.954,MiouEMA:0.9544, lr:1.00e-04,time:8.6s
Ep112: tra-> Loss:0.243,Oa:0.996,Miou:0.982, time:4.8s
Ep113: tra-> Loss:0.235,Oa:0.994,Miou:0.975, val-> Loss:0.383,Oa:0.990,Miou:0.954,MiouEMA:0.9543, lr:1.00e-04,time:8.1s
Ep114: tra-> Loss:0.223,Oa:0.996,Miou:0.979, time:4.2s
Ep115: tra-> Loss:0.235,Oa:0.995,Miou:0.979, val-> Loss:0.381,Oa:0.990,Miou:0.953,MiouEMA:0.9543, lr:1.00e-04,time:8.7s
Ep116: tra-> Loss:0.248,Oa:0.993,Miou:0.977, time:3.8s
Ep117: tra-> Loss:0.250,Oa:0.995,Miou:0.979, val-> Loss:0.373,Oa:0.990,Miou:0.954,MiouEMA:0.9543, lr:1.00e-04,time:8.6s
Ep118: tra-> Loss:0.180,Oa:0.996,Miou:0.986, time:4.3s
Ep119: tra-> Loss:0.236,Oa:0.994,Miou:0.975, val-> Loss:0.383,Oa:0.990,Miou:0.954,MiouEMA:0.9543, lr:1.00e-04,time:8.4s
Ep120: tra-> Loss:0.198,Oa:0.995,Miou:0.982, time:4.3s
Ep121: tra-> Loss:0.214,Oa:0.994,Miou:0.976, val-> Loss:0.390,Oa:0.990,Miou:0.953,MiouEMA:0.9542, lr:1.00e-04,time:8.8s
Ep122: tra-> Loss:0.214,Oa:0.995,Miou:0.982, time:6.0s
Ep123: tra-> Loss:0.240,Oa:0.995,Miou:0.981, val-> Loss:0.383,Oa:0.990,Miou:0.953,MiouEMA:0.9540, lr:1.00e-04,time:9.3s
Ep124: tra-> Loss:0.189,Oa:0.995,Miou:0.981, time:3.6s
Ep125: tra-> Loss:0.187,Oa:0.994,Miou:0.982, val-> Loss:0.387,Oa:0.990,Miou:0.953,MiouEMA:0.9538, lr:1.00e-04,time:8.6s
Ep126: tra-> Loss:0.242,Oa:0.995,Miou:0.978, time:4.3s
Ep127: tra-> Loss:0.198,Oa:0.995,Miou:0.981, val-> Loss:0.378,Oa:0.990,Miou:0.953,MiouEMA:0.9537, lr:1.00e-04,time:8.1s
Ep128: tra-> Loss:0.182,Oa:0.995,Miou:0.984, time:4.0s
Ep129: tra-> Loss:0.237,Oa:0.994,Miou:0.976, val-> Loss:0.381,Oa:0.990,Miou:0.953,MiouEMA:0.9537, lr:1.00e-04,time:8.0s
Ep130: tra-> Loss:0.215,Oa:0.995,Miou:0.978, time:4.0s
Ep131: tra-> Loss:0.261,Oa:0.995,Miou:0.973, val-> Loss:0.387,Oa:0.990,Miou:0.953,MiouEMA:0.9536, lr:1.00e-04,time:8.0s
Ep132: tra-> Loss:0.230,Oa:0.995,Miou:0.981, time:5.0s
Ep133: tra-> Loss:0.207,Oa:0.994,Miou:0.983, val-> Loss:0.375,Oa:0.990,Miou:0.953,MiouEMA:0.9536, lr:1.00e-04,time:9.1s
Ep134: tra-> Loss:0.223,Oa:0.994,Miou:0.976, time:5.0s
Ep135: tra-> Loss:0.201,Oa:0.995,Miou:0.982, val-> Loss:0.370,Oa:0.990,Miou:0.953,MiouEMA:0.9535, lr:1.00e-04,time:8.8s
Ep136: tra-> Loss:0.206,Oa:0.995,Miou:0.979, time:4.4s
Ep137: tra-> Loss:0.237,Oa:0.994,Miou:0.979, val-> Loss:0.369,Oa:0.990,Miou:0.952,MiouEMA:0.9534, lr:1.00e-04,time:8.3s
Ep138: tra-> Loss:0.227,Oa:0.994,Miou:0.976, time:4.9s
Ep139: tra-> Loss:0.209,Oa:0.995,Miou:0.981, val-> Loss:0.378,Oa:0.990,Miou:0.952,MiouEMA:0.9533, lr:1.00e-04,time:8.6s
Ep140: tra-> Loss:0.232,Oa:0.994,Miou:0.977, time:4.1s
Ep141: tra-> Loss:0.265,Oa:0.995,Miou:0.976, val-> Loss:0.374,Oa:0.990,Miou:0.952,MiouEMA:0.9533, lr:1.00e-04,time:9.3s
Ep142: tra-> Loss:0.242,Oa:0.993,Miou:0.970, time:4.8s
Ep143: tra-> Loss:0.236,Oa:0.994,Miou:0.973, val-> Loss:0.384,Oa:0.990,Miou:0.951,MiouEMA:0.9531, lr:1.00e-04,time:8.0s
Ep144: tra-> Loss:0.251,Oa:0.994,Miou:0.975, time:4.5s
Ep145: tra-> Loss:0.262,Oa:0.995,Miou:0.978, val-> Loss:0.380,Oa:0.990,Miou:0.953,MiouEMA:0.9531, lr:1.00e-04,time:8.2s
Ep146: tra-> Loss:0.243,Oa:0.995,Miou:0.976, time:4.4s
Ep147: tra-> Loss:0.300,Oa:0.995,Miou:0.977, val-> Loss:0.364,Oa:0.990,Miou:0.953,MiouEMA:0.9531, lr:1.00e-04,time:8.2s
Ep148: tra-> Loss:0.285,Oa:0.993,Miou:0.970, time:4.2s
Ep149: tra-> Loss:0.238,Oa:0.995,Miou:0.983, val-> Loss:0.378,Oa:0.990,Miou:0.950,MiouEMA:0.9530, lr:1.00e-04,time:8.3s
Ep150: tra-> Loss:0.240,Oa:0.994,Miou:0.979, time:4.4s
Ep151: tra-> Loss:0.287,Oa:0.995,Miou:0.979, val-> Loss:0.380,Oa:0.990,Miou:0.951,MiouEMA:0.9529, lr:1.00e-04,time:8.5s
Ep152: tra-> Loss:0.238,Oa:0.995,Miou:0.980, time:4.1s
Ep153: tra-> Loss:0.201,Oa:0.995,Miou:0.981, val-> Loss:0.401,Oa:0.990,Miou:0.951,MiouEMA:0.9529, lr:1.00e-04,time:9.2s
Ep154: tra-> Loss:0.224,Oa:0.996,Miou:0.982, time:3.7s
Ep155: tra-> Loss:0.217,Oa:0.995,Miou:0.981, val-> Loss:0.386,Oa:0.990,Miou:0.952,MiouEMA:0.9530, lr:1.00e-04,time:8.1s
Ep156: tra-> Loss:0.257,Oa:0.994,Miou:0.975, time:5.0s
Ep157: tra-> Loss:0.200,Oa:0.995,Miou:0.980, val-> Loss:0.376,Oa:0.990,Miou:0.953,MiouEMA:0.9531, lr:1.00e-04,time:8.6s
Ep158: tra-> Loss:0.208,Oa:0.994,Miou:0.980, time:4.3s
Ep159: tra-> Loss:0.255,Oa:0.995,Miou:0.979, val-> Loss:0.379,Oa:0.990,Miou:0.952,MiouEMA:0.9530, lr:1.00e-04,time:9.2s
Ep160: tra-> Loss:0.215,Oa:0.995,Miou:0.978, time:4.5s
Ep161: tra-> Loss:0.198,Oa:0.995,Miou:0.979, val-> Loss:0.396,Oa:0.990,Miou:0.952,MiouEMA:0.9529, lr:1.00e-04,time:8.1s
Ep162: tra-> Loss:0.212,Oa:0.995,Miou:0.980, time:4.8s
Ep163: tra-> Loss:0.244,Oa:0.994,Miou:0.973, val-> Loss:0.392,Oa:0.990,Miou:0.952,MiouEMA:0.9529, lr:1.00e-04,time:9.3s
Ep164: tra-> Loss:0.194,Oa:0.995,Miou:0.979, time:3.8s
Ep165: tra-> Loss:0.220,Oa:0.994,Miou:0.979, val-> Loss:0.384,Oa:0.990,Miou:0.952,MiouEMA:0.9529, lr:1.00e-04,time:7.9s
Ep166: tra-> Loss:0.225,Oa:0.996,Miou:0.982, time:4.0s
Ep167: tra-> Loss:0.223,Oa:0.995,Miou:0.978, val-> Loss:0.393,Oa:0.990,Miou:0.951,MiouEMA:0.9529, lr:1.00e-04,time:8.1s
Ep168: tra-> Loss:0.204,Oa:0.996,Miou:0.982, time:3.8s
Ep169: tra-> Loss:0.234,Oa:0.995,Miou:0.980, val-> Loss:0.387,Oa:0.990,Miou:0.952,MiouEMA:0.9528, lr:1.00e-04,time:8.6s
Ep170: tra-> Loss:0.206,Oa:0.995,Miou:0.984, time:4.1s
Ep171: tra-> Loss:0.233,Oa:0.995,Miou:0.981, val-> Loss:0.371,Oa:0.990,Miou:0.953,MiouEMA:0.9529, lr:1.00e-04,time:8.7s
Ep172: tra-> Loss:0.223,Oa:0.995,Miou:0.984, time:4.9s
Ep173: tra-> Loss:0.217,Oa:0.994,Miou:0.979, val-> Loss:0.372,Oa:0.990,Miou:0.953,MiouEMA:0.9530, lr:1.00e-04,time:8.7s
Ep174: tra-> Loss:0.208,Oa:0.996,Miou:0.981, time:4.2s
Ep175: tra-> Loss:0.228,Oa:0.995,Miou:0.980, val-> Loss:0.371,Oa:0.990,Miou:0.953,MiouEMA:0.9530, lr:1.00e-04,time:8.3s
Ep176: tra-> Loss:0.231,Oa:0.995,Miou:0.980, time:4.0s
Ep177: tra-> Loss:0.204,Oa:0.994,Miou:0.976, val-> Loss:0.368,Oa:0.990,Miou:0.953,MiouEMA:0.9530, lr:1.00e-04,time:8.3s
Ep178: tra-> Loss:0.212,Oa:0.994,Miou:0.980, time:3.7s
Ep179: tra-> Loss:0.202,Oa:0.995,Miou:0.981, val-> Loss:0.368,Oa:0.990,Miou:0.952,MiouEMA:0.9530, lr:1.00e-04,time:8.0s
Ep180: tra-> Loss:0.244,Oa:0.994,Miou:0.972, time:5.0s
Ep181: tra-> Loss:0.207,Oa:0.994,Miou:0.979, val-> Loss:0.369,Oa:0.990,Miou:0.953,MiouEMA:0.9531, lr:1.00e-04,time:8.7s
Ep182: tra-> Loss:0.347,Oa:0.995,Miou:0.981, time:4.3s
Ep183: tra-> Loss:0.217,Oa:0.995,Miou:0.972, val-> Loss:0.380,Oa:0.989,Miou:0.949,MiouEMA:0.9531, lr:1.00e-04,time:8.6s
Ep184: tra-> Loss:0.249,Oa:0.994,Miou:0.975, time:4.4s
Ep185: tra-> Loss:0.214,Oa:0.994,Miou:0.976, val-> Loss:0.378,Oa:0.990,Miou:0.952,MiouEMA:0.9530, lr:1.00e-04,time:8.8s
Ep186: tra-> Loss:0.206,Oa:0.995,Miou:0.981, time:4.8s
Ep187: tra-> Loss:0.231,Oa:0.994,Miou:0.977, val-> Loss:0.372,Oa:0.990,Miou:0.953,MiouEMA:0.9531, lr:1.00e-04,time:9.1s
Ep188: tra-> Loss:0.247,Oa:0.993,Miou:0.974, time:4.2s
Ep189: tra-> Loss:0.238,Oa:0.995,Miou:0.978, val-> Loss:0.531,Oa:0.982,Miou:0.916,MiouEMA:0.9532, lr:1.00e-04,time:9.4s
Ep190: tra-> Loss:0.215,Oa:0.995,Miou:0.980, time:5.0s
Ep191: tra-> Loss:0.231,Oa:0.994,Miou:0.980, val-> Loss:0.719,Oa:0.973,Miou:0.881,MiouEMA:0.9532, lr:1.00e-04,time:9.1s
Ep192: tra-> Loss:0.206,Oa:0.995,Miou:0.976, time:4.3s
Ep193: tra-> Loss:0.217,Oa:0.995,Miou:0.977, val-> Loss:0.448,Oa:0.988,Miou:0.942,MiouEMA:0.9533, lr:1.00e-04,time:9.9s
Ep194: tra-> Loss:0.454,Oa:0.994,Miou:0.975, time:4.2s
Ep195: tra-> Loss:0.237,Oa:0.994,Miou:0.978, val-> Loss:0.520,Oa:0.990,Miou:0.951,MiouEMA:0.9533, lr:1.00e-04,time:8.2s
Ep196: tra-> Loss:0.274,Oa:0.993,Miou:0.973, time:4.4s
Ep197: tra-> Loss:0.302,Oa:0.994,Miou:0.974, val-> Loss:0.433,Oa:0.990,Miou:0.952,MiouEMA:0.9532, lr:1.00e-04,time:9.2s
Ep198: tra-> Loss:0.271,Oa:0.994,Miou:0.975, time:5.5s
Ep199: tra-> Loss:0.217,Oa:0.995,Miou:0.979, val-> Loss:0.391,Oa:0.990,Miou:0.953,MiouEMA:0.9532, lr:1.00e-04,time:8.9s
Ep200: tra-> Loss:0.270,Oa:0.995,Miou:0.977, time:4.4s
Ep201: tra-> Loss:0.235,Oa:0.995,Miou:0.979, val-> Loss:0.384,Oa:0.990,Miou:0.953,MiouEMA:0.9532, lr:1.00e-04,time:9.2s
Ep202: tra-> Loss:0.243,Oa:0.994,Miou:0.974, time:4.4s
Ep203: tra-> Loss:0.237,Oa:0.994,Miou:0.978, val-> Loss:0.375,Oa:0.990,Miou:0.953,MiouEMA:0.9533, lr:1.00e-04,time:8.6s
Ep204: tra-> Loss:0.215,Oa:0.996,Miou:0.982, time:4.9s
Ep205: tra-> Loss:0.248,Oa:0.994,Miou:0.978, val-> Loss:0.397,Oa:0.990,Miou:0.952,MiouEMA:0.9533, lr:1.00e-04,time:9.4s
Ep206: tra-> Loss:0.219,Oa:0.994,Miou:0.983, time:4.4s
Ep207: tra-> Loss:0.204,Oa:0.996,Miou:0.984, val-> Loss:0.386,Oa:0.990,Miou:0.953,MiouEMA:0.9533, lr:1.00e-04,time:8.7s
Ep208: tra-> Loss:0.215,Oa:0.995,Miou:0.980, time:3.7s
Ep209: tra-> Loss:0.231,Oa:0.995,Miou:0.978, val-> Loss:0.395,Oa:0.990,Miou:0.952,MiouEMA:0.9532, lr:1.00e-04,time:8.3s
Ep210: tra-> Loss:0.203,Oa:0.995,Miou:0.984, time:5.5s
Ep211: tra-> Loss:0.256,Oa:0.995,Miou:0.976, val-> Loss:0.386,Oa:0.990,Miou:0.952,MiouEMA:0.9532, lr:1.00e-04,time:8.6s
Ep212: tra-> Loss:0.196,Oa:0.995,Miou:0.979, time:3.8s
Ep213: tra-> Loss:0.201,Oa:0.996,Miou:0.977, val-> Loss:0.386,Oa:0.990,Miou:0.951,MiouEMA:0.9531, lr:1.00e-04,time:8.1s
Ep214: tra-> Loss:0.198,Oa:0.996,Miou:0.984, time:4.4s
Ep215: tra-> Loss:0.196,Oa:0.994,Miou:0.979, val-> Loss:0.392,Oa:0.990,Miou:0.952,MiouEMA:0.9531, lr:1.00e-04,time:8.3s
Ep216: tra-> Loss:0.237,Oa:0.994,Miou:0.977, time:3.8s
Ep217: tra-> Loss:0.198,Oa:0.996,Miou:0.984, val-> Loss:0.399,Oa:0.990,Miou:0.951,MiouEMA:0.9530, lr:1.00e-04,time:8.5s
Ep218: tra-> Loss:0.244,Oa:0.994,Miou:0.978, time:4.9s
Ep219: tra-> Loss:0.255,Oa:0.995,Miou:0.975, val-> Loss:0.382,Oa:0.990,Miou:0.953,MiouEMA:0.9530, lr:1.00e-04,time:8.6s
Ep220: tra-> Loss:0.187,Oa:0.997,Miou:0.985, time:4.0s
Ep221: tra-> Loss:0.232,Oa:0.995,Miou:0.974, val-> Loss:0.367,Oa:0.990,Miou:0.953,MiouEMA:0.9530, lr:1.00e-04,time:8.7s
Ep222: tra-> Loss:0.217,Oa:0.995,Miou:0.980, time:4.2s
Ep223: tra-> Loss:0.217,Oa:0.995,Miou:0.983, val-> Loss:0.370,Oa:0.990,Miou:0.953,MiouEMA:0.9531, lr:1.00e-04,time:8.4s
Ep224: tra-> Loss:0.209,Oa:0.996,Miou:0.981, time:4.5s
Ep225: tra-> Loss:0.203,Oa:0.996,Miou:0.984, val-> Loss:0.385,Oa:0.990,Miou:0.952,MiouEMA:0.9531, lr:1.00e-04,time:8.2s
Ep226: tra-> Loss:0.210,Oa:0.996,Miou:0.983, time:3.6s
Ep227: tra-> Loss:0.232,Oa:0.996,Miou:0.984, val-> Loss:0.388,Oa:0.990,Miou:0.952,MiouEMA:0.9531, lr:1.00e-04,time:8.1s
Ep228: tra-> Loss:0.238,Oa:0.996,Miou:0.976, time:3.6s
Ep229: tra-> Loss:0.289,Oa:0.994,Miou:0.976, val-> Loss:0.401,Oa:0.990,Miou:0.951,MiouEMA:0.9530, lr:1.00e-04,time:8.2s
Ep230: tra-> Loss:0.248,Oa:0.994,Miou:0.974, time:4.1s
Ep231: tra-> Loss:0.229,Oa:0.995,Miou:0.977, val-> Loss:0.400,Oa:0.990,Miou:0.950,MiouEMA:0.9530, lr:1.00e-04,time:8.0s
Ep232: tra-> Loss:0.209,Oa:0.995,Miou:0.981, time:5.5s
Ep233: tra-> Loss:0.207,Oa:0.994,Miou:0.979, val-> Loss:0.393,Oa:0.990,Miou:0.952,MiouEMA:0.9530, lr:1.00e-04,time:8.7s
Ep234: tra-> Loss:0.208,Oa:0.995,Miou:0.982, time:3.9s
Ep235: tra-> Loss:0.281,Oa:0.994,Miou:0.974, val-> Loss:0.389,Oa:0.990,Miou:0.952,MiouEMA:0.9530, lr:1.00e-04,time:9.9s
Ep236: tra-> Loss:0.232,Oa:0.994,Miou:0.978, time:4.1s
Ep237: tra-> Loss:0.298,Oa:0.995,Miou:0.975, val-> Loss:0.374,Oa:0.990,Miou:0.953,MiouEMA:0.9530, lr:1.00e-04,time:8.5s
Ep238: tra-> Loss:0.248,Oa:0.995,Miou:0.975, time:4.3s
Ep239: tra-> Loss:0.261,Oa:0.994,Miou:0.974, val-> Loss:0.366,Oa:0.990,Miou:0.954,MiouEMA:0.9531, lr:1.00e-04,time:8.3s
Ep240: tra-> Loss:0.272,Oa:0.995,Miou:0.977, time:4.7s
Ep241: tra-> Loss:0.230,Oa:0.994,Miou:0.981, val-> Loss:0.366,Oa:0.990,Miou:0.953,MiouEMA:0.9532, lr:1.00e-04,time:8.8s
Ep242: tra-> Loss:0.413,Oa:0.995,Miou:0.980, time:4.4s
Ep243: tra-> Loss:0.216,Oa:0.995,Miou:0.981, val-> Loss:0.467,Oa:0.983,Miou:0.917,MiouEMA:0.9532, lr:1.00e-04,time:8.1s
Ep244: tra-> Loss:0.297,Oa:0.988,Miou:0.955, time:4.3s
Ep245: tra-> Loss:0.307,Oa:0.992,Miou:0.961, val-> Loss:0.450,Oa:0.986,Miou:0.936,MiouEMA:0.9531, lr:1.00e-04,time:8.7s
Ep246: tra-> Loss:0.247,Oa:0.993,Miou:0.972, time:4.7s
Ep247: tra-> Loss:0.206,Oa:0.994,Miou:0.980, val-> Loss:0.398,Oa:0.989,Miou:0.950,MiouEMA:0.9530, lr:1.00e-04,time:8.6s
Ep248: tra-> Loss:0.231,Oa:0.994,Miou:0.975, time:4.3s
Ep249: tra-> Loss:0.287,Oa:0.992,Miou:0.964, val-> Loss:0.415,Oa:0.990,Miou:0.951,MiouEMA:0.9529, lr:1.00e-04,time:8.0s
Ep250: tra-> Loss:0.239,Oa:0.995,Miou:0.976, time:4.2s
Ep251: tra-> Loss:0.244,Oa:0.995,Miou:0.979, val-> Loss:0.411,Oa:0.990,Miou:0.951,MiouEMA:0.9528, lr:1.00e-04,time:8.7s
Ep252: tra-> Loss:0.239,Oa:0.994,Miou:0.974, time:4.0s
Ep253: tra-> Loss:0.216,Oa:0.994,Miou:0.977, val-> Loss:0.403,Oa:0.990,Miou:0.952,MiouEMA:0.9528, lr:1.00e-04,time:8.5s
Ep254: tra-> Loss:0.238,Oa:0.996,Miou:0.978, time:3.8s
Ep255: tra-> Loss:0.195,Oa:0.995,Miou:0.982, val-> Loss:0.396,Oa:0.990,Miou:0.951,MiouEMA:0.9528, lr:1.00e-04,time:8.2s
Ep256: tra-> Loss:0.220,Oa:0.993,Miou:0.976, time:4.3s
Ep257: tra-> Loss:0.193,Oa:0.994,Miou:0.979, val-> Loss:0.398,Oa:0.990,Miou:0.952,MiouEMA:0.9528, lr:1.00e-04,time:9.2s
Ep258: tra-> Loss:0.204,Oa:0.995,Miou:0.980, time:3.6s
Ep259: tra-> Loss:0.203,Oa:0.995,Miou:0.982, val-> Loss:0.411,Oa:0.990,Miou:0.950,MiouEMA:0.9527, lr:1.00e-04,time:9.4s
Ep260: tra-> Loss:0.197,Oa:0.994,Miou:0.981, time:3.9s
Ep261: tra-> Loss:0.228,Oa:0.995,Miou:0.977, val-> Loss:0.398,Oa:0.990,Miou:0.951,MiouEMA:0.9526, lr:1.00e-04,time:8.1s
Ep262: tra-> Loss:0.214,Oa:0.994,Miou:0.979, time:4.2s
Ep263: tra-> Loss:0.202,Oa:0.994,Miou:0.976, val-> Loss:0.395,Oa:0.990,Miou:0.951,MiouEMA:0.9525, lr:1.00e-04,time:8.6s
Ep264: tra-> Loss:0.241,Oa:0.995,Miou:0.975, time:4.8s
Ep265: tra-> Loss:0.226,Oa:0.995,Miou:0.980, val-> Loss:0.393,Oa:0.990,Miou:0.950,MiouEMA:0.9525, lr:1.00e-04,time:8.4s
Ep266: tra-> Loss:0.199,Oa:0.995,Miou:0.983, time:4.2s
Ep267: tra-> Loss:0.234,Oa:0.995,Miou:0.979, val-> Loss:0.391,Oa:0.990,Miou:0.952,MiouEMA:0.9525, lr:1.00e-04,time:8.7s
Ep268: tra-> Loss:0.217,Oa:0.995,Miou:0.979, time:4.3s
Ep269: tra-> Loss:0.224,Oa:0.994,Miou:0.978, val-> Loss:0.410,Oa:0.990,Miou:0.950,MiouEMA:0.9524, lr:1.00e-04,time:8.6s
Ep270: tra-> Loss:0.233,Oa:0.996,Miou:0.979, time:3.8s
Ep271: tra-> Loss:0.217,Oa:0.994,Miou:0.979, val-> Loss:0.398,Oa:0.990,Miou:0.952,MiouEMA:0.9524, lr:1.00e-04,time:8.7s
Ep272: tra-> Loss:0.225,Oa:0.995,Miou:0.976, time:4.3s
Ep273: tra-> Loss:0.192,Oa:0.995,Miou:0.982, val-> Loss:0.388,Oa:0.990,Miou:0.952,MiouEMA:0.9524, lr:1.00e-04,time:8.0s
Ep274: tra-> Loss:0.275,Oa:0.994,Miou:0.975, time:4.1s
Ep275: tra-> Loss:0.221,Oa:0.995,Miou:0.980, val-> Loss:0.390,Oa:0.990,Miou:0.952,MiouEMA:0.9524, lr:1.00e-04,time:8.3s
Ep276: tra-> Loss:0.236,Oa:0.994,Miou:0.975, time:4.8s
Ep277: tra-> Loss:0.199,Oa:0.995,Miou:0.979, val-> Loss:0.379,Oa:0.990,Miou:0.953,MiouEMA:0.9524, lr:1.00e-04,time:8.7s
Ep278: tra-> Loss:0.185,Oa:0.996,Miou:0.985, time:3.6s
Ep279: tra-> Loss:0.225,Oa:0.994,Miou:0.981, val-> Loss:0.377,Oa:0.990,Miou:0.953,MiouEMA:0.9524, lr:1.00e-04,time:9.5s
Ep280: tra-> Loss:0.230,Oa:0.994,Miou:0.976, time:3.7s
Ep281: tra-> Loss:0.198,Oa:0.996,Miou:0.983, val-> Loss:0.377,Oa:0.990,Miou:0.952,MiouEMA:0.9525, lr:1.00e-04,time:8.9s
Ep282: tra-> Loss:0.202,Oa:0.995,Miou:0.984, time:4.3s
Ep283: tra-> Loss:0.208,Oa:0.995,Miou:0.977, val-> Loss:0.379,Oa:0.990,Miou:0.952,MiouEMA:0.9525, lr:1.00e-04,time:8.4s
Ep284: tra-> Loss:0.216,Oa:0.996,Miou:0.984, time:4.4s
Ep285: tra-> Loss:0.218,Oa:0.996,Miou:0.982, val-> Loss:0.378,Oa:0.990,Miou:0.953,MiouEMA:0.9526, lr:1.00e-04,time:9.7s
Ep286: tra-> Loss:0.245,Oa:0.995,Miou:0.974, time:4.5s
Ep287: tra-> Loss:0.256,Oa:0.996,Miou:0.979, val-> Loss:0.374,Oa:0.990,Miou:0.953,MiouEMA:0.9526, lr:1.00e-04,time:8.4s
Ep288: tra-> Loss:0.249,Oa:0.996,Miou:0.980, time:5.0s
Ep289: tra-> Loss:0.214,Oa:0.996,Miou:0.980, val-> Loss:0.377,Oa:0.990,Miou:0.953,MiouEMA:0.9527, lr:1.00e-04,time:8.2s
Ep290: tra-> Loss:0.236,Oa:0.995,Miou:0.977, time:3.8s
Ep291: tra-> Loss:0.210,Oa:0.995,Miou:0.981, val-> Loss:0.390,Oa:0.990,Miou:0.952,MiouEMA:0.9527, lr:1.00e-04,time:8.3s
Ep292: tra-> Loss:0.203,Oa:0.995,Miou:0.981, time:4.5s
Ep293: tra-> Loss:0.231,Oa:0.995,Miou:0.978, val-> Loss:0.382,Oa:0.990,Miou:0.952,MiouEMA:0.9527, lr:1.00e-04,time:8.9s
Ep294: tra-> Loss:0.215,Oa:0.996,Miou:0.979, time:4.3s
Ep295: tra-> Loss:0.215,Oa:0.994,Miou:0.980, val-> Loss:0.388,Oa:0.990,Miou:0.952,MiouEMA:0.9527, lr:1.00e-04,time:8.4s
Ep296: tra-> Loss:0.216,Oa:0.995,Miou:0.977, time:3.8s
Ep297: tra-> Loss:0.203,Oa:0.995,Miou:0.979, val-> Loss:0.390,Oa:0.990,Miou:0.951,MiouEMA:0.9526, lr:1.00e-04,time:8.5s
Ep298: tra-> Loss:0.231,Oa:0.995,Miou:0.981, time:3.9s
Ep299: tra-> Loss:0.238,Oa:0.995,Miou:0.980, val-> Loss:0.391,Oa:0.990,Miou:0.951,MiouEMA:0.9526, lr:1.00e-04,time:8.1s
Ep300: tra-> Loss:0.226,Oa:0.995,Miou:0.980, time:4.0s
Ep301: tra-> Loss:0.254,Oa:0.995,Miou:0.982, val-> Loss:0.390,Oa:0.990,Miou:0.951,MiouEMA:0.9526, lr:1.00e-04,time:8.8s
Ep302: tra-> Loss:0.226,Oa:0.995,Miou:0.978, time:4.4s
Ep303: tra-> Loss:0.213,Oa:0.995,Miou:0.983, val-> Loss:0.393,Oa:0.990,Miou:0.951,MiouEMA:0.9526, lr:1.00e-04,time:8.2s
Ep304: tra-> Loss:0.239,Oa:0.995,Miou:0.981, time:3.9s
Ep305: tra-> Loss:0.228,Oa:0.994,Miou:0.974, val-> Loss:0.383,Oa:0.990,Miou:0.952,MiouEMA:0.9525, lr:1.00e-04,time:9.1s
Ep306: tra-> Loss:0.233,Oa:0.994,Miou:0.976, time:4.3s
Ep307: tra-> Loss:0.237,Oa:0.996,Miou:0.977, val-> Loss:0.402,Oa:0.990,Miou:0.951,MiouEMA:0.9525, lr:1.00e-04,time:9.2s
Ep308: tra-> Loss:0.224,Oa:0.996,Miou:0.979, time:3.8s
Ep309: tra-> Loss:0.204,Oa:0.996,Miou:0.985, val-> Loss:0.392,Oa:0.990,Miou:0.952,MiouEMA:0.9525, lr:1.00e-04,time:9.0s
Ep310: tra-> Loss:0.260,Oa:0.994,Miou:0.975, time:4.4s
Ep311: tra-> Loss:0.225,Oa:0.995,Miou:0.977, val-> Loss:0.389,Oa:0.990,Miou:0.952,MiouEMA:0.9525, lr:1.00e-04,time:8.2s
Ep312: tra-> Loss:0.222,Oa:0.995,Miou:0.978, time:4.7s
Ep313: tra-> Loss:0.216,Oa:0.995,Miou:0.983, val-> Loss:0.380,Oa:0.990,Miou:0.953,MiouEMA:0.9526, lr:1.00e-04,time:8.8s
Ep314: tra-> Loss:0.225,Oa:0.993,Miou:0.976, time:5.2s
Ep315: tra-> Loss:0.244,Oa:0.994,Miou:0.978, val-> Loss:0.378,Oa:0.990,Miou:0.953,MiouEMA:0.9526, lr:1.00e-04,time:8.4s
Ep316: tra-> Loss:0.205,Oa:0.994,Miou:0.978, time:4.3s
Ep317: tra-> Loss:0.216,Oa:0.996,Miou:0.973, val-> Loss:0.393,Oa:0.990,Miou:0.952,MiouEMA:0.9527, lr:1.00e-04,time:7.9s
Ep318: tra-> Loss:0.269,Oa:0.996,Miou:0.985, time:5.1s
Ep319: tra-> Loss:0.215,Oa:0.994,Miou:0.979, val-> Loss:0.428,Oa:0.989,Miou:0.946,MiouEMA:0.9527, lr:1.00e-04,time:8.6s
Ep320: tra-> Loss:0.232,Oa:0.995,Miou:0.982, time:5.0s
Ep321: tra-> Loss:0.203,Oa:0.995,Miou:0.979, val-> Loss:0.390,Oa:0.990,Miou:0.951,MiouEMA:0.9527, lr:1.00e-04,time:9.0s
Ep322: tra-> Loss:0.251,Oa:0.994,Miou:0.970, time:4.3s
Ep323: tra-> Loss:0.213,Oa:0.994,Miou:0.978, val-> Loss:0.371,Oa:0.990,Miou:0.953,MiouEMA:0.9529, lr:1.00e-04,time:8.5s
Ep324: tra-> Loss:0.227,Oa:0.995,Miou:0.977, time:4.8s
Ep325: tra-> Loss:0.231,Oa:0.995,Miou:0.981, val-> Loss:0.386,Oa:0.990,Miou:0.952,MiouEMA:0.9529, lr:1.00e-04,time:8.8s
Ep326: tra-> Loss:0.234,Oa:0.995,Miou:0.978, time:4.2s
Ep327: tra-> Loss:0.237,Oa:0.995,Miou:0.975, val-> Loss:0.379,Oa:0.990,Miou:0.953,MiouEMA:0.9530, lr:1.00e-04,time:8.8s
Ep328: tra-> Loss:0.221,Oa:0.994,Miou:0.973, time:4.1s
Ep329: tra-> Loss:0.248,Oa:0.994,Miou:0.981, val-> Loss:0.374,Oa:0.990,Miou:0.953,MiouEMA:0.9530, lr:1.00e-04,time:9.4s
Ep330: tra-> Loss:0.221,Oa:0.995,Miou:0.981, time:4.2s
Ep331: tra-> Loss:0.185,Oa:0.994,Miou:0.983, val-> Loss:0.390,Oa:0.990,Miou:0.952,MiouEMA:0.9530, lr:1.00e-04,time:8.6s
Ep332: tra-> Loss:0.193,Oa:0.995,Miou:0.983, time:3.8s
Ep333: tra-> Loss:0.208,Oa:0.994,Miou:0.974, val-> Loss:0.392,Oa:0.990,Miou:0.953,MiouEMA:0.9530, lr:1.00e-04,time:8.6s
Ep334: tra-> Loss:0.239,Oa:0.996,Miou:0.984, time:4.0s
Ep335: tra-> Loss:0.213,Oa:0.995,Miou:0.980, val-> Loss:0.416,Oa:0.990,Miou:0.950,MiouEMA:0.9530, lr:1.00e-04,time:9.1s
Ep336: tra-> Loss:0.260,Oa:0.994,Miou:0.972, time:4.2s
Ep337: tra-> Loss:0.226,Oa:0.994,Miou:0.978, val-> Loss:0.396,Oa:0.990,Miou:0.952,MiouEMA:0.9530, lr:1.00e-04,time:9.4s
Ep338: tra-> Loss:0.232,Oa:0.996,Miou:0.980, time:4.4s
Ep339: tra-> Loss:0.184,Oa:0.995,Miou:0.982, val-> Loss:0.398,Oa:0.990,Miou:0.952,MiouEMA:0.9530, lr:1.00e-04,time:8.2s
Ep340: tra-> Loss:0.161,Oa:0.996,Miou:0.986, time:4.1s
Ep341: tra-> Loss:0.251,Oa:0.995,Miou:0.981, val-> Loss:0.383,Oa:0.990,Miou:0.953,MiouEMA:0.9530, lr:1.00e-04,time:8.8s
Ep342: tra-> Loss:0.234,Oa:0.994,Miou:0.980, time:4.2s
Ep343: tra-> Loss:0.233,Oa:0.994,Miou:0.976, val-> Loss:0.388,Oa:0.990,Miou:0.952,MiouEMA:0.9530, lr:1.00e-04,time:9.5s
Ep344: tra-> Loss:0.192,Oa:0.994,Miou:0.980, time:4.3s
Ep345: tra-> Loss:0.207,Oa:0.994,Miou:0.979, val-> Loss:0.387,Oa:0.990,Miou:0.952,MiouEMA:0.9530, lr:1.00e-04,time:7.8s
Ep346: tra-> Loss:0.211,Oa:0.995,Miou:0.978, time:3.7s
Ep347: tra-> Loss:0.250,Oa:0.995,Miou:0.977, val-> Loss:0.392,Oa:0.990,Miou:0.953,MiouEMA:0.9530, lr:1.00e-04,time:8.7s
Ep348: tra-> Loss:0.235,Oa:0.994,Miou:0.973, time:3.9s
Ep349: tra-> Loss:0.241,Oa:0.995,Miou:0.982, val-> Loss:0.379,Oa:0.990,Miou:0.953,MiouEMA:0.9530, lr:1.00e-04,time:8.6s
Ep350: tra-> Loss:0.253,Oa:0.994,Miou:0.975, time:4.2s
Ep351: tra-> Loss:0.219,Oa:0.994,Miou:0.978, val-> Loss:0.381,Oa:0.990,Miou:0.953,MiouEMA:0.9531, lr:1.00e-04,time:8.4s
Ep352: tra-> Loss:0.213,Oa:0.994,Miou:0.979, time:4.2s
Ep353: tra-> Loss:0.237,Oa:0.994,Miou:0.977, val-> Loss:0.383,Oa:0.990,Miou:0.953,MiouEMA:0.9531, lr:1.00e-04,time:8.9s
Ep354: tra-> Loss:0.226,Oa:0.994,Miou:0.976, time:3.7s
Ep355: tra-> Loss:0.216,Oa:0.995,Miou:0.979, val-> Loss:0.381,Oa:0.990,Miou:0.953,MiouEMA:0.9531, lr:1.00e-04,time:8.5s
Ep356: tra-> Loss:0.185,Oa:0.996,Miou:0.983, time:4.9s
Ep357: tra-> Loss:0.206,Oa:0.995,Miou:0.984, val-> Loss:0.396,Oa:0.990,Miou:0.952,MiouEMA:0.9531, lr:1.00e-04,time:8.6s
Ep358: tra-> Loss:0.201,Oa:0.995,Miou:0.981, time:4.3s
Ep359: tra-> Loss:0.229,Oa:0.996,Miou:0.981, val-> Loss:0.379,Oa:0.990,Miou:0.953,MiouEMA:0.9532, lr:1.00e-04,time:8.9s
Ep360: tra-> Loss:0.231,Oa:0.995,Miou:0.979, time:5.3s
Ep361: tra-> Loss:0.219,Oa:0.994,Miou:0.981, val-> Loss:0.385,Oa:0.990,Miou:0.953,MiouEMA:0.9532, lr:1.00e-04,time:7.7s
Ep362: tra-> Loss:0.216,Oa:0.995,Miou:0.981, time:3.8s
Ep363: tra-> Loss:0.210,Oa:0.995,Miou:0.980, val-> Loss:0.377,Oa:0.990,Miou:0.953,MiouEMA:0.9532, lr:1.00e-04,time:8.7s
Ep364: tra-> Loss:0.173,Oa:0.995,Miou:0.983, time:4.1s
Ep365: tra-> Loss:0.214,Oa:0.995,Miou:0.982, val-> Loss:0.379,Oa:0.990,Miou:0.952,MiouEMA:0.9532, lr:1.00e-04,time:8.9s
Ep366: tra-> Loss:0.209,Oa:0.995,Miou:0.981, time:4.1s
Ep367: tra-> Loss:0.211,Oa:0.994,Miou:0.979, val-> Loss:0.372,Oa:0.990,Miou:0.953,MiouEMA:0.9532, lr:1.00e-04,time:8.8s
Ep368: tra-> Loss:0.235,Oa:0.995,Miou:0.979, time:4.3s
Ep369: tra-> Loss:0.219,Oa:0.996,Miou:0.984, val-> Loss:0.375,Oa:0.990,Miou:0.953,MiouEMA:0.9532, lr:1.00e-04,time:9.3s
Ep370: tra-> Loss:0.257,Oa:0.995,Miou:0.977, time:4.3s
Ep371: tra-> Loss:0.226,Oa:0.995,Miou:0.980, val-> Loss:0.381,Oa:0.990,Miou:0.953,MiouEMA:0.9532, lr:1.00e-04,time:8.1s
Ep372: tra-> Loss:0.207,Oa:0.995,Miou:0.980, time:4.3s
Ep373: tra-> Loss:0.178,Oa:0.995,Miou:0.981, val-> Loss:0.380,Oa:0.990,Miou:0.953,MiouEMA:0.9532, lr:1.00e-04,time:8.8s
Ep374: tra-> Loss:0.227,Oa:0.996,Miou:0.979, time:4.8s
Ep375: tra-> Loss:0.262,Oa:0.995,Miou:0.976, val-> Loss:0.379,Oa:0.990,Miou:0.953,MiouEMA:0.9532, lr:1.00e-04,time:8.5s
Ep376: tra-> Loss:0.225,Oa:0.994,Miou:0.979, time:3.5s
Ep377: tra-> Loss:0.218,Oa:0.994,Miou:0.981, val-> Loss:0.386,Oa:0.990,Miou:0.952,MiouEMA:0.9532, lr:1.00e-04,time:8.2s
Ep378: tra-> Loss:0.228,Oa:0.995,Miou:0.980, time:5.0s
Ep379: tra-> Loss:0.187,Oa:0.996,Miou:0.983, val-> Loss:0.383,Oa:0.990,Miou:0.953,MiouEMA:0.9532, lr:1.00e-04,time:8.1s
Ep380: tra-> Loss:0.216,Oa:0.994,Miou:0.981, time:4.3s
Ep381: tra-> Loss:0.214,Oa:0.995,Miou:0.977, val-> Loss:0.380,Oa:0.990,Miou:0.953,MiouEMA:0.9532, lr:1.00e-04,time:8.4s
Ep382: tra-> Loss:0.213,Oa:0.995,Miou:0.983, time:5.0s
Ep383: tra-> Loss:0.240,Oa:0.995,Miou:0.975, val-> Loss:0.373,Oa:0.990,Miou:0.953,MiouEMA:0.9532, lr:1.00e-04,time:9.2s
Ep384: tra-> Loss:0.227,Oa:0.995,Miou:0.979, time:4.3s
Ep385: tra-> Loss:0.186,Oa:0.996,Miou:0.981, val-> Loss:0.370,Oa:0.990,Miou:0.953,MiouEMA:0.9532, lr:1.00e-04,time:8.4s
Ep386: tra-> Loss:0.241,Oa:0.994,Miou:0.974, time:5.0s
Ep387: tra-> Loss:0.190,Oa:0.996,Miou:0.984, val-> Loss:0.375,Oa:0.990,Miou:0.953,MiouEMA:0.9532, lr:1.00e-04,time:8.7s
Ep388: tra-> Loss:0.217,Oa:0.993,Miou:0.974, time:4.4s
Ep389: tra-> Loss:0.244,Oa:0.995,Miou:0.977, val-> Loss:0.382,Oa:0.990,Miou:0.953,MiouEMA:0.9532, lr:1.00e-04,time:9.4s
Ep390: tra-> Loss:0.194,Oa:0.996,Miou:0.980, time:4.4s
Ep391: tra-> Loss:0.211,Oa:0.995,Miou:0.977, val-> Loss:0.372,Oa:0.990,Miou:0.953,MiouEMA:0.9532, lr:1.00e-04,time:8.5s
Ep392: tra-> Loss:0.230,Oa:0.995,Miou:0.977, time:4.1s
Ep393: tra-> Loss:0.209,Oa:0.994,Miou:0.977, val-> Loss:0.369,Oa:0.990,Miou:0.953,MiouEMA:0.9532, lr:1.00e-04,time:9.9s
Ep394: tra-> Loss:0.254,Oa:0.995,Miou:0.975, time:3.8s
Ep395: tra-> Loss:0.213,Oa:0.995,Miou:0.976, val-> Loss:0.379,Oa:0.990,Miou:0.952,MiouEMA:0.9532, lr:1.00e-04,time:8.4s
Ep396: tra-> Loss:0.250,Oa:0.995,Miou:0.973, time:3.6s
Ep397: tra-> Loss:0.209,Oa:0.994,Miou:0.978, val-> Loss:0.391,Oa:0.990,Miou:0.952,MiouEMA:0.9532, lr:1.00e-04,time:8.2s
Ep398: tra-> Loss:0.212,Oa:0.994,Miou:0.978, time:4.5s
Ep399: tra-> Loss:0.247,Oa:0.995,Miou:0.979, val-> Loss:0.376,Oa:0.990,Miou:0.953,MiouEMA:0.9533, lr:1.00e-04,time:8.0s
Ep400: tra-> Loss:0.236,Oa:0.993,Miou:0.975, time:3.9s
Ep401: tra-> Loss:0.222,Oa:0.995,Miou:0.982, val-> Loss:0.362,Oa:0.990,Miou:0.954,MiouEMA:0.9534, lr:1.00e-04,time:8.4s
Ep402: tra-> Loss:0.218,Oa:0.994,Miou:0.981, time:5.5s
Ep403: tra-> Loss:0.197,Oa:0.996,Miou:0.985, val-> Loss:0.367,Oa:0.990,Miou:0.954,MiouEMA:0.9534, lr:1.00e-04,time:7.8s
Ep404: tra-> Loss:0.186,Oa:0.995,Miou:0.982, time:4.3s
Ep405: tra-> Loss:0.201,Oa:0.995,Miou:0.983, val-> Loss:0.375,Oa:0.990,Miou:0.953,MiouEMA:0.9535, lr:1.00e-04,time:9.1s
Ep406: tra-> Loss:0.220,Oa:0.995,Miou:0.979, time:3.8s
Ep407: tra-> Loss:0.227,Oa:0.995,Miou:0.981, val-> Loss:0.367,Oa:0.990,Miou:0.954,MiouEMA:0.9535, lr:1.00e-04,time:9.0s
Ep408: tra-> Loss:0.231,Oa:0.995,Miou:0.979, time:4.1s
Ep409: tra-> Loss:0.200,Oa:0.995,Miou:0.983, val-> Loss:0.372,Oa:0.990,Miou:0.953,MiouEMA:0.9536, lr:1.00e-04,time:8.6s
Ep410: tra-> Loss:0.212,Oa:0.995,Miou:0.982, time:4.3s
Ep411: tra-> Loss:0.212,Oa:0.995,Miou:0.982, val-> Loss:0.371,Oa:0.990,Miou:0.953,MiouEMA:0.9536, lr:1.00e-04,time:8.2s
Ep412: tra-> Loss:0.213,Oa:0.995,Miou:0.979, time:3.9s
Ep413: tra-> Loss:0.258,Oa:0.995,Miou:0.980, val-> Loss:0.375,Oa:0.990,Miou:0.954,MiouEMA:0.9536, lr:1.00e-04,time:8.2s
Ep414: tra-> Loss:0.220,Oa:0.994,Miou:0.978, time:4.0s
Ep415: tra-> Loss:0.210,Oa:0.994,Miou:0.981, val-> Loss:0.379,Oa:0.990,Miou:0.953,MiouEMA:0.9537, lr:1.00e-04,time:8.1s
Ep416: tra-> Loss:0.213,Oa:0.996,Miou:0.982, time:4.5s
Ep417: tra-> Loss:0.225,Oa:0.995,Miou:0.980, val-> Loss:0.379,Oa:0.990,Miou:0.953,MiouEMA:0.9537, lr:1.00e-04,time:10.4s
Ep418: tra-> Loss:0.202,Oa:0.994,Miou:0.979, time:4.1s
Ep419: tra-> Loss:0.266,Oa:0.996,Miou:0.979, val-> Loss:0.378,Oa:0.990,Miou:0.953,MiouEMA:0.9537, lr:1.00e-04,time:8.3s
Ep420: tra-> Loss:0.225,Oa:0.994,Miou:0.974, time:4.3s
Ep421: tra-> Loss:0.202,Oa:0.994,Miou:0.979, val-> Loss:0.389,Oa:0.990,Miou:0.952,MiouEMA:0.9537, lr:1.00e-04,time:8.9s
Ep422: tra-> Loss:0.299,Oa:0.994,Miou:0.976, time:4.6s
Ep423: tra-> Loss:0.234,Oa:0.996,Miou:0.982, val-> Loss:0.384,Oa:0.990,Miou:0.953,MiouEMA:0.9537, lr:1.00e-04,time:8.9s
Ep424: tra-> Loss:0.202,Oa:0.995,Miou:0.981, time:4.9s
Ep425: tra-> Loss:0.219,Oa:0.995,Miou:0.974, val-> Loss:0.400,Oa:0.990,Miou:0.950,MiouEMA:0.9537, lr:1.00e-04,time:8.1s
Ep426: tra-> Loss:0.252,Oa:0.995,Miou:0.980, time:4.4s
Ep427: tra-> Loss:0.225,Oa:0.994,Miou:0.978, val-> Loss:0.385,Oa:0.990,Miou:0.953,MiouEMA:0.9537, lr:1.00e-04,time:8.6s
Ep428: tra-> Loss:0.229,Oa:0.995,Miou:0.978, time:4.8s
Ep429: tra-> Loss:0.196,Oa:0.996,Miou:0.982, val-> Loss:0.383,Oa:0.990,Miou:0.952,MiouEMA:0.9537, lr:1.00e-04,time:9.1s
Ep430: tra-> Loss:0.225,Oa:0.995,Miou:0.980, time:4.2s
Ep431: tra-> Loss:0.228,Oa:0.996,Miou:0.979, val-> Loss:0.384,Oa:0.990,Miou:0.952,MiouEMA:0.9537, lr:1.00e-04,time:8.5s
Ep432: tra-> Loss:0.237,Oa:0.994,Miou:0.982, time:4.4s
Ep433: tra-> Loss:0.216,Oa:0.993,Miou:0.977, val-> Loss:0.379,Oa:0.990,Miou:0.953,MiouEMA:0.9536, lr:1.00e-04,time:9.3s
Ep434: tra-> Loss:0.217,Oa:0.994,Miou:0.977, time:4.7s
Ep435: tra-> Loss:0.243,Oa:0.996,Miou:0.981, val-> Loss:0.376,Oa:0.990,Miou:0.953,MiouEMA:0.9536, lr:1.00e-04,time:8.1s
Ep436: tra-> Loss:0.196,Oa:0.996,Miou:0.983, time:4.2s
Ep437: tra-> Loss:0.214,Oa:0.996,Miou:0.982, val-> Loss:0.383,Oa:0.990,Miou:0.952,MiouEMA:0.9536, lr:1.00e-04,time:9.3s
Ep438: tra-> Loss:0.237,Oa:0.995,Miou:0.975, time:4.3s
Ep439: tra-> Loss:0.210,Oa:0.995,Miou:0.984, val-> Loss:0.370,Oa:0.990,Miou:0.953,MiouEMA:0.9536, lr:1.00e-04,time:8.2s
Ep440: tra-> Loss:0.205,Oa:0.994,Miou:0.979, time:4.3s
Ep441: tra-> Loss:0.204,Oa:0.995,Miou:0.984, val-> Loss:0.376,Oa:0.990,Miou:0.952,MiouEMA:0.9536, lr:1.00e-04,time:8.4s
Ep442: tra-> Loss:0.193,Oa:0.995,Miou:0.982, time:3.9s
Ep443: tra-> Loss:0.217,Oa:0.994,Miou:0.976, val-> Loss:0.409,Oa:0.990,Miou:0.950,MiouEMA:0.9535, lr:1.00e-04,time:8.4s
Ep444: tra-> Loss:0.218,Oa:0.995,Miou:0.982, time:4.2s
Ep445: tra-> Loss:0.227,Oa:0.995,Miou:0.976, val-> Loss:0.384,Oa:0.990,Miou:0.952,MiouEMA:0.9535, lr:1.00e-04,time:8.2s
Ep446: tra-> Loss:0.213,Oa:0.994,Miou:0.975, time:4.3s
Ep447: tra-> Loss:0.228,Oa:0.994,Miou:0.977, val-> Loss:0.383,Oa:0.990,Miou:0.952,MiouEMA:0.9535, lr:1.00e-04,time:9.2s
Ep448: tra-> Loss:0.197,Oa:0.995,Miou:0.980, time:3.8s
Ep449: tra-> Loss:0.235,Oa:0.994,Miou:0.982, val-> Loss:0.386,Oa:0.990,Miou:0.952,MiouEMA:0.9535, lr:1.00e-04,time:8.3s
Ep450: tra-> Loss:0.194,Oa:0.995,Miou:0.980, time:4.0s
Ep451: tra-> Loss:0.243,Oa:0.994,Miou:0.976, val-> Loss:0.384,Oa:0.990,Miou:0.952,MiouEMA:0.9535, lr:1.00e-04,time:8.8s
Ep452: tra-> Loss:0.180,Oa:0.995,Miou:0.982, time:4.8s
Ep453: tra-> Loss:0.294,Oa:0.995,Miou:0.977, val-> Loss:0.374,Oa:0.990,Miou:0.953,MiouEMA:0.9535, lr:1.00e-04,time:9.3s
Ep454: tra-> Loss:0.212,Oa:0.995,Miou:0.980, time:4.2s
Ep455: tra-> Loss:0.233,Oa:0.995,Miou:0.980, val-> Loss:0.373,Oa:0.990,Miou:0.952,MiouEMA:0.9535, lr:1.00e-04,time:8.6s
Ep456: tra-> Loss:0.195,Oa:0.996,Miou:0.985, time:3.8s
Ep457: tra-> Loss:0.188,Oa:0.995,Miou:0.980, val-> Loss:0.371,Oa:0.990,Miou:0.952,MiouEMA:0.9535, lr:1.00e-04,time:9.2s
Ep458: tra-> Loss:0.201,Oa:0.995,Miou:0.978, time:4.3s
Ep459: tra-> Loss:0.258,Oa:0.995,Miou:0.974, val-> Loss:0.369,Oa:0.990,Miou:0.953,MiouEMA:0.9535, lr:1.00e-04,time:8.2s
Ep460: tra-> Loss:0.192,Oa:0.995,Miou:0.981, time:4.1s
Ep461: tra-> Loss:0.216,Oa:0.995,Miou:0.982, val-> Loss:0.378,Oa:0.990,Miou:0.953,MiouEMA:0.9535, lr:1.00e-04,time:8.0s
Ep462: tra-> Loss:0.351,Oa:0.996,Miou:0.985, time:4.0s
Ep463: tra-> Loss:0.249,Oa:0.992,Miou:0.973, val-> Loss:0.449,Oa:0.987,Miou:0.938,MiouEMA:0.9536, lr:1.00e-04,time:9.7s
Ep464: tra-> Loss:0.330,Oa:0.993,Miou:0.964, time:4.0s
Ep465: tra-> Loss:0.200,Oa:0.995,Miou:0.984, val-> Loss:0.387,Oa:0.989,Miou:0.949,MiouEMA:0.9536, lr:1.00e-04,time:8.7s
Ep466: tra-> Loss:0.259,Oa:0.994,Miou:0.976, time:4.8s
Ep467: tra-> Loss:0.236,Oa:0.996,Miou:0.980, val-> Loss:0.380,Oa:0.990,Miou:0.951,MiouEMA:0.9536, lr:1.00e-04,time:8.4s
Ep468: tra-> Loss:0.197,Oa:0.995,Miou:0.981, time:3.8s
Ep469: tra-> Loss:0.203,Oa:0.995,Miou:0.979, val-> Loss:0.368,Oa:0.990,Miou:0.953,MiouEMA:0.9536, lr:1.00e-04,time:8.0s
Ep470: tra-> Loss:0.219,Oa:0.995,Miou:0.977, time:4.4s
Ep471: tra-> Loss:0.252,Oa:0.993,Miou:0.973, val-> Loss:0.365,Oa:0.990,Miou:0.953,MiouEMA:0.9537, lr:1.00e-04,time:8.7s
Ep472: tra-> Loss:0.238,Oa:0.994,Miou:0.977, time:4.5s
Ep473: tra-> Loss:0.233,Oa:0.995,Miou:0.982, val-> Loss:0.376,Oa:0.990,Miou:0.953,MiouEMA:0.9537, lr:1.00e-04,time:9.3s
Ep474: tra-> Loss:0.231,Oa:0.996,Miou:0.980, time:3.7s
Ep475: tra-> Loss:0.207,Oa:0.995,Miou:0.980, val-> Loss:0.364,Oa:0.990,Miou:0.953,MiouEMA:0.9538, lr:1.00e-04,time:9.1s
Ep476: tra-> Loss:0.204,Oa:0.995,Miou:0.983, time:3.9s
Ep477: tra-> Loss:0.239,Oa:0.995,Miou:0.980, val-> Loss:0.369,Oa:0.990,Miou:0.953,MiouEMA:0.9538, lr:1.00e-04,time:8.6s
Ep478: tra-> Loss:0.207,Oa:0.995,Miou:0.983, time:4.2s
Ep479: tra-> Loss:0.206,Oa:0.994,Miou:0.981, val-> Loss:0.369,Oa:0.990,Miou:0.954,MiouEMA:0.9538, lr:1.00e-04,time:8.6s
Ep480: tra-> Loss:0.207,Oa:0.995,Miou:0.980, time:4.2s
Ep481: tra-> Loss:0.221,Oa:0.994,Miou:0.979, val-> Loss:0.372,Oa:0.990,Miou:0.954,MiouEMA:0.9538, lr:1.00e-04,time:8.5s
Ep482: tra-> Loss:0.218,Oa:0.995,Miou:0.976, time:4.3s
Ep483: tra-> Loss:0.285,Oa:0.994,Miou:0.974, val-> Loss:0.372,Oa:0.990,Miou:0.954,MiouEMA:0.9539, lr:1.00e-04,time:8.6s
Ep484: tra-> Loss:0.216,Oa:0.995,Miou:0.980, time:4.4s
Ep485: tra-> Loss:0.210,Oa:0.995,Miou:0.980, val-> Loss:0.370,Oa:0.990,Miou:0.954,MiouEMA:0.9539, lr:1.00e-04,time:8.1s
Ep486: tra-> Loss:0.236,Oa:0.996,Miou:0.984, time:5.0s
Ep487: tra-> Loss:0.211,Oa:0.996,Miou:0.983, val-> Loss:0.380,Oa:0.990,Miou:0.954,MiouEMA:0.9540, lr:1.00e-04,time:8.6s
Ep488: tra-> Loss:0.219,Oa:0.995,Miou:0.980, time:5.0s
Ep489: tra-> Loss:0.253,Oa:0.996,Miou:0.980, val-> Loss:0.361,Oa:0.990,Miou:0.954,MiouEMA:0.9540, lr:1.00e-04,time:8.7s
Ep490: tra-> Loss:0.213,Oa:0.995,Miou:0.982, time:4.2s
Ep491: tra-> Loss:0.191,Oa:0.995,Miou:0.982, val-> Loss:0.356,Oa:0.990,Miou:0.954,MiouEMA:0.9540, lr:1.00e-04,time:8.8s
Ep492: tra-> Loss:0.237,Oa:0.994,Miou:0.976, time:5.0s
Ep493: tra-> Loss:0.182,Oa:0.995,Miou:0.980, val-> Loss:0.361,Oa:0.990,Miou:0.954,MiouEMA:0.9541, lr:1.00e-04,time:7.9s
Ep494: tra-> Loss:0.199,Oa:0.994,Miou:0.980, time:4.8s
Ep495: tra-> Loss:0.245,Oa:0.994,Miou:0.976, val-> Loss:0.370,Oa:0.990,Miou:0.953,MiouEMA:0.9541, lr:1.00e-04,time:8.2s
Ep496: tra-> Loss:0.237,Oa:0.995,Miou:0.980, time:3.8s
Ep497: tra-> Loss:0.224,Oa:0.995,Miou:0.978, val-> Loss:0.374,Oa:0.990,Miou:0.953,MiouEMA:0.9541, lr:1.00e-04,time:8.0s
Ep498: tra-> Loss:0.215,Oa:0.997,Miou:0.984, time:4.4s
Ep499: tra-> Loss:0.227,Oa:0.995,Miou:0.978, val-> Loss:0.377,Oa:0.990,Miou:0.952,MiouEMA:0.9541, lr:1.00e-04,time:8.3s
Ep500: tra-> Loss:0.231,Oa:0.994,Miou:0.973, time:4.2s
Ep501: tra-> Loss:0.214,Oa:0.995,Miou:0.981, val-> Loss:0.365,Oa:0.990,Miou:0.953,MiouEMA:0.9541, lr:1.00e-04,time:8.1s
Ep502: tra-> Loss:0.182,Oa:0.995,Miou:0.982, time:4.3s
Ep503: tra-> Loss:0.216,Oa:0.995,Miou:0.978, val-> Loss:0.365,Oa:0.990,Miou:0.954,MiouEMA:0.9541, lr:1.00e-04,time:8.6s
Ep504: tra-> Loss:0.220,Oa:0.995,Miou:0.979, time:4.3s
Ep505: tra-> Loss:0.202,Oa:0.995,Miou:0.980, val-> Loss:0.370,Oa:0.990,Miou:0.953,MiouEMA:0.9541, lr:1.00e-04,time:8.9s
Ep506: tra-> Loss:0.193,Oa:0.995,Miou:0.982, time:5.4s
Ep507: tra-> Loss:0.231,Oa:0.994,Miou:0.977, val-> Loss:0.374,Oa:0.990,Miou:0.953,MiouEMA:0.9541, lr:1.00e-04,time:8.7s
Ep508: tra-> Loss:0.245,Oa:0.995,Miou:0.982, time:5.4s
Ep509: tra-> Loss:0.229,Oa:0.995,Miou:0.980, val-> Loss:0.372,Oa:0.990,Miou:0.953,MiouEMA:0.9541, lr:1.00e-04,time:8.6s
Ep510: tra-> Loss:0.208,Oa:0.994,Miou:0.978, time:4.3s
Ep511: tra-> Loss:0.191,Oa:0.995,Miou:0.985, val-> Loss:0.373,Oa:0.990,Miou:0.953,MiouEMA:0.9541, lr:1.00e-04,time:8.4s
Ep512: tra-> Loss:0.205,Oa:0.996,Miou:0.982, time:3.8s
Ep513: tra-> Loss:0.180,Oa:0.996,Miou:0.983, val-> Loss:0.365,Oa:0.990,Miou:0.954,MiouEMA:0.9541, lr:1.00e-04,time:8.4s
Ep514: tra-> Loss:0.223,Oa:0.995,Miou:0.980, time:4.2s
Ep515: tra-> Loss:0.194,Oa:0.995,Miou:0.982, val-> Loss:0.369,Oa:0.990,Miou:0.953,MiouEMA:0.9541, lr:1.00e-04,time:8.6s
Ep516: tra-> Loss:0.223,Oa:0.994,Miou:0.977, time:4.8s
Ep517: tra-> Loss:0.224,Oa:0.996,Miou:0.982, val-> Loss:0.367,Oa:0.990,Miou:0.954,MiouEMA:0.9541, lr:1.00e-04,time:8.6s
Ep518: tra-> Loss:0.258,Oa:0.995,Miou:0.975, time:4.1s
Ep519: tra-> Loss:0.221,Oa:0.995,Miou:0.978, val-> Loss:0.358,Oa:0.990,Miou:0.954,MiouEMA:0.9541, lr:1.00e-04,time:8.0s
Ep520: tra-> Loss:0.214,Oa:0.995,Miou:0.973, time:4.3s
Ep521: tra-> Loss:0.203,Oa:0.996,Miou:0.983, val-> Loss:0.365,Oa:0.990,Miou:0.954,MiouEMA:0.9541, lr:1.00e-04,time:8.5s
Ep522: tra-> Loss:0.207,Oa:0.994,Miou:0.982, time:3.9s
Ep523: tra-> Loss:0.239,Oa:0.995,Miou:0.980, val-> Loss:0.361,Oa:0.990,Miou:0.954,MiouEMA:0.9541, lr:1.00e-04,time:8.4s
Ep524: tra-> Loss:0.201,Oa:0.995,Miou:0.984, time:3.9s
Ep525: tra-> Loss:0.223,Oa:0.994,Miou:0.979, val-> Loss:0.369,Oa:0.990,Miou:0.954,MiouEMA:0.9542, lr:1.00e-04,time:9.2s
Ep526: tra-> Loss:0.217,Oa:0.995,Miou:0.985, time:4.4s
Ep527: tra-> Loss:0.195,Oa:0.997,Miou:0.986, val-> Loss:0.363,Oa:0.990,Miou:0.953,MiouEMA:0.9542, lr:1.00e-04,time:8.5s
Ep528: tra-> Loss:0.245,Oa:0.994,Miou:0.980, time:4.3s
Ep529: tra-> Loss:0.210,Oa:0.996,Miou:0.983, val-> Loss:0.367,Oa:0.990,Miou:0.954,MiouEMA:0.9542, lr:1.00e-04,time:7.9s
Ep530: tra-> Loss:0.192,Oa:0.995,Miou:0.985, time:4.6s
Ep531: tra-> Loss:0.216,Oa:0.995,Miou:0.979, val-> Loss:0.380,Oa:0.990,Miou:0.954,MiouEMA:0.9542, lr:1.00e-04,time:8.6s
Ep532: tra-> Loss:0.255,Oa:0.994,Miou:0.976, time:4.3s
Ep533: tra-> Loss:0.201,Oa:0.995,Miou:0.981, val-> Loss:0.379,Oa:0.990,Miou:0.953,MiouEMA:0.9542, lr:1.00e-04,time:8.5s
Ep534: tra-> Loss:0.211,Oa:0.995,Miou:0.984, time:4.3s
Ep535: tra-> Loss:0.209,Oa:0.993,Miou:0.978, val-> Loss:0.377,Oa:0.990,Miou:0.954,MiouEMA:0.9542, lr:1.00e-04,time:8.1s
Ep536: tra-> Loss:0.213,Oa:0.993,Miou:0.977, time:4.2s
Ep537: tra-> Loss:0.219,Oa:0.995,Miou:0.977, val-> Loss:0.372,Oa:0.990,Miou:0.954,MiouEMA:0.9542, lr:1.00e-04,time:8.5s
Ep538: tra-> Loss:0.216,Oa:0.996,Miou:0.983, time:3.7s
Ep539: tra-> Loss:0.190,Oa:0.995,Miou:0.981, val-> Loss:0.377,Oa:0.990,Miou:0.954,MiouEMA:0.9542, lr:1.00e-04,time:8.1s
Ep540: tra-> Loss:0.180,Oa:0.996,Miou:0.985, time:3.8s
Ep541: tra-> Loss:0.206,Oa:0.996,Miou:0.982, val-> Loss:0.368,Oa:0.990,Miou:0.954,MiouEMA:0.9542, lr:1.00e-04,time:8.3s
Ep542: tra-> Loss:0.245,Oa:0.994,Miou:0.976, time:3.7s
Ep543: tra-> Loss:0.190,Oa:0.996,Miou:0.983, val-> Loss:0.378,Oa:0.990,Miou:0.953,MiouEMA:0.9542, lr:1.00e-04,time:8.0s
Ep544: tra-> Loss:0.192,Oa:0.995,Miou:0.982, time:4.1s
Ep545: tra-> Loss:0.244,Oa:0.995,Miou:0.980, val-> Loss:0.370,Oa:0.990,Miou:0.953,MiouEMA:0.9542, lr:1.00e-04,time:10.0s
Ep546: tra-> Loss:0.219,Oa:0.996,Miou:0.981, time:3.7s
Ep547: tra-> Loss:0.218,Oa:0.995,Miou:0.978, val-> Loss:0.360,Oa:0.990,Miou:0.952,MiouEMA:0.9542, lr:1.00e-04,time:8.6s
Ep548: tra-> Loss:0.235,Oa:0.995,Miou:0.978, time:4.3s
Ep549: tra-> Loss:0.244,Oa:0.994,Miou:0.972, val-> Loss:0.365,Oa:0.990,Miou:0.953,MiouEMA:0.9542, lr:1.00e-04,time:7.9s
Ep550: tra-> Loss:0.219,Oa:0.995,Miou:0.983, time:3.7s
Ep551: tra-> Loss:0.227,Oa:0.996,Miou:0.983, val-> Loss:0.376,Oa:0.990,Miou:0.953,MiouEMA:0.9542, lr:1.00e-04,time:9.6s
Ep552: tra-> Loss:0.210,Oa:0.995,Miou:0.981, time:4.2s
Ep553: tra-> Loss:0.217,Oa:0.995,Miou:0.979, val-> Loss:0.377,Oa:0.990,Miou:0.953,MiouEMA:0.9542, lr:1.00e-04,time:8.4s
Ep554: tra-> Loss:0.226,Oa:0.995,Miou:0.974, time:3.8s
Ep555: tra-> Loss:0.203,Oa:0.995,Miou:0.980, val-> Loss:0.377,Oa:0.990,Miou:0.953,MiouEMA:0.9542, lr:1.00e-04,time:8.9s
Ep556: tra-> Loss:0.213,Oa:0.995,Miou:0.980, time:3.7s
Ep557: tra-> Loss:0.238,Oa:0.994,Miou:0.979, val-> Loss:0.373,Oa:0.990,Miou:0.953,MiouEMA:0.9542, lr:1.00e-04,time:9.4s
Ep558: tra-> Loss:0.206,Oa:0.995,Miou:0.979, time:5.6s
Ep559: tra-> Loss:0.240,Oa:0.994,Miou:0.977, val-> Loss:0.371,Oa:0.990,Miou:0.953,MiouEMA:0.9542, lr:1.00e-04,time:8.4s
Ep560: tra-> Loss:0.228,Oa:0.996,Miou:0.978, time:4.3s
Ep561: tra-> Loss:0.198,Oa:0.995,Miou:0.980, val-> Loss:0.369,Oa:0.990,Miou:0.953,MiouEMA:0.9541, lr:1.00e-04,time:8.6s
Ep562: tra-> Loss:0.199,Oa:0.994,Miou:0.979, time:4.8s
Ep563: tra-> Loss:0.244,Oa:0.995,Miou:0.981, val-> Loss:0.368,Oa:0.990,Miou:0.953,MiouEMA:0.9541, lr:1.00e-04,time:8.3s
Ep564: tra-> Loss:0.210,Oa:0.994,Miou:0.980, time:3.8s
Ep565: tra-> Loss:0.203,Oa:0.996,Miou:0.981, val-> Loss:0.375,Oa:0.990,Miou:0.953,MiouEMA:0.9541, lr:1.00e-04,time:9.2s
Ep566: tra-> Loss:0.294,Oa:0.995,Miou:0.979, time:3.7s
Ep567: tra-> Loss:0.182,Oa:0.996,Miou:0.984, val-> Loss:0.373,Oa:0.990,Miou:0.953,MiouEMA:0.9541, lr:1.00e-04,time:8.2s
Ep568: tra-> Loss:0.206,Oa:0.996,Miou:0.983, time:5.0s
Ep569: tra-> Loss:0.210,Oa:0.995,Miou:0.981, val-> Loss:0.382,Oa:0.990,Miou:0.952,MiouEMA:0.9541, lr:1.00e-04,time:9.3s
Ep570: tra-> Loss:0.200,Oa:0.995,Miou:0.983, time:4.3s
Ep571: tra-> Loss:0.189,Oa:0.994,Miou:0.978, val-> Loss:0.389,Oa:0.990,Miou:0.953,MiouEMA:0.9541, lr:1.00e-04,time:9.1s
Ep572: tra-> Loss:0.222,Oa:0.995,Miou:0.981, time:4.3s
Ep573: tra-> Loss:0.191,Oa:0.996,Miou:0.981, val-> Loss:0.379,Oa:0.990,Miou:0.953,MiouEMA:0.9541, lr:1.00e-04,time:8.1s
Ep574: tra-> Loss:0.241,Oa:0.996,Miou:0.980, time:3.7s
Ep575: tra-> Loss:0.226,Oa:0.994,Miou:0.979, val-> Loss:0.385,Oa:0.990,Miou:0.950,MiouEMA:0.9541, lr:1.00e-04,time:8.4s
Ep576: tra-> Loss:0.215,Oa:0.995,Miou:0.979, time:3.8s
Ep577: tra-> Loss:0.209,Oa:0.995,Miou:0.981, val-> Loss:0.364,Oa:0.990,Miou:0.954,MiouEMA:0.9541, lr:1.00e-04,time:8.1s
Ep578: tra-> Loss:0.192,Oa:0.995,Miou:0.980, time:4.4s
Ep579: tra-> Loss:0.228,Oa:0.995,Miou:0.979, val-> Loss:0.378,Oa:0.990,Miou:0.953,MiouEMA:0.9541, lr:1.00e-04,time:8.7s
Ep580: tra-> Loss:0.194,Oa:0.996,Miou:0.982, time:4.7s
Ep581: tra-> Loss:0.229,Oa:0.995,Miou:0.978, val-> Loss:0.379,Oa:0.990,Miou:0.953,MiouEMA:0.9541, lr:1.00e-04,time:8.6s
Ep582: tra-> Loss:0.232,Oa:0.996,Miou:0.980, time:3.8s
Ep583: tra-> Loss:0.226,Oa:0.996,Miou:0.979, val-> Loss:0.379,Oa:0.990,Miou:0.953,MiouEMA:0.9541, lr:1.00e-04,time:8.0s
Ep584: tra-> Loss:0.199,Oa:0.995,Miou:0.982, time:4.9s
Ep585: tra-> Loss:0.201,Oa:0.995,Miou:0.983, val-> Loss:0.384,Oa:0.990,Miou:0.953,MiouEMA:0.9541, lr:1.00e-04,time:8.7s
Ep586: tra-> Loss:0.243,Oa:0.993,Miou:0.975, time:3.8s
Ep587: tra-> Loss:0.225,Oa:0.994,Miou:0.978, val-> Loss:0.382,Oa:0.990,Miou:0.953,MiouEMA:0.9541, lr:1.00e-04,time:8.1s
Ep588: tra-> Loss:0.226,Oa:0.995,Miou:0.978, time:4.3s
Ep589: tra-> Loss:0.207,Oa:0.995,Miou:0.979, val-> Loss:0.379,Oa:0.990,Miou:0.953,MiouEMA:0.9541, lr:1.00e-04,time:8.5s
Ep590: tra-> Loss:0.248,Oa:0.995,Miou:0.968, time:4.3s
Ep591: tra-> Loss:0.202,Oa:0.996,Miou:0.982, val-> Loss:0.380,Oa:0.990,Miou:0.953,MiouEMA:0.9541, lr:1.00e-04,time:8.6s
Ep592: tra-> Loss:0.201,Oa:0.995,Miou:0.978, time:4.3s
Ep593: tra-> Loss:0.230,Oa:0.996,Miou:0.985, val-> Loss:0.383,Oa:0.990,Miou:0.953,MiouEMA:0.9541, lr:1.00e-04,time:9.1s
Ep594: tra-> Loss:0.208,Oa:0.995,Miou:0.985, time:4.4s
Ep595: tra-> Loss:0.218,Oa:0.994,Miou:0.973, val-> Loss:0.386,Oa:0.990,Miou:0.954,MiouEMA:0.9541, lr:1.00e-04,time:8.7s
Ep596: tra-> Loss:0.185,Oa:0.995,Miou:0.980, time:4.2s
Ep597: tra-> Loss:0.211,Oa:0.995,Miou:0.981, val-> Loss:0.397,Oa:0.990,Miou:0.953,MiouEMA:0.9540, lr:1.00e-04,time:8.8s
Ep598: tra-> Loss:0.200,Oa:0.995,Miou:0.981, time:3.7s
Ep599: tra-> Loss:0.202,Oa:0.996,Miou:0.983, val-> Loss:0.389,Oa:0.990,Miou:0.952,MiouEMA:0.9540, lr:1.00e-04,time:9.1s
BEST val miou: 0.9544
