Warning: You are sending unauthenticated requests to the HF Hub. Please set a HF_TOKEN to enable higher rate limits and faster downloads.
Unexpected keys (bn2.num_batches_tracked, bn2.bias, bn2.running_mean, bn2.running_var, bn2.weight, classifier.bias, classifier.weight, conv_head.weight) found while loading pretrained weights. This may be expected if model is being adapted.
Unexpected keys (bn2.num_batches_tracked, bn2.bias, bn2.running_mean, bn2.running_var, bn2.weight, classifier.bias, classifier.weight, conv_head.weight) found while loading pretrained weights. This may be expected if model is being adapted.
Unexpected keys (bn2.num_batches_tracked, bn2.bias, bn2.running_mean, bn2.running_var, bn2.weight, classifier.bias, classifier.weight, conv_head.weight) found while loading pretrained weights. This may be expected if model is being adapted.
train scenes: 52
vali patch 512: 117
Output channels from encoder stages: [16, 24, 40, 112, 320]
unmatched parameters and are discarded (84):
  - cross_layers_4.blocks.0.attn_d.cpb_mlp.0.bias
  - cross_layers_4.blocks.0.attn_d.cpb_mlp.0.weight
  - cross_layers_4.blocks.0.attn_d.cpb_mlp.2.weight
  - cross_layers_4.blocks.0.attn_d.output_proj.bias
  - cross_layers_4.blocks.0.attn_d.output_proj.weight
  - cross_layers_4.blocks.0.attn_d.qkv_proj.bias
  - cross_layers_4.blocks.0.attn_d.qkv_proj.weight
  - cross_layers_4.blocks.0.attn_x.cpb_mlp.0.bias
  - cross_layers_4.blocks.0.attn_x.cpb_mlp.0.weight
  - cross_layers_4.blocks.0.attn_x.cpb_mlp.2.weight
  - cross_layers_4.blocks.0.attn_x.output_proj.bias
  - cross_layers_4.blocks.0.attn_x.output_proj.weight
  - cross_layers_4.blocks.0.attn_x.qkv_proj.bias
  - cross_layers_4.blocks.0.attn_x.qkv_proj.weight
  - cross_layers_4.blocks.0.attn_y.cpb_mlp.0.bias
  - cross_layers_4.blocks.0.attn_y.cpb_mlp.0.weight
  - cross_layers_4.blocks.0.attn_y.cpb_mlp.2.weight
  - cross_layers_4.blocks.0.attn_y.output_proj.bias
  - cross_layers_4.blocks.0.attn_y.output_proj.weight
  - cross_layers_4.blocks.0.attn_y.qkv_proj.bias
  - cross_layers_4.blocks.0.attn_y.qkv_proj.weight
  - cross_layers_4.blocks.1.attn_d.cpb_mlp.0.bias
  - cross_layers_4.blocks.1.attn_d.cpb_mlp.0.weight
  - cross_layers_4.blocks.1.attn_d.cpb_mlp.2.weight
  - cross_layers_4.blocks.1.attn_d.output_proj.bias
  - cross_layers_4.blocks.1.attn_d.output_proj.weight
  - cross_layers_4.blocks.1.attn_d.qkv_proj.bias
  - cross_layers_4.blocks.1.attn_d.qkv_proj.weight
  - cross_layers_4.blocks.1.attn_x.cpb_mlp.0.bias
  - cross_layers_4.blocks.1.attn_x.cpb_mlp.0.weight
  - cross_layers_4.blocks.1.attn_x.cpb_mlp.2.weight
  - cross_layers_4.blocks.1.attn_x.output_proj.bias
  - cross_layers_4.blocks.1.attn_x.output_proj.weight
  - cross_layers_4.blocks.1.attn_x.qkv_proj.bias
  - cross_layers_4.blocks.1.attn_x.qkv_proj.weight
  - cross_layers_4.blocks.1.attn_y.cpb_mlp.0.bias
  - cross_layers_4.blocks.1.attn_y.cpb_mlp.0.weight
  - cross_layers_4.blocks.1.attn_y.cpb_mlp.2.weight
  - cross_layers_4.blocks.1.attn_y.output_proj.bias
  - cross_layers_4.blocks.1.attn_y.output_proj.weight
  - cross_layers_4.blocks.1.attn_y.qkv_proj.bias
  - cross_layers_4.blocks.1.attn_y.qkv_proj.weight
  - cross_layers_4.blocks.2.attn_d.cpb_mlp.0.bias
  - cross_layers_4.blocks.2.attn_d.cpb_mlp.0.weight
  - cross_layers_4.blocks.2.attn_d.cpb_mlp.2.weight
  - cross_layers_4.blocks.2.attn_d.output_proj.bias
  - cross_layers_4.blocks.2.attn_d.output_proj.weight
  - cross_layers_4.blocks.2.attn_d.qkv_proj.bias
  - cross_layers_4.blocks.2.attn_d.qkv_proj.weight
  - cross_layers_4.blocks.2.attn_x.cpb_mlp.0.bias
  - cross_layers_4.blocks.2.attn_x.cpb_mlp.0.weight
  - cross_layers_4.blocks.2.attn_x.cpb_mlp.2.weight
  - cross_layers_4.blocks.2.attn_x.output_proj.bias
  - cross_layers_4.blocks.2.attn_x.output_proj.weight
  - cross_layers_4.blocks.2.attn_x.qkv_proj.bias
  - cross_layers_4.blocks.2.attn_x.qkv_proj.weight
  - cross_layers_4.blocks.2.attn_y.cpb_mlp.0.bias
  - cross_layers_4.blocks.2.attn_y.cpb_mlp.0.weight
  - cross_layers_4.blocks.2.attn_y.cpb_mlp.2.weight
  - cross_layers_4.blocks.2.attn_y.output_proj.bias
  - cross_layers_4.blocks.2.attn_y.output_proj.weight
  - cross_layers_4.blocks.2.attn_y.qkv_proj.bias
  - cross_layers_4.blocks.2.attn_y.qkv_proj.weight
  - cross_layers_4.blocks.3.attn_d.cpb_mlp.0.bias
  - cross_layers_4.blocks.3.attn_d.cpb_mlp.0.weight
  - cross_layers_4.blocks.3.attn_d.cpb_mlp.2.weight
  - cross_layers_4.blocks.3.attn_d.output_proj.bias
  - cross_layers_4.blocks.3.attn_d.output_proj.weight
  - cross_layers_4.blocks.3.attn_d.qkv_proj.bias
  - cross_layers_4.blocks.3.attn_d.qkv_proj.weight
  - cross_layers_4.blocks.3.attn_x.cpb_mlp.0.bias
  - cross_layers_4.blocks.3.attn_x.cpb_mlp.0.weight
  - cross_layers_4.blocks.3.attn_x.cpb_mlp.2.weight
  - cross_layers_4.blocks.3.attn_x.output_proj.bias
  - cross_layers_4.blocks.3.attn_x.output_proj.weight
  - cross_layers_4.blocks.3.attn_x.qkv_proj.bias
  - cross_layers_4.blocks.3.attn_x.qkv_proj.weight
  - cross_layers_4.blocks.3.attn_y.cpb_mlp.0.bias
  - cross_layers_4.blocks.3.attn_y.cpb_mlp.0.weight
  - cross_layers_4.blocks.3.attn_y.cpb_mlp.2.weight
  - cross_layers_4.blocks.3.attn_y.output_proj.bias
  - cross_layers_4.blocks.3.attn_y.output_proj.weight
  - cross_layers_4.blocks.3.attn_y.qkv_proj.bias
  - cross_layers_4.blocks.3.attn_y.qkv_proj.weight
loaded 1453/1453 tensors from model/trained/u3net_cross_fusion_0952_frozen.pth
Ep0: tra-> Loss:0.296,Oa:0.992,Miou:0.967, time:128.6s
Ep1: tra-> Loss:0.236,Oa:0.994,Miou:0.977, val-> Loss:0.282,Oa:0.990,Miou:0.952,MiouEMA:0.9516, lr:1.40e-05,time:30.6s
  >> saved RAW ckpt, val miou 0.9517
Ep2: tra-> Loss:0.260,Oa:0.993,Miou:0.970, time:4.3s
Ep3: tra-> Loss:0.276,Oa:0.993,Miou:0.975, val-> Loss:0.278,Oa:0.990,Miou:0.951,MiouEMA:0.9514, lr:3.20e-05,time:9.4s
Ep4: tra-> Loss:0.221,Oa:0.993,Miou:0.972, time:4.8s
Ep5: tra-> Loss:0.215,Oa:0.993,Miou:0.975, val-> Loss:0.278,Oa:0.990,Miou:0.951,MiouEMA:0.9510, lr:5.00e-05,time:10.2s
Ep6: tra-> Loss:0.227,Oa:0.993,Miou:0.972, time:4.4s
Ep7: tra-> Loss:0.251,Oa:0.994,Miou:0.973, val-> Loss:0.276,Oa:0.990,Miou:0.950,MiouEMA:0.9509, lr:5.00e-05,time:10.3s
Ep8: tra-> Loss:0.206,Oa:0.994,Miou:0.979, time:4.3s
Ep9: tra-> Loss:0.211,Oa:0.995,Miou:0.978, val-> Loss:0.266,Oa:0.990,Miou:0.951,MiouEMA:0.9508, lr:5.00e-05,time:10.1s
Ep10: tra-> Loss:0.258,Oa:0.993,Miou:0.971, time:5.2s
Ep11: tra-> Loss:0.222,Oa:0.992,Miou:0.968, val-> Loss:0.270,Oa:0.990,Miou:0.950,MiouEMA:0.9503, lr:5.00e-05,time:10.4s
Ep12: tra-> Loss:0.196,Oa:0.993,Miou:0.976, time:4.4s
Ep13: tra-> Loss:0.207,Oa:0.994,Miou:0.977, val-> Loss:0.264,Oa:0.989,Miou:0.950,MiouEMA:0.9502, lr:4.99e-05,time:10.8s
Ep14: tra-> Loss:0.206,Oa:0.993,Miou:0.976, time:3.9s
Ep15: tra-> Loss:0.191,Oa:0.994,Miou:0.973, val-> Loss:0.261,Oa:0.989,Miou:0.949,MiouEMA:0.9499, lr:4.99e-05,time:9.9s
Ep16: tra-> Loss:0.220,Oa:0.992,Miou:0.971, time:5.7s
Ep17: tra-> Loss:0.235,Oa:0.993,Miou:0.968, val-> Loss:0.260,Oa:0.989,Miou:0.949,MiouEMA:0.9496, lr:4.98e-05,time:9.9s
Ep18: tra-> Loss:0.201,Oa:0.992,Miou:0.971, time:4.6s
Ep19: tra-> Loss:0.198,Oa:0.994,Miou:0.979, val-> Loss:0.251,Oa:0.989,Miou:0.949,MiouEMA:0.9493, lr:4.97e-05,time:9.4s
Ep20: tra-> Loss:0.221,Oa:0.992,Miou:0.970, time:4.2s
Ep21: tra-> Loss:0.235,Oa:0.993,Miou:0.972, val-> Loss:0.251,Oa:0.989,Miou:0.949,MiouEMA:0.9494, lr:4.96e-05,time:10.0s
Ep22: tra-> Loss:0.196,Oa:0.993,Miou:0.978, time:4.1s
Ep23: tra-> Loss:0.205,Oa:0.994,Miou:0.970, val-> Loss:0.257,Oa:0.989,Miou:0.949,MiouEMA:0.9496, lr:4.96e-05,time:10.0s
Ep24: tra-> Loss:0.203,Oa:0.993,Miou:0.970, time:3.8s
Ep25: tra-> Loss:0.182,Oa:0.992,Miou:0.971, val-> Loss:0.255,Oa:0.989,Miou:0.949,MiouEMA:0.9496, lr:4.94e-05,time:10.1s
Ep26: tra-> Loss:0.201,Oa:0.993,Miou:0.974, time:4.4s
Ep27: tra-> Loss:0.212,Oa:0.994,Miou:0.974, val-> Loss:0.258,Oa:0.989,Miou:0.950,MiouEMA:0.9497, lr:4.93e-05,time:9.9s
Ep28: tra-> Loss:0.214,Oa:0.992,Miou:0.973, time:4.4s
Ep29: tra-> Loss:0.219,Oa:0.993,Miou:0.972, val-> Loss:0.253,Oa:0.989,Miou:0.950,MiouEMA:0.9498, lr:4.92e-05,time:10.0s
Ep30: tra-> Loss:0.199,Oa:0.994,Miou:0.974, time:4.2s
Ep31: tra-> Loss:0.204,Oa:0.993,Miou:0.971, val-> Loss:0.253,Oa:0.989,Miou:0.950,MiouEMA:0.9499, lr:4.91e-05,time:10.7s
Ep32: tra-> Loss:0.209,Oa:0.993,Miou:0.973, time:4.1s
Ep33: tra-> Loss:0.203,Oa:0.993,Miou:0.971, val-> Loss:0.254,Oa:0.989,Miou:0.949,MiouEMA:0.9498, lr:4.89e-05,time:10.7s
Ep34: tra-> Loss:0.212,Oa:0.993,Miou:0.970, time:4.4s
Ep35: tra-> Loss:0.180,Oa:0.992,Miou:0.976, val-> Loss:0.253,Oa:0.989,Miou:0.949,MiouEMA:0.9495, lr:4.88e-05,time:9.9s
Ep36: tra-> Loss:0.213,Oa:0.995,Miou:0.977, time:4.5s
Ep37: tra-> Loss:0.244,Oa:0.993,Miou:0.971, val-> Loss:0.256,Oa:0.989,Miou:0.949,MiouEMA:0.9494, lr:4.86e-05,time:11.1s
Ep38: tra-> Loss:0.226,Oa:0.993,Miou:0.967, time:4.6s
Ep39: tra-> Loss:0.225,Oa:0.994,Miou:0.967, val-> Loss:0.254,Oa:0.989,Miou:0.948,MiouEMA:0.9490, lr:4.84e-05,time:9.7s
Ep40: tra-> Loss:0.219,Oa:0.992,Miou:0.968, time:4.1s
Ep41: tra-> Loss:0.195,Oa:0.994,Miou:0.979, val-> Loss:0.248,Oa:0.989,Miou:0.948,MiouEMA:0.9487, lr:4.82e-05,time:10.3s
Ep42: tra-> Loss:0.225,Oa:0.993,Miou:0.970, time:3.8s
Ep43: tra-> Loss:0.193,Oa:0.994,Miou:0.973, val-> Loss:0.248,Oa:0.989,Miou:0.948,MiouEMA:0.9486, lr:4.80e-05,time:9.9s
Ep44: tra-> Loss:0.202,Oa:0.993,Miou:0.969, time:4.8s
Ep45: tra-> Loss:0.205,Oa:0.992,Miou:0.971, val-> Loss:0.250,Oa:0.989,Miou:0.949,MiouEMA:0.9486, lr:4.78e-05,time:9.2s
Ep46: tra-> Loss:0.198,Oa:0.993,Miou:0.973, time:4.5s
Ep47: tra-> Loss:0.190,Oa:0.995,Miou:0.978, val-> Loss:0.251,Oa:0.989,Miou:0.949,MiouEMA:0.9487, lr:4.76e-05,time:9.7s
Ep48: tra-> Loss:0.182,Oa:0.995,Miou:0.981, time:4.3s
Ep49: tra-> Loss:0.195,Oa:0.995,Miou:0.978, val-> Loss:0.256,Oa:0.989,Miou:0.949,MiouEMA:0.9488, lr:4.74e-05,time:9.6s
Ep50: tra-> Loss:0.199,Oa:0.993,Miou:0.972, time:4.6s
Ep51: tra-> Loss:0.180,Oa:0.993,Miou:0.977, val-> Loss:0.256,Oa:0.989,Miou:0.949,MiouEMA:0.9490, lr:4.71e-05,time:9.8s
Ep52: tra-> Loss:0.168,Oa:0.994,Miou:0.979, time:4.1s
Ep53: tra-> Loss:0.226,Oa:0.992,Miou:0.970, val-> Loss:0.253,Oa:0.989,Miou:0.948,MiouEMA:0.9490, lr:4.69e-05,time:9.5s
Ep54: tra-> Loss:0.217,Oa:0.994,Miou:0.974, time:4.1s
Ep55: tra-> Loss:0.211,Oa:0.994,Miou:0.978, val-> Loss:0.254,Oa:0.989,Miou:0.949,MiouEMA:0.9490, lr:4.66e-05,time:9.2s
Ep56: tra-> Loss:0.215,Oa:0.995,Miou:0.977, time:4.7s
Ep57: tra-> Loss:0.214,Oa:0.994,Miou:0.974, val-> Loss:0.256,Oa:0.989,Miou:0.949,MiouEMA:0.9491, lr:4.63e-05,time:9.5s
Ep58: tra-> Loss:0.179,Oa:0.992,Miou:0.977, time:3.8s
Ep59: tra-> Loss:0.221,Oa:0.995,Miou:0.972, val-> Loss:0.255,Oa:0.989,Miou:0.949,MiouEMA:0.9491, lr:4.61e-05,time:9.6s
Ep60: tra-> Loss:0.194,Oa:0.994,Miou:0.975, time:4.3s
Ep61: tra-> Loss:0.219,Oa:0.993,Miou:0.970, val-> Loss:0.252,Oa:0.989,Miou:0.949,MiouEMA:0.9490, lr:4.58e-05,time:9.6s
Ep62: tra-> Loss:0.205,Oa:0.992,Miou:0.973, time:4.2s
Ep63: tra-> Loss:0.213,Oa:0.994,Miou:0.977, val-> Loss:0.262,Oa:0.989,Miou:0.948,MiouEMA:0.9489, lr:4.55e-05,time:10.0s
Ep64: tra-> Loss:0.193,Oa:0.994,Miou:0.977, time:3.9s
Ep65: tra-> Loss:0.202,Oa:0.992,Miou:0.970, val-> Loss:0.255,Oa:0.989,Miou:0.948,MiouEMA:0.9488, lr:4.52e-05,time:10.8s
Ep66: tra-> Loss:0.180,Oa:0.995,Miou:0.979, time:3.9s
Ep67: tra-> Loss:0.223,Oa:0.993,Miou:0.971, val-> Loss:0.258,Oa:0.989,Miou:0.948,MiouEMA:0.9488, lr:4.49e-05,time:11.6s
Ep68: tra-> Loss:0.230,Oa:0.991,Miou:0.969, time:4.1s
Ep69: tra-> Loss:0.190,Oa:0.993,Miou:0.971, val-> Loss:0.255,Oa:0.989,Miou:0.949,MiouEMA:0.9488, lr:4.45e-05,time:9.8s
Ep70: tra-> Loss:0.192,Oa:0.992,Miou:0.974, time:3.6s
Ep71: tra-> Loss:0.198,Oa:0.994,Miou:0.970, val-> Loss:0.246,Oa:0.989,Miou:0.948,MiouEMA:0.9488, lr:4.42e-05,time:10.1s
Ep72: tra-> Loss:0.201,Oa:0.992,Miou:0.968, time:4.0s
Ep73: tra-> Loss:0.205,Oa:0.991,Miou:0.960, val-> Loss:0.254,Oa:0.989,Miou:0.948,MiouEMA:0.9488, lr:4.39e-05,time:10.0s
Ep74: tra-> Loss:0.201,Oa:0.993,Miou:0.968, time:4.8s
Ep75: tra-> Loss:0.231,Oa:0.993,Miou:0.968, val-> Loss:0.254,Oa:0.989,Miou:0.948,MiouEMA:0.9487, lr:4.35e-05,time:10.2s
Ep76: tra-> Loss:0.213,Oa:0.993,Miou:0.972, time:4.2s
Ep77: tra-> Loss:0.190,Oa:0.994,Miou:0.973, val-> Loss:0.248,Oa:0.989,Miou:0.949,MiouEMA:0.9486, lr:4.31e-05,time:10.8s
Ep78: tra-> Loss:0.196,Oa:0.993,Miou:0.968, time:4.9s
Ep79: tra-> Loss:0.191,Oa:0.994,Miou:0.975, val-> Loss:0.254,Oa:0.989,Miou:0.949,MiouEMA:0.9488, lr:4.28e-05,time:9.7s
Ep80: tra-> Loss:0.198,Oa:0.994,Miou:0.976, time:4.2s
Ep81: tra-> Loss:0.217,Oa:0.993,Miou:0.975, val-> Loss:0.254,Oa:0.989,Miou:0.949,MiouEMA:0.9490, lr:4.24e-05,time:11.9s
Ep82: tra-> Loss:0.220,Oa:0.992,Miou:0.970, time:4.2s
Ep83: tra-> Loss:0.196,Oa:0.995,Miou:0.973, val-> Loss:0.251,Oa:0.989,Miou:0.949,MiouEMA:0.9492, lr:4.20e-05,time:10.0s
Ep84: tra-> Loss:0.195,Oa:0.994,Miou:0.973, time:4.1s
Ep85: tra-> Loss:0.235,Oa:0.994,Miou:0.977, val-> Loss:0.250,Oa:0.989,Miou:0.949,MiouEMA:0.9492, lr:4.16e-05,time:9.8s
Ep86: tra-> Loss:0.188,Oa:0.993,Miou:0.974, time:4.1s
Ep87: tra-> Loss:0.189,Oa:0.993,Miou:0.972, val-> Loss:0.245,Oa:0.989,Miou:0.949,MiouEMA:0.9492, lr:4.12e-05,time:10.8s
Ep88: tra-> Loss:0.202,Oa:0.993,Miou:0.964, time:4.5s
Ep89: tra-> Loss:0.202,Oa:0.992,Miou:0.971, val-> Loss:0.242,Oa:0.989,Miou:0.949,MiouEMA:0.9492, lr:4.08e-05,time:9.8s
Ep90: tra-> Loss:0.224,Oa:0.994,Miou:0.976, time:4.6s
Ep91: tra-> Loss:0.206,Oa:0.992,Miou:0.973, val-> Loss:0.239,Oa:0.989,Miou:0.949,MiouEMA:0.9493, lr:4.04e-05,time:9.8s
Ep92: tra-> Loss:0.194,Oa:0.993,Miou:0.976, time:3.8s
Ep93: tra-> Loss:0.200,Oa:0.995,Miou:0.974, val-> Loss:0.244,Oa:0.989,Miou:0.949,MiouEMA:0.9492, lr:4.00e-05,time:10.5s
Ep94: tra-> Loss:0.182,Oa:0.993,Miou:0.974, time:4.1s
Ep95: tra-> Loss:0.209,Oa:0.993,Miou:0.973, val-> Loss:0.238,Oa:0.989,Miou:0.948,MiouEMA:0.9492, lr:3.96e-05,time:9.3s
Ep96: tra-> Loss:0.194,Oa:0.993,Miou:0.968, time:4.2s
Ep97: tra-> Loss:0.222,Oa:0.994,Miou:0.974, val-> Loss:0.239,Oa:0.989,Miou:0.948,MiouEMA:0.9490, lr:3.92e-05,time:9.7s
Ep98: tra-> Loss:0.194,Oa:0.993,Miou:0.975, time:4.2s
Ep99: tra-> Loss:0.201,Oa:0.994,Miou:0.971, val-> Loss:0.241,Oa:0.989,Miou:0.949,MiouEMA:0.9490, lr:3.87e-05,time:10.1s
Ep100: tra-> Loss:0.180,Oa:0.993,Miou:0.972, time:4.1s
Ep101: tra-> Loss:0.195,Oa:0.993,Miou:0.974, val-> Loss:0.246,Oa:0.989,Miou:0.949,MiouEMA:0.9490, lr:3.83e-05,time:9.1s
Ep102: tra-> Loss:0.214,Oa:0.994,Miou:0.974, time:4.8s
Ep103: tra-> Loss:0.160,Oa:0.995,Miou:0.979, val-> Loss:0.247,Oa:0.989,Miou:0.948,MiouEMA:0.9490, lr:3.78e-05,time:9.5s
Ep104: tra-> Loss:0.195,Oa:0.993,Miou:0.976, time:5.0s
Ep105: tra-> Loss:0.200,Oa:0.995,Miou:0.976, val-> Loss:0.249,Oa:0.989,Miou:0.949,MiouEMA:0.9489, lr:3.74e-05,time:9.6s
Ep106: tra-> Loss:0.220,Oa:0.994,Miou:0.973, time:4.4s
Ep107: tra-> Loss:0.193,Oa:0.995,Miou:0.981, val-> Loss:0.251,Oa:0.989,Miou:0.948,MiouEMA:0.9488, lr:3.69e-05,time:9.8s
Ep108: tra-> Loss:0.210,Oa:0.992,Miou:0.966, time:4.9s
Ep109: tra-> Loss:0.214,Oa:0.994,Miou:0.978, val-> Loss:0.251,Oa:0.989,Miou:0.948,MiouEMA:0.9487, lr:3.64e-05,time:10.2s
Ep110: tra-> Loss:0.166,Oa:0.995,Miou:0.981, time:4.7s
Ep111: tra-> Loss:0.209,Oa:0.994,Miou:0.971, val-> Loss:0.252,Oa:0.989,Miou:0.948,MiouEMA:0.9486, lr:3.60e-05,time:9.7s
Ep112: tra-> Loss:0.203,Oa:0.993,Miou:0.973, time:4.1s
Ep113: tra-> Loss:0.187,Oa:0.993,Miou:0.977, val-> Loss:0.251,Oa:0.989,Miou:0.949,MiouEMA:0.9486, lr:3.55e-05,time:10.7s
Ep114: tra-> Loss:0.198,Oa:0.994,Miou:0.978, time:4.5s
Ep115: tra-> Loss:0.169,Oa:0.993,Miou:0.975, val-> Loss:0.251,Oa:0.989,Miou:0.948,MiouEMA:0.9485, lr:3.50e-05,time:10.0s
Ep116: tra-> Loss:0.156,Oa:0.992,Miou:0.971, time:5.5s
Ep117: tra-> Loss:0.183,Oa:0.995,Miou:0.982, val-> Loss:0.253,Oa:0.989,Miou:0.947,MiouEMA:0.9484, lr:3.45e-05,time:10.1s
Ep118: tra-> Loss:0.181,Oa:0.994,Miou:0.977, time:4.2s
Ep119: tra-> Loss:0.214,Oa:0.994,Miou:0.974, val-> Loss:0.252,Oa:0.989,Miou:0.947,MiouEMA:0.9483, lr:3.41e-05,time:9.9s
Ep120: tra-> Loss:0.190,Oa:0.993,Miou:0.973, time:4.0s
Ep121: tra-> Loss:0.217,Oa:0.992,Miou:0.971, val-> Loss:0.254,Oa:0.989,Miou:0.948,MiouEMA:0.9483, lr:3.36e-05,time:10.5s
Ep122: tra-> Loss:0.174,Oa:0.993,Miou:0.969, time:3.8s
Ep123: tra-> Loss:0.218,Oa:0.994,Miou:0.975, val-> Loss:0.253,Oa:0.989,Miou:0.948,MiouEMA:0.9483, lr:3.31e-05,time:10.5s
Ep124: tra-> Loss:0.228,Oa:0.992,Miou:0.971, time:4.4s
Ep125: tra-> Loss:0.252,Oa:0.993,Miou:0.972, val-> Loss:0.249,Oa:0.989,Miou:0.948,MiouEMA:0.9483, lr:3.26e-05,time:10.3s
Ep126: tra-> Loss:0.207,Oa:0.992,Miou:0.976, time:4.5s
Ep127: tra-> Loss:0.169,Oa:0.994,Miou:0.975, val-> Loss:0.252,Oa:0.989,Miou:0.948,MiouEMA:0.9483, lr:3.21e-05,time:10.8s
Ep128: tra-> Loss:0.221,Oa:0.992,Miou:0.964, time:4.8s
Ep129: tra-> Loss:0.154,Oa:0.993,Miou:0.975, val-> Loss:0.248,Oa:0.989,Miou:0.948,MiouEMA:0.9483, lr:3.16e-05,time:10.0s
Ep130: tra-> Loss:0.206,Oa:0.994,Miou:0.969, time:4.7s
Ep131: tra-> Loss:0.230,Oa:0.993,Miou:0.971, val-> Loss:0.250,Oa:0.989,Miou:0.948,MiouEMA:0.9483, lr:3.11e-05,time:9.9s
Ep132: tra-> Loss:0.189,Oa:0.994,Miou:0.976, time:4.3s
Ep133: tra-> Loss:0.198,Oa:0.994,Miou:0.972, val-> Loss:0.250,Oa:0.989,Miou:0.947,MiouEMA:0.9482, lr:3.06e-05,time:10.4s
Ep134: tra-> Loss:0.197,Oa:0.993,Miou:0.970, time:4.6s
Ep135: tra-> Loss:0.169,Oa:0.993,Miou:0.975, val-> Loss:0.246,Oa:0.989,Miou:0.947,MiouEMA:0.9481, lr:3.00e-05,time:10.0s
Ep136: tra-> Loss:0.178,Oa:0.993,Miou:0.965, time:3.8s
Ep137: tra-> Loss:0.201,Oa:0.993,Miou:0.974, val-> Loss:0.249,Oa:0.989,Miou:0.947,MiouEMA:0.9480, lr:2.95e-05,time:9.6s
Ep138: tra-> Loss:0.189,Oa:0.994,Miou:0.975, time:4.2s
Ep139: tra-> Loss:0.193,Oa:0.993,Miou:0.975, val-> Loss:0.243,Oa:0.989,Miou:0.948,MiouEMA:0.9480, lr:2.90e-05,time:10.0s
Ep140: tra-> Loss:0.187,Oa:0.994,Miou:0.974, time:4.6s
Ep141: tra-> Loss:0.202,Oa:0.993,Miou:0.975, val-> Loss:0.246,Oa:0.989,Miou:0.948,MiouEMA:0.9480, lr:2.85e-05,time:10.7s
Ep142: tra-> Loss:0.195,Oa:0.994,Miou:0.972, time:4.7s
Ep143: tra-> Loss:0.188,Oa:0.993,Miou:0.974, val-> Loss:0.245,Oa:0.989,Miou:0.948,MiouEMA:0.9480, lr:2.80e-05,time:11.0s
Ep144: tra-> Loss:0.212,Oa:0.994,Miou:0.975, time:3.9s
Ep145: tra-> Loss:0.193,Oa:0.993,Miou:0.974, val-> Loss:0.248,Oa:0.989,Miou:0.949,MiouEMA:0.9481, lr:2.75e-05,time:10.3s
Ep146: tra-> Loss:0.204,Oa:0.992,Miou:0.973, time:4.3s
Ep147: tra-> Loss:0.190,Oa:0.992,Miou:0.968, val-> Loss:0.247,Oa:0.989,Miou:0.948,MiouEMA:0.9482, lr:2.69e-05,time:10.6s
Ep148: tra-> Loss:0.193,Oa:0.993,Miou:0.975, time:4.6s
Ep149: tra-> Loss:0.180,Oa:0.993,Miou:0.976, val-> Loss:0.247,Oa:0.989,Miou:0.948,MiouEMA:0.9482, lr:2.64e-05,time:9.9s
Ep150: tra-> Loss:0.173,Oa:0.993,Miou:0.974, time:3.9s
Ep151: tra-> Loss:0.219,Oa:0.994,Miou:0.970, val-> Loss:0.247,Oa:0.989,Miou:0.948,MiouEMA:0.9483, lr:2.59e-05,time:11.2s
Ep152: tra-> Loss:0.210,Oa:0.994,Miou:0.971, time:4.1s
Ep153: tra-> Loss:0.182,Oa:0.994,Miou:0.976, val-> Loss:0.249,Oa:0.989,Miou:0.948,MiouEMA:0.9483, lr:2.54e-05,time:9.9s
Ep154: tra-> Loss:0.189,Oa:0.991,Miou:0.965, time:5.0s
Ep155: tra-> Loss:0.206,Oa:0.992,Miou:0.973, val-> Loss:0.247,Oa:0.989,Miou:0.949,MiouEMA:0.9483, lr:2.48e-05,time:10.1s
Ep156: tra-> Loss:0.219,Oa:0.993,Miou:0.971, time:3.8s
Ep157: tra-> Loss:0.198,Oa:0.994,Miou:0.972, val-> Loss:0.248,Oa:0.989,Miou:0.948,MiouEMA:0.9483, lr:2.43e-05,time:10.0s
Ep158: tra-> Loss:0.198,Oa:0.993,Miou:0.976, time:4.3s
Ep159: tra-> Loss:0.173,Oa:0.995,Miou:0.979, val-> Loss:0.245,Oa:0.989,Miou:0.949,MiouEMA:0.9484, lr:2.38e-05,time:10.2s
Ep160: tra-> Loss:0.206,Oa:0.993,Miou:0.971, time:4.1s
Ep161: tra-> Loss:0.206,Oa:0.993,Miou:0.973, val-> Loss:0.244,Oa:0.989,Miou:0.949,MiouEMA:0.9485, lr:2.33e-05,time:10.9s
Ep162: tra-> Loss:0.208,Oa:0.992,Miou:0.970, time:4.7s
Ep163: tra-> Loss:0.174,Oa:0.991,Miou:0.968, val-> Loss:0.248,Oa:0.989,Miou:0.949,MiouEMA:0.9486, lr:2.28e-05,time:10.1s
Ep164: tra-> Loss:0.168,Oa:0.992,Miou:0.974, time:4.1s
Ep165: tra-> Loss:0.210,Oa:0.994,Miou:0.974, val-> Loss:0.248,Oa:0.989,Miou:0.949,MiouEMA:0.9486, lr:2.22e-05,time:10.2s
Ep166: tra-> Loss:0.180,Oa:0.993,Miou:0.975, time:4.3s
Ep167: tra-> Loss:0.182,Oa:0.995,Miou:0.980, val-> Loss:0.247,Oa:0.989,Miou:0.948,MiouEMA:0.9486, lr:2.17e-05,time:10.2s
Ep168: tra-> Loss:0.203,Oa:0.994,Miou:0.974, time:4.1s
Ep169: tra-> Loss:0.189,Oa:0.994,Miou:0.977, val-> Loss:0.248,Oa:0.989,Miou:0.949,MiouEMA:0.9486, lr:2.12e-05,time:10.2s
Ep170: tra-> Loss:0.187,Oa:0.994,Miou:0.978, time:4.1s
Ep171: tra-> Loss:0.197,Oa:0.993,Miou:0.972, val-> Loss:0.246,Oa:0.989,Miou:0.948,MiouEMA:0.9486, lr:2.07e-05,time:10.2s
Ep172: tra-> Loss:0.212,Oa:0.992,Miou:0.969, time:4.7s
Ep173: tra-> Loss:0.211,Oa:0.993,Miou:0.974, val-> Loss:0.247,Oa:0.989,Miou:0.948,MiouEMA:0.9486, lr:2.02e-05,time:10.9s
Ep174: tra-> Loss:0.195,Oa:0.991,Miou:0.972, time:4.7s
Ep175: tra-> Loss:0.187,Oa:0.992,Miou:0.972, val-> Loss:0.249,Oa:0.989,Miou:0.949,MiouEMA:0.9486, lr:1.97e-05,time:10.8s
Ep176: tra-> Loss:0.204,Oa:0.994,Miou:0.970, time:3.8s
Ep177: tra-> Loss:0.189,Oa:0.993,Miou:0.974, val-> Loss:0.246,Oa:0.989,Miou:0.949,MiouEMA:0.9486, lr:1.92e-05,time:10.0s
Ep178: tra-> Loss:0.194,Oa:0.990,Miou:0.968, time:4.2s
Ep179: tra-> Loss:0.182,Oa:0.993,Miou:0.976, val-> Loss:0.248,Oa:0.989,Miou:0.949,MiouEMA:0.9487, lr:1.87e-05,time:10.4s
Ep180: tra-> Loss:0.206,Oa:0.994,Miou:0.971, time:4.0s
Ep181: tra-> Loss:0.208,Oa:0.992,Miou:0.968, val-> Loss:0.248,Oa:0.989,Miou:0.949,MiouEMA:0.9487, lr:1.82e-05,time:10.2s
Ep182: tra-> Loss:0.179,Oa:0.993,Miou:0.978, time:4.7s
Ep183: tra-> Loss:0.194,Oa:0.992,Miou:0.966, val-> Loss:0.248,Oa:0.989,Miou:0.949,MiouEMA:0.9487, lr:1.77e-05,time:10.0s
Ep184: tra-> Loss:0.191,Oa:0.994,Miou:0.976, time:4.2s
Ep185: tra-> Loss:0.192,Oa:0.993,Miou:0.974, val-> Loss:0.244,Oa:0.989,Miou:0.949,MiouEMA:0.9487, lr:1.72e-05,time:10.7s
Ep186: tra-> Loss:0.190,Oa:0.993,Miou:0.977, time:4.6s
Ep187: tra-> Loss:0.229,Oa:0.991,Miou:0.968, val-> Loss:0.247,Oa:0.989,Miou:0.949,MiouEMA:0.9487, lr:1.67e-05,time:11.0s
Ep188: tra-> Loss:0.214,Oa:0.993,Miou:0.965, time:4.7s
Ep189: tra-> Loss:0.216,Oa:0.992,Miou:0.966, val-> Loss:0.252,Oa:0.989,Miou:0.948,MiouEMA:0.9487, lr:1.62e-05,time:10.2s
Ep190: tra-> Loss:0.166,Oa:0.995,Miou:0.976, time:3.7s
Ep191: tra-> Loss:0.202,Oa:0.993,Miou:0.967, val-> Loss:0.254,Oa:0.989,Miou:0.949,MiouEMA:0.9488, lr:1.57e-05,time:10.2s
Ep192: tra-> Loss:0.185,Oa:0.994,Miou:0.979, time:4.1s
Ep193: tra-> Loss:0.184,Oa:0.992,Miou:0.972, val-> Loss:0.247,Oa:0.989,Miou:0.949,MiouEMA:0.9488, lr:1.53e-05,time:10.3s
Ep194: tra-> Loss:0.209,Oa:0.993,Miou:0.974, time:4.9s
Ep195: tra-> Loss:0.199,Oa:0.993,Miou:0.969, val-> Loss:0.243,Oa:0.989,Miou:0.949,MiouEMA:0.9488, lr:1.48e-05,time:11.3s
Ep196: tra-> Loss:0.171,Oa:0.994,Miou:0.974, time:4.7s
Ep197: tra-> Loss:0.167,Oa:0.994,Miou:0.972, val-> Loss:0.246,Oa:0.989,Miou:0.948,MiouEMA:0.9488, lr:1.43e-05,time:10.5s
Ep198: tra-> Loss:0.172,Oa:0.993,Miou:0.973, time:4.9s
Ep199: tra-> Loss:0.205,Oa:0.992,Miou:0.971, val-> Loss:0.244,Oa:0.989,Miou:0.948,MiouEMA:0.9487, lr:1.39e-05,time:9.7s
Ep200: tra-> Loss:0.210,Oa:0.994,Miou:0.977, time:4.1s
Ep201: tra-> Loss:0.193,Oa:0.993,Miou:0.972, val-> Loss:0.243,Oa:0.989,Miou:0.949,MiouEMA:0.9488, lr:1.34e-05,time:10.1s
Ep202: tra-> Loss:0.177,Oa:0.992,Miou:0.967, time:4.6s
Ep203: tra-> Loss:0.241,Oa:0.991,Miou:0.962, val-> Loss:0.246,Oa:0.989,Miou:0.949,MiouEMA:0.9488, lr:1.29e-05,time:9.9s
Ep204: tra-> Loss:0.217,Oa:0.993,Miou:0.965, time:4.4s
Ep205: tra-> Loss:0.192,Oa:0.994,Miou:0.974, val-> Loss:0.243,Oa:0.989,Miou:0.949,MiouEMA:0.9488, lr:1.25e-05,time:9.9s
Ep206: tra-> Loss:0.202,Oa:0.992,Miou:0.973, time:3.8s
Ep207: tra-> Loss:0.209,Oa:0.995,Miou:0.980, val-> Loss:0.244,Oa:0.989,Miou:0.949,MiouEMA:0.9488, lr:1.21e-05,time:10.3s
Ep208: tra-> Loss:0.202,Oa:0.994,Miou:0.978, time:4.1s
Ep209: tra-> Loss:0.205,Oa:0.994,Miou:0.970, val-> Loss:0.241,Oa:0.989,Miou:0.948,MiouEMA:0.9488, lr:1.16e-05,time:10.6s
Ep210: tra-> Loss:0.201,Oa:0.993,Miou:0.973, time:4.2s
Ep211: tra-> Loss:0.193,Oa:0.994,Miou:0.976, val-> Loss:0.241,Oa:0.989,Miou:0.948,MiouEMA:0.9488, lr:1.12e-05,time:9.9s
Ep212: tra-> Loss:0.206,Oa:0.993,Miou:0.973, time:3.7s
Ep213: tra-> Loss:0.183,Oa:0.993,Miou:0.977, val-> Loss:0.242,Oa:0.989,Miou:0.948,MiouEMA:0.9487, lr:1.08e-05,time:9.4s
Ep214: tra-> Loss:0.183,Oa:0.993,Miou:0.971, time:4.3s
Ep215: tra-> Loss:0.177,Oa:0.994,Miou:0.974, val-> Loss:0.241,Oa:0.989,Miou:0.948,MiouEMA:0.9487, lr:1.04e-05,time:9.8s
Ep216: tra-> Loss:0.210,Oa:0.994,Miou:0.978, time:4.2s
Ep217: tra-> Loss:0.205,Oa:0.992,Miou:0.969, val-> Loss:0.241,Oa:0.989,Miou:0.949,MiouEMA:0.9487, lr:9.96e-06,time:9.7s
Ep218: tra-> Loss:0.218,Oa:0.994,Miou:0.967, time:4.3s
Ep219: tra-> Loss:0.206,Oa:0.993,Miou:0.973, val-> Loss:0.243,Oa:0.989,Miou:0.949,MiouEMA:0.9488, lr:9.56e-06,time:9.7s
Ep220: tra-> Loss:0.188,Oa:0.994,Miou:0.970, time:4.5s
Ep221: tra-> Loss:0.197,Oa:0.995,Miou:0.976, val-> Loss:0.242,Oa:0.989,Miou:0.949,MiouEMA:0.9488, lr:9.17e-06,time:10.2s
Ep222: tra-> Loss:0.202,Oa:0.993,Miou:0.977, time:3.7s
Ep223: tra-> Loss:0.208,Oa:0.991,Miou:0.969, val-> Loss:0.243,Oa:0.989,Miou:0.949,MiouEMA:0.9488, lr:8.79e-06,time:10.5s
Ep224: tra-> Loss:0.181,Oa:0.994,Miou:0.978, time:4.8s
Ep225: tra-> Loss:0.193,Oa:0.994,Miou:0.970, val-> Loss:0.244,Oa:0.989,Miou:0.949,MiouEMA:0.9488, lr:8.41e-06,time:9.9s
Ep226: tra-> Loss:0.198,Oa:0.994,Miou:0.974, time:4.0s
Ep227: tra-> Loss:0.188,Oa:0.994,Miou:0.977, val-> Loss:0.241,Oa:0.989,Miou:0.949,MiouEMA:0.9488, lr:8.04e-06,time:9.8s
Ep228: tra-> Loss:0.203,Oa:0.992,Miou:0.967, time:4.1s
Ep229: tra-> Loss:0.179,Oa:0.994,Miou:0.972, val-> Loss:0.243,Oa:0.989,Miou:0.948,MiouEMA:0.9488, lr:7.68e-06,time:9.3s
Ep230: tra-> Loss:0.197,Oa:0.991,Miou:0.967, time:4.0s
Ep231: tra-> Loss:0.193,Oa:0.994,Miou:0.969, val-> Loss:0.245,Oa:0.989,Miou:0.949,MiouEMA:0.9488, lr:7.32e-06,time:9.5s
Ep232: tra-> Loss:0.185,Oa:0.994,Miou:0.971, time:4.3s
Ep233: tra-> Loss:0.202,Oa:0.994,Miou:0.976, val-> Loss:0.245,Oa:0.989,Miou:0.949,MiouEMA:0.9488, lr:6.98e-06,time:9.8s
Ep234: tra-> Loss:0.201,Oa:0.993,Miou:0.972, time:4.5s
Ep235: tra-> Loss:0.182,Oa:0.994,Miou:0.974, val-> Loss:0.246,Oa:0.989,Miou:0.949,MiouEMA:0.9489, lr:6.64e-06,time:10.4s
Ep236: tra-> Loss:0.206,Oa:0.994,Miou:0.971, time:4.0s
Ep237: tra-> Loss:0.196,Oa:0.994,Miou:0.976, val-> Loss:0.249,Oa:0.989,Miou:0.948,MiouEMA:0.9489, lr:6.31e-06,time:9.6s
Ep238: tra-> Loss:0.184,Oa:0.993,Miou:0.977, time:3.7s
Ep239: tra-> Loss:0.199,Oa:0.992,Miou:0.971, val-> Loss:0.248,Oa:0.989,Miou:0.948,MiouEMA:0.9489, lr:5.99e-06,time:9.9s
Ep240: tra-> Loss:0.193,Oa:0.994,Miou:0.972, time:3.7s
Ep241: tra-> Loss:0.198,Oa:0.993,Miou:0.972, val-> Loss:0.245,Oa:0.989,Miou:0.949,MiouEMA:0.9488, lr:5.68e-06,time:9.9s
Ep242: tra-> Loss:0.210,Oa:0.995,Miou:0.974, time:4.1s
Ep243: tra-> Loss:0.185,Oa:0.993,Miou:0.972, val-> Loss:0.247,Oa:0.989,Miou:0.949,MiouEMA:0.9488, lr:5.38e-06,time:10.0s
Ep244: tra-> Loss:0.212,Oa:0.993,Miou:0.974, time:4.3s
Ep245: tra-> Loss:0.236,Oa:0.992,Miou:0.968, val-> Loss:0.247,Oa:0.989,Miou:0.948,MiouEMA:0.9488, lr:5.08e-06,time:9.8s
Ep246: tra-> Loss:0.196,Oa:0.992,Miou:0.975, time:4.0s
Ep247: tra-> Loss:0.181,Oa:0.995,Miou:0.977, val-> Loss:0.248,Oa:0.989,Miou:0.949,MiouEMA:0.9488, lr:4.80e-06,time:10.2s
Ep248: tra-> Loss:0.182,Oa:0.993,Miou:0.976, time:4.0s
Ep249: tra-> Loss:0.210,Oa:0.993,Miou:0.976, val-> Loss:0.246,Oa:0.989,Miou:0.949,MiouEMA:0.9488, lr:4.53e-06,time:9.8s
Ep250: tra-> Loss:0.171,Oa:0.994,Miou:0.974, time:4.2s
Ep251: tra-> Loss:0.213,Oa:0.993,Miou:0.961, val-> Loss:0.247,Oa:0.989,Miou:0.949,MiouEMA:0.9488, lr:4.26e-06,time:10.4s
Ep252: tra-> Loss:0.210,Oa:0.991,Miou:0.970, time:4.4s
Ep253: tra-> Loss:0.204,Oa:0.995,Miou:0.981, val-> Loss:0.248,Oa:0.989,Miou:0.949,MiouEMA:0.9488, lr:4.01e-06,time:9.7s
Ep254: tra-> Loss:0.170,Oa:0.994,Miou:0.971, time:4.1s
Ep255: tra-> Loss:0.189,Oa:0.995,Miou:0.982, val-> Loss:0.247,Oa:0.989,Miou:0.948,MiouEMA:0.9488, lr:3.76e-06,time:10.0s
Ep256: tra-> Loss:0.189,Oa:0.994,Miou:0.974, time:4.1s
Ep257: tra-> Loss:0.195,Oa:0.994,Miou:0.974, val-> Loss:0.247,Oa:0.989,Miou:0.948,MiouEMA:0.9488, lr:3.52e-06,time:9.6s
Ep258: tra-> Loss:0.182,Oa:0.992,Miou:0.975, time:4.1s
Ep259: tra-> Loss:0.184,Oa:0.993,Miou:0.972, val-> Loss:0.247,Oa:0.989,Miou:0.948,MiouEMA:0.9488, lr:3.30e-06,time:10.3s
Ep260: tra-> Loss:0.214,Oa:0.993,Miou:0.967, time:4.5s
Ep261: tra-> Loss:0.182,Oa:0.994,Miou:0.977, val-> Loss:0.248,Oa:0.989,Miou:0.948,MiouEMA:0.9488, lr:3.08e-06,time:9.5s
Ep262: tra-> Loss:0.170,Oa:0.993,Miou:0.970, time:4.6s
Ep263: tra-> Loss:0.196,Oa:0.993,Miou:0.969, val-> Loss:0.246,Oa:0.989,Miou:0.949,MiouEMA:0.9487, lr:2.88e-06,time:9.9s
Ep264: tra-> Loss:0.192,Oa:0.993,Miou:0.974, time:4.6s
Ep265: tra-> Loss:0.183,Oa:0.994,Miou:0.977, val-> Loss:0.246,Oa:0.989,Miou:0.948,MiouEMA:0.9487, lr:2.68e-06,time:9.7s
Ep266: tra-> Loss:0.208,Oa:0.991,Miou:0.969, time:4.5s
Ep267: tra-> Loss:0.201,Oa:0.993,Miou:0.963, val-> Loss:0.250,Oa:0.989,Miou:0.949,MiouEMA:0.9487, lr:2.50e-06,time:10.2s
Ep268: tra-> Loss:0.212,Oa:0.993,Miou:0.973, time:4.5s
Ep269: tra-> Loss:0.198,Oa:0.995,Miou:0.978, val-> Loss:0.247,Oa:0.989,Miou:0.948,MiouEMA:0.9487, lr:2.32e-06,time:10.6s
Ep270: tra-> Loss:0.176,Oa:0.994,Miou:0.976, time:4.7s
Ep271: tra-> Loss:0.190,Oa:0.993,Miou:0.977, val-> Loss:0.247,Oa:0.989,Miou:0.948,MiouEMA:0.9487, lr:2.16e-06,time:10.0s
Ep272: tra-> Loss:0.194,Oa:0.993,Miou:0.972, time:4.5s
Ep273: tra-> Loss:0.188,Oa:0.993,Miou:0.967, val-> Loss:0.248,Oa:0.989,Miou:0.949,MiouEMA:0.9487, lr:2.01e-06,time:10.3s
Ep274: tra-> Loss:0.186,Oa:0.994,Miou:0.975, time:4.1s
Ep275: tra-> Loss:0.184,Oa:0.993,Miou:0.977, val-> Loss:0.243,Oa:0.989,Miou:0.949,MiouEMA:0.9487, lr:1.86e-06,time:9.6s
Ep276: tra-> Loss:0.194,Oa:0.992,Miou:0.972, time:4.2s
Ep277: tra-> Loss:0.199,Oa:0.993,Miou:0.973, val-> Loss:0.241,Oa:0.989,Miou:0.949,MiouEMA:0.9487, lr:1.73e-06,time:10.4s
Ep278: tra-> Loss:0.182,Oa:0.992,Miou:0.976, time:4.7s
Ep279: tra-> Loss:0.178,Oa:0.993,Miou:0.976, val-> Loss:0.241,Oa:0.989,Miou:0.948,MiouEMA:0.9488, lr:1.61e-06,time:10.5s
Ep280: tra-> Loss:0.181,Oa:0.992,Miou:0.964, time:3.8s
Ep281: tra-> Loss:0.194,Oa:0.992,Miou:0.969, val-> Loss:0.244,Oa:0.989,Miou:0.948,MiouEMA:0.9488, lr:1.50e-06,time:10.4s
Ep282: tra-> Loss:0.171,Oa:0.993,Miou:0.974, time:6.0s
Ep283: tra-> Loss:0.194,Oa:0.993,Miou:0.975, val-> Loss:0.242,Oa:0.989,Miou:0.949,MiouEMA:0.9488, lr:1.40e-06,time:10.4s
Ep284: tra-> Loss:0.203,Oa:0.993,Miou:0.967, time:3.8s
Ep285: tra-> Loss:0.216,Oa:0.995,Miou:0.977, val-> Loss:0.245,Oa:0.989,Miou:0.948,MiouEMA:0.9488, lr:1.31e-06,time:10.5s
Ep286: tra-> Loss:0.194,Oa:0.992,Miou:0.970, time:4.3s
Ep287: tra-> Loss:0.214,Oa:0.994,Miou:0.973, val-> Loss:0.247,Oa:0.989,Miou:0.948,MiouEMA:0.9487, lr:1.23e-06,time:10.7s
Ep288: tra-> Loss:0.185,Oa:0.993,Miou:0.974, time:4.3s
Ep289: tra-> Loss:0.177,Oa:0.994,Miou:0.972, val-> Loss:0.248,Oa:0.989,Miou:0.949,MiouEMA:0.9488, lr:1.17e-06,time:10.7s
Ep290: tra-> Loss:0.201,Oa:0.994,Miou:0.974, time:4.1s
Ep291: tra-> Loss:0.193,Oa:0.994,Miou:0.974, val-> Loss:0.243,Oa:0.989,Miou:0.949,MiouEMA:0.9488, lr:1.11e-06,time:10.5s
Ep292: tra-> Loss:0.200,Oa:0.994,Miou:0.978, time:4.7s
Ep293: tra-> Loss:0.208,Oa:0.992,Miou:0.966, val-> Loss:0.244,Oa:0.989,Miou:0.949,MiouEMA:0.9488, lr:1.07e-06,time:11.1s
Ep294: tra-> Loss:0.174,Oa:0.993,Miou:0.973, time:4.2s
Ep295: tra-> Loss:0.213,Oa:0.994,Miou:0.969, val-> Loss:0.243,Oa:0.989,Miou:0.948,MiouEMA:0.9488, lr:1.03e-06,time:10.4s
Ep296: tra-> Loss:0.221,Oa:0.992,Miou:0.962, time:4.2s
Ep297: tra-> Loss:0.191,Oa:0.992,Miou:0.973, val-> Loss:0.245,Oa:0.989,Miou:0.949,MiouEMA:0.9488, lr:1.01e-06,time:10.7s
Ep298: tra-> Loss:0.163,Oa:0.994,Miou:0.975, time:5.0s
Ep299: tra-> Loss:0.167,Oa:0.995,Miou:0.977, val-> Loss:0.246,Oa:0.989,Miou:0.949,MiouEMA:0.9488, lr:1.00e-06,time:10.8s
BEST val miou: 0.9517
