Warning: You are sending unauthenticated requests to the HF Hub. Please set a HF_TOKEN to enable higher rate limits and faster downloads.
Unexpected keys (bn2.num_batches_tracked, bn2.bias, bn2.running_mean, bn2.running_var, bn2.weight, classifier.bias, classifier.weight, conv_head.weight) found while loading pretrained weights. This may be expected if model is being adapted.
Unexpected keys (bn2.num_batches_tracked, bn2.bias, bn2.running_mean, bn2.running_var, bn2.weight, classifier.bias, classifier.weight, conv_head.weight) found while loading pretrained weights. This may be expected if model is being adapted.
Unexpected keys (bn2.num_batches_tracked, bn2.bias, bn2.running_mean, bn2.running_var, bn2.weight, classifier.bias, classifier.weight, conv_head.weight) found while loading pretrained weights. This may be expected if model is being adapted.
train scenes: 52
vali patch 512: 117
Output channels from encoder stages: [16, 24, 40, 112, 320]
unmatched parameters and are discarded (96):
  - cross_layers_4.blocks.0.attn_d.cpb_mlp.0.bias
  - cross_layers_4.blocks.0.attn_d.cpb_mlp.0.weight
  - cross_layers_4.blocks.0.attn_d.cpb_mlp.2.weight
  - cross_layers_4.blocks.0.attn_d.output_proj.bias
  - cross_layers_4.blocks.0.attn_d.output_proj.weight
  - cross_layers_4.blocks.0.attn_d.qkv_proj.bias
  - cross_layers_4.blocks.0.attn_d.qkv_proj.weight
  - cross_layers_4.blocks.0.attn_x.cpb_mlp.0.bias
  - cross_layers_4.blocks.0.attn_x.cpb_mlp.0.weight
  - cross_layers_4.blocks.0.attn_x.cpb_mlp.2.weight
  - cross_layers_4.blocks.0.attn_x.output_proj.bias
  - cross_layers_4.blocks.0.attn_x.output_proj.weight
  - cross_layers_4.blocks.0.attn_x.qkv_proj.bias
  - cross_layers_4.blocks.0.attn_x.qkv_proj.weight
  - cross_layers_4.blocks.0.attn_y.cpb_mlp.0.bias
  - cross_layers_4.blocks.0.attn_y.cpb_mlp.0.weight
  - cross_layers_4.blocks.0.attn_y.cpb_mlp.2.weight
  - cross_layers_4.blocks.0.attn_y.output_proj.bias
  - cross_layers_4.blocks.0.attn_y.output_proj.weight
  - cross_layers_4.blocks.0.attn_y.qkv_proj.bias
  - cross_layers_4.blocks.0.attn_y.qkv_proj.weight
  - cross_layers_4.blocks.0.w_d
  - cross_layers_4.blocks.0.w_x
  - cross_layers_4.blocks.0.w_y
  - cross_layers_4.blocks.1.attn_d.cpb_mlp.0.bias
  - cross_layers_4.blocks.1.attn_d.cpb_mlp.0.weight
  - cross_layers_4.blocks.1.attn_d.cpb_mlp.2.weight
  - cross_layers_4.blocks.1.attn_d.output_proj.bias
  - cross_layers_4.blocks.1.attn_d.output_proj.weight
  - cross_layers_4.blocks.1.attn_d.qkv_proj.bias
  - cross_layers_4.blocks.1.attn_d.qkv_proj.weight
  - cross_layers_4.blocks.1.attn_x.cpb_mlp.0.bias
  - cross_layers_4.blocks.1.attn_x.cpb_mlp.0.weight
  - cross_layers_4.blocks.1.attn_x.cpb_mlp.2.weight
  - cross_layers_4.blocks.1.attn_x.output_proj.bias
  - cross_layers_4.blocks.1.attn_x.output_proj.weight
  - cross_layers_4.blocks.1.attn_x.qkv_proj.bias
  - cross_layers_4.blocks.1.attn_x.qkv_proj.weight
  - cross_layers_4.blocks.1.attn_y.cpb_mlp.0.bias
  - cross_layers_4.blocks.1.attn_y.cpb_mlp.0.weight
  - cross_layers_4.blocks.1.attn_y.cpb_mlp.2.weight
  - cross_layers_4.blocks.1.attn_y.output_proj.bias
  - cross_layers_4.blocks.1.attn_y.output_proj.weight
  - cross_layers_4.blocks.1.attn_y.qkv_proj.bias
  - cross_layers_4.blocks.1.attn_y.qkv_proj.weight
  - cross_layers_4.blocks.1.w_d
  - cross_layers_4.blocks.1.w_x
  - cross_layers_4.blocks.1.w_y
  - cross_layers_4.blocks.2.attn_d.cpb_mlp.0.bias
  - cross_layers_4.blocks.2.attn_d.cpb_mlp.0.weight
  - cross_layers_4.blocks.2.attn_d.cpb_mlp.2.weight
  - cross_layers_4.blocks.2.attn_d.output_proj.bias
  - cross_layers_4.blocks.2.attn_d.output_proj.weight
  - cross_layers_4.blocks.2.attn_d.qkv_proj.bias
  - cross_layers_4.blocks.2.attn_d.qkv_proj.weight
  - cross_layers_4.blocks.2.attn_x.cpb_mlp.0.bias
  - cross_layers_4.blocks.2.attn_x.cpb_mlp.0.weight
  - cross_layers_4.blocks.2.attn_x.cpb_mlp.2.weight
  - cross_layers_4.blocks.2.attn_x.output_proj.bias
  - cross_layers_4.blocks.2.attn_x.output_proj.weight
  - cross_layers_4.blocks.2.attn_x.qkv_proj.bias
  - cross_layers_4.blocks.2.attn_x.qkv_proj.weight
  - cross_layers_4.blocks.2.attn_y.cpb_mlp.0.bias
  - cross_layers_4.blocks.2.attn_y.cpb_mlp.0.weight
  - cross_layers_4.blocks.2.attn_y.cpb_mlp.2.weight
  - cross_layers_4.blocks.2.attn_y.output_proj.bias
  - cross_layers_4.blocks.2.attn_y.output_proj.weight
  - cross_layers_4.blocks.2.attn_y.qkv_proj.bias
  - cross_layers_4.blocks.2.attn_y.qkv_proj.weight
  - cross_layers_4.blocks.2.w_d
  - cross_layers_4.blocks.2.w_x
  - cross_layers_4.blocks.2.w_y
  - cross_layers_4.blocks.3.attn_d.cpb_mlp.0.bias
  - cross_layers_4.blocks.3.attn_d.cpb_mlp.0.weight
  - cross_layers_4.blocks.3.attn_d.cpb_mlp.2.weight
  - cross_layers_4.blocks.3.attn_d.output_proj.bias
  - cross_layers_4.blocks.3.attn_d.output_proj.weight
  - cross_layers_4.blocks.3.attn_d.qkv_proj.bias
  - cross_layers_4.blocks.3.attn_d.qkv_proj.weight
  - cross_layers_4.blocks.3.attn_x.cpb_mlp.0.bias
  - cross_layers_4.blocks.3.attn_x.cpb_mlp.0.weight
  - cross_layers_4.blocks.3.attn_x.cpb_mlp.2.weight
  - cross_layers_4.blocks.3.attn_x.output_proj.bias
  - cross_layers_4.blocks.3.attn_x.output_proj.weight
  - cross_layers_4.blocks.3.attn_x.qkv_proj.bias
  - cross_layers_4.blocks.3.attn_x.qkv_proj.weight
  - cross_layers_4.blocks.3.attn_y.cpb_mlp.0.bias
  - cross_layers_4.blocks.3.attn_y.cpb_mlp.0.weight
  - cross_layers_4.blocks.3.attn_y.cpb_mlp.2.weight
  - cross_layers_4.blocks.3.attn_y.output_proj.bias
  - cross_layers_4.blocks.3.attn_y.output_proj.weight
  - cross_layers_4.blocks.3.attn_y.qkv_proj.bias
  - cross_layers_4.blocks.3.attn_y.qkv_proj.weight
  - cross_layers_4.blocks.3.w_d
  - cross_layers_4.blocks.3.w_x
  - cross_layers_4.blocks.3.w_y
newly added parameters and are randomly initialized (12):
  - cross_layers_4.blocks.0.w_d
  - cross_layers_4.blocks.0.w_x
  - cross_layers_4.blocks.0.w_y
  - cross_layers_4.blocks.1.w_d
  - cross_layers_4.blocks.1.w_x
  - cross_layers_4.blocks.1.w_y
  - cross_layers_4.blocks.2.w_d
  - cross_layers_4.blocks.2.w_x
  - cross_layers_4.blocks.2.w_y
  - cross_layers_4.blocks.3.w_d
  - cross_layers_4.blocks.3.w_x
  - cross_layers_4.blocks.3.w_y
loaded 1441/1453 tensors from model/trained/u3net_cross_fusion_0952.pth
Ep0: tra-> Loss:4.080,Oa:0.992,Miou:0.970, time:116.5s
Ep1: tra-> Loss:3.320,Oa:0.994,Miou:0.974, val-> Loss:2.464,Oa:0.990,Miou:0.952,MiouEMA:0.9520, lr:8.40e-06,time:26.2s
  >> saved RAW ckpt, val miou 0.9521
Ep2: tra-> Loss:2.297,Oa:0.993,Miou:0.966, time:3.9s
Ep3: tra-> Loss:1.876,Oa:0.992,Miou:0.971, val-> Loss:1.583,Oa:0.990,Miou:0.952,MiouEMA:0.9519, lr:1.92e-05,time:8.6s
Ep4: tra-> Loss:1.574,Oa:0.994,Miou:0.981, time:4.0s
Ep5: tra-> Loss:1.293,Oa:0.995,Miou:0.975, val-> Loss:1.143,Oa:0.990,Miou:0.951,MiouEMA:0.9516, lr:3.00e-05,time:8.1s
Ep6: tra-> Loss:1.224,Oa:0.993,Miou:0.972, time:4.4s
Ep7: tra-> Loss:1.329,Oa:0.991,Miou:0.971, val-> Loss:0.886,Oa:0.990,Miou:0.951,MiouEMA:0.9512, lr:3.00e-05,time:9.2s
Ep8: tra-> Loss:0.801,Oa:0.993,Miou:0.976, time:5.1s
Ep9: tra-> Loss:0.871,Oa:0.994,Miou:0.975, val-> Loss:0.748,Oa:0.990,Miou:0.951,MiouEMA:0.9515, lr:3.00e-05,time:8.9s
Ep10: tra-> Loss:0.899,Oa:0.994,Miou:0.970, time:3.9s
Ep11: tra-> Loss:0.610,Oa:0.994,Miou:0.976, val-> Loss:0.633,Oa:0.990,Miou:0.951,MiouEMA:0.9513, lr:2.99e-05,time:8.2s
Ep12: tra-> Loss:0.571,Oa:0.994,Miou:0.975, time:5.0s
Ep13: tra-> Loss:0.486,Oa:0.994,Miou:0.978, val-> Loss:0.619,Oa:0.989,Miou:0.950,MiouEMA:0.9506, lr:2.99e-05,time:7.8s
Ep14: tra-> Loss:0.575,Oa:0.993,Miou:0.969, time:3.9s
Ep15: tra-> Loss:0.477,Oa:0.994,Miou:0.978, val-> Loss:0.580,Oa:0.989,Miou:0.949,MiouEMA:0.9500, lr:2.98e-05,time:7.6s
Ep16: tra-> Loss:0.464,Oa:0.993,Miou:0.970, time:3.5s
Ep17: tra-> Loss:0.542,Oa:0.994,Miou:0.972, val-> Loss:0.531,Oa:0.990,Miou:0.951,MiouEMA:0.9503, lr:2.97e-05,time:7.9s
Ep18: tra-> Loss:0.600,Oa:0.993,Miou:0.970, time:4.5s
Ep19: tra-> Loss:0.440,Oa:0.993,Miou:0.974, val-> Loss:0.567,Oa:0.989,Miou:0.950,MiouEMA:0.9501, lr:2.96e-05,time:7.9s
Ep20: tra-> Loss:0.441,Oa:0.993,Miou:0.973, time:3.4s
Ep21: tra-> Loss:0.440,Oa:0.992,Miou:0.970, val-> Loss:0.508,Oa:0.989,Miou:0.949,MiouEMA:0.9500, lr:2.95e-05,time:7.7s
Ep22: tra-> Loss:0.366,Oa:0.995,Miou:0.980, time:3.4s
Ep23: tra-> Loss:0.415,Oa:0.992,Miou:0.969, val-> Loss:0.475,Oa:0.990,Miou:0.950,MiouEMA:0.9499, lr:2.94e-05,time:8.5s
Ep24: tra-> Loss:0.448,Oa:0.995,Miou:0.977, time:3.3s
Ep25: tra-> Loss:0.406,Oa:0.993,Miou:0.971, val-> Loss:0.482,Oa:0.989,Miou:0.948,MiouEMA:0.9497, lr:2.93e-05,time:7.6s
Ep26: tra-> Loss:0.327,Oa:0.996,Miou:0.986, time:4.4s
Ep27: tra-> Loss:0.374,Oa:0.994,Miou:0.972, val-> Loss:0.462,Oa:0.989,Miou:0.948,MiouEMA:0.9492, lr:2.91e-05,time:7.7s
Ep28: tra-> Loss:0.449,Oa:0.993,Miou:0.967, time:3.6s
Ep29: tra-> Loss:0.375,Oa:0.992,Miou:0.971, val-> Loss:0.462,Oa:0.989,Miou:0.949,MiouEMA:0.9492, lr:2.89e-05,time:8.7s
Ep30: tra-> Loss:0.515,Oa:0.992,Miou:0.958, time:4.4s
Ep31: tra-> Loss:0.300,Oa:0.995,Miou:0.976, val-> Loss:0.445,Oa:0.990,Miou:0.950,MiouEMA:0.9496, lr:2.87e-05,time:7.6s
Ep32: tra-> Loss:0.334,Oa:0.995,Miou:0.978, time:3.7s
Ep33: tra-> Loss:0.358,Oa:0.993,Miou:0.973, val-> Loss:0.443,Oa:0.989,Miou:0.950,MiouEMA:0.9497, lr:2.85e-05,time:8.3s
Ep34: tra-> Loss:0.391,Oa:0.993,Miou:0.968, time:3.5s
Ep35: tra-> Loss:0.322,Oa:0.993,Miou:0.978, val-> Loss:0.432,Oa:0.989,Miou:0.950,MiouEMA:0.9498, lr:2.83e-05,time:8.4s
Ep36: tra-> Loss:0.306,Oa:0.992,Miou:0.970, time:3.8s
Ep37: tra-> Loss:0.351,Oa:0.993,Miou:0.972, val-> Loss:0.429,Oa:0.989,Miou:0.949,MiouEMA:0.9498, lr:2.81e-05,time:8.3s
Ep38: tra-> Loss:0.557,Oa:0.995,Miou:0.978, time:3.9s
Ep39: tra-> Loss:0.352,Oa:0.993,Miou:0.974, val-> Loss:0.438,Oa:0.989,Miou:0.948,MiouEMA:0.9496, lr:2.79e-05,time:8.9s
Ep40: tra-> Loss:0.360,Oa:0.992,Miou:0.967, time:3.6s
Ep41: tra-> Loss:0.345,Oa:0.993,Miou:0.969, val-> Loss:0.443,Oa:0.989,Miou:0.949,MiouEMA:0.9494, lr:2.76e-05,time:8.3s
Ep42: tra-> Loss:0.387,Oa:0.991,Miou:0.958, time:3.4s
Ep43: tra-> Loss:0.332,Oa:0.993,Miou:0.965, val-> Loss:0.426,Oa:0.989,Miou:0.949,MiouEMA:0.9493, lr:2.74e-05,time:8.8s
Ep44: tra-> Loss:0.309,Oa:0.993,Miou:0.972, time:3.9s
Ep45: tra-> Loss:0.370,Oa:0.994,Miou:0.974, val-> Loss:0.431,Oa:0.989,Miou:0.949,MiouEMA:0.9493, lr:2.71e-05,time:8.2s
Ep46: tra-> Loss:0.336,Oa:0.992,Miou:0.971, time:3.7s
Ep47: tra-> Loss:0.294,Oa:0.995,Miou:0.973, val-> Loss:0.438,Oa:0.989,Miou:0.947,MiouEMA:0.9490, lr:2.68e-05,time:7.7s
Ep48: tra-> Loss:0.284,Oa:0.994,Miou:0.975, time:4.6s
Ep49: tra-> Loss:0.308,Oa:0.993,Miou:0.975, val-> Loss:0.425,Oa:0.989,Miou:0.949,MiouEMA:0.9488, lr:2.65e-05,time:8.1s
Ep50: tra-> Loss:0.304,Oa:0.992,Miou:0.971, time:4.5s
Ep51: tra-> Loss:0.279,Oa:0.994,Miou:0.977, val-> Loss:0.419,Oa:0.989,Miou:0.949,MiouEMA:0.9490, lr:2.62e-05,time:7.8s
Ep52: tra-> Loss:0.291,Oa:0.994,Miou:0.973, time:4.0s
Ep53: tra-> Loss:0.301,Oa:0.993,Miou:0.976, val-> Loss:0.425,Oa:0.989,Miou:0.949,MiouEMA:0.9490, lr:2.59e-05,time:8.0s
Ep54: tra-> Loss:0.343,Oa:0.993,Miou:0.969, time:3.5s
Ep55: tra-> Loss:0.282,Oa:0.995,Miou:0.979, val-> Loss:0.430,Oa:0.989,Miou:0.949,MiouEMA:0.9489, lr:2.55e-05,time:8.4s
Ep56: tra-> Loss:0.301,Oa:0.994,Miou:0.974, time:4.0s
Ep57: tra-> Loss:0.310,Oa:0.993,Miou:0.971, val-> Loss:0.414,Oa:0.989,Miou:0.949,MiouEMA:0.9489, lr:2.52e-05,time:8.1s
Ep58: tra-> Loss:0.277,Oa:0.993,Miou:0.974, time:4.1s
Ep59: tra-> Loss:0.321,Oa:0.993,Miou:0.973, val-> Loss:0.417,Oa:0.990,Miou:0.950,MiouEMA:0.9491, lr:2.49e-05,time:8.2s
Ep60: tra-> Loss:0.292,Oa:0.994,Miou:0.978, time:3.5s
Ep61: tra-> Loss:0.325,Oa:0.994,Miou:0.973, val-> Loss:0.403,Oa:0.990,Miou:0.950,MiouEMA:0.9495, lr:2.45e-05,time:8.7s
Ep62: tra-> Loss:0.278,Oa:0.993,Miou:0.978, time:3.6s
Ep63: tra-> Loss:0.256,Oa:0.994,Miou:0.979, val-> Loss:0.410,Oa:0.990,Miou:0.950,MiouEMA:0.9496, lr:2.41e-05,time:8.4s
Ep64: tra-> Loss:0.318,Oa:0.994,Miou:0.972, time:4.2s
Ep65: tra-> Loss:0.309,Oa:0.994,Miou:0.973, val-> Loss:0.413,Oa:0.990,Miou:0.950,MiouEMA:0.9498, lr:2.37e-05,time:7.8s
Ep66: tra-> Loss:0.288,Oa:0.992,Miou:0.972, time:3.7s
Ep67: tra-> Loss:0.294,Oa:0.992,Miou:0.969, val-> Loss:0.403,Oa:0.990,Miou:0.950,MiouEMA:0.9499, lr:2.33e-05,time:8.1s
Ep68: tra-> Loss:0.388,Oa:0.994,Miou:0.972, time:3.5s
Ep69: tra-> Loss:0.316,Oa:0.993,Miou:0.966, val-> Loss:0.412,Oa:0.989,Miou:0.949,MiouEMA:0.9499, lr:2.30e-05,time:8.1s
Ep70: tra-> Loss:0.287,Oa:0.993,Miou:0.970, time:4.0s
Ep71: tra-> Loss:0.293,Oa:0.994,Miou:0.973, val-> Loss:0.410,Oa:0.989,Miou:0.949,MiouEMA:0.9499, lr:2.25e-05,time:8.3s
Ep72: tra-> Loss:0.263,Oa:0.994,Miou:0.976, time:3.8s
Ep73: tra-> Loss:0.264,Oa:0.994,Miou:0.975, val-> Loss:0.406,Oa:0.990,Miou:0.950,MiouEMA:0.9500, lr:2.21e-05,time:8.8s
Ep74: tra-> Loss:0.277,Oa:0.994,Miou:0.971, time:3.8s
Ep75: tra-> Loss:0.246,Oa:0.992,Miou:0.975, val-> Loss:0.405,Oa:0.989,Miou:0.950,MiouEMA:0.9500, lr:2.17e-05,time:9.5s
Ep76: tra-> Loss:0.304,Oa:0.994,Miou:0.972, time:3.8s
Ep77: tra-> Loss:0.266,Oa:0.994,Miou:0.977, val-> Loss:0.409,Oa:0.989,Miou:0.950,MiouEMA:0.9500, lr:2.13e-05,time:8.6s
Ep78: tra-> Loss:0.264,Oa:0.993,Miou:0.973, time:4.5s
Ep79: tra-> Loss:0.280,Oa:0.994,Miou:0.976, val-> Loss:0.409,Oa:0.989,Miou:0.950,MiouEMA:0.9499, lr:2.09e-05,time:7.8s
Ep80: tra-> Loss:0.273,Oa:0.994,Miou:0.976, time:4.8s
Ep81: tra-> Loss:0.270,Oa:0.993,Miou:0.973, val-> Loss:0.405,Oa:0.989,Miou:0.950,MiouEMA:0.9499, lr:2.04e-05,time:8.3s
Ep82: tra-> Loss:0.307,Oa:0.993,Miou:0.971, time:4.0s
Ep83: tra-> Loss:0.273,Oa:0.994,Miou:0.977, val-> Loss:0.402,Oa:0.989,Miou:0.950,MiouEMA:0.9499, lr:2.00e-05,time:7.8s
Ep84: tra-> Loss:0.250,Oa:0.992,Miou:0.975, time:4.3s
Ep85: tra-> Loss:0.291,Oa:0.991,Miou:0.962, val-> Loss:0.400,Oa:0.989,Miou:0.950,MiouEMA:0.9499, lr:1.95e-05,time:9.3s
Ep86: tra-> Loss:0.313,Oa:0.992,Miou:0.971, time:3.5s
Ep87: tra-> Loss:0.267,Oa:0.995,Miou:0.975, val-> Loss:0.404,Oa:0.989,Miou:0.949,MiouEMA:0.9499, lr:1.91e-05,time:9.1s
Ep88: tra-> Loss:0.293,Oa:0.992,Miou:0.968, time:3.8s
Ep89: tra-> Loss:0.294,Oa:0.995,Miou:0.974, val-> Loss:0.412,Oa:0.989,Miou:0.949,MiouEMA:0.9497, lr:1.86e-05,time:8.1s
Ep90: tra-> Loss:0.263,Oa:0.994,Miou:0.976, time:3.9s
Ep91: tra-> Loss:0.262,Oa:0.995,Miou:0.982, val-> Loss:0.404,Oa:0.989,Miou:0.949,MiouEMA:0.9496, lr:1.82e-05,time:8.3s
Ep92: tra-> Loss:0.298,Oa:0.992,Miou:0.970, time:5.5s
Ep93: tra-> Loss:0.346,Oa:0.991,Miou:0.968, val-> Loss:0.411,Oa:0.989,Miou:0.948,MiouEMA:0.9494, lr:1.77e-05,time:8.0s
Ep94: tra-> Loss:0.298,Oa:0.993,Miou:0.972, time:5.1s
Ep95: tra-> Loss:0.271,Oa:0.992,Miou:0.971, val-> Loss:0.408,Oa:0.989,Miou:0.949,MiouEMA:0.9493, lr:1.72e-05,time:8.0s
Ep96: tra-> Loss:0.301,Oa:0.994,Miou:0.979, time:4.5s
Ep97: tra-> Loss:0.249,Oa:0.994,Miou:0.978, val-> Loss:0.404,Oa:0.989,Miou:0.949,MiouEMA:0.9492, lr:1.68e-05,time:7.6s
Ep98: tra-> Loss:0.285,Oa:0.994,Miou:0.973, time:3.5s
Ep99: tra-> Loss:0.252,Oa:0.994,Miou:0.975, val-> Loss:0.415,Oa:0.989,Miou:0.949,MiouEMA:0.9492, lr:1.63e-05,time:7.9s
Ep100: tra-> Loss:0.267,Oa:0.994,Miou:0.978, time:3.9s
Ep101: tra-> Loss:0.271,Oa:0.992,Miou:0.967, val-> Loss:0.399,Oa:0.989,Miou:0.949,MiouEMA:0.9492, lr:1.59e-05,time:8.2s
Ep102: tra-> Loss:0.283,Oa:0.993,Miou:0.971, time:4.0s
Ep103: tra-> Loss:0.296,Oa:0.994,Miou:0.976, val-> Loss:0.413,Oa:0.989,Miou:0.948,MiouEMA:0.9491, lr:1.54e-05,time:8.3s
Ep104: tra-> Loss:0.304,Oa:0.993,Miou:0.965, time:4.0s
Ep105: tra-> Loss:0.271,Oa:0.993,Miou:0.974, val-> Loss:0.397,Oa:0.989,Miou:0.950,MiouEMA:0.9492, lr:1.49e-05,time:8.9s
Ep106: tra-> Loss:0.283,Oa:0.994,Miou:0.971, time:3.4s
Ep107: tra-> Loss:0.266,Oa:0.994,Miou:0.976, val-> Loss:0.403,Oa:0.989,Miou:0.949,MiouEMA:0.9492, lr:1.44e-05,time:8.5s
Ep108: tra-> Loss:0.252,Oa:0.993,Miou:0.973, time:3.8s
Ep109: tra-> Loss:0.328,Oa:0.995,Miou:0.976, val-> Loss:0.405,Oa:0.989,Miou:0.949,MiouEMA:0.9492, lr:1.40e-05,time:8.2s
Ep110: tra-> Loss:0.305,Oa:0.991,Miou:0.968, time:3.6s
Ep111: tra-> Loss:0.274,Oa:0.993,Miou:0.975, val-> Loss:0.397,Oa:0.989,Miou:0.950,MiouEMA:0.9493, lr:1.35e-05,time:7.7s
Ep112: tra-> Loss:0.296,Oa:0.993,Miou:0.971, time:3.8s
Ep113: tra-> Loss:0.256,Oa:0.993,Miou:0.973, val-> Loss:0.399,Oa:0.989,Miou:0.949,MiouEMA:0.9494, lr:1.31e-05,time:8.3s
Ep114: tra-> Loss:0.268,Oa:0.994,Miou:0.979, time:3.9s
Ep115: tra-> Loss:0.265,Oa:0.994,Miou:0.980, val-> Loss:0.404,Oa:0.989,Miou:0.950,MiouEMA:0.9494, lr:1.26e-05,time:7.9s
Ep116: tra-> Loss:0.263,Oa:0.994,Miou:0.976, time:4.0s
Ep117: tra-> Loss:0.368,Oa:0.994,Miou:0.971, val-> Loss:0.403,Oa:0.989,Miou:0.949,MiouEMA:0.9495, lr:1.21e-05,time:8.4s
Ep118: tra-> Loss:0.270,Oa:0.991,Miou:0.970, time:3.6s
Ep119: tra-> Loss:0.228,Oa:0.995,Miou:0.985, val-> Loss:0.399,Oa:0.989,Miou:0.949,MiouEMA:0.9494, lr:1.17e-05,time:8.7s
Ep120: tra-> Loss:0.321,Oa:0.993,Miou:0.975, time:3.5s
Ep121: tra-> Loss:0.289,Oa:0.994,Miou:0.970, val-> Loss:0.402,Oa:0.989,Miou:0.950,MiouEMA:0.9495, lr:1.12e-05,time:8.6s
Ep122: tra-> Loss:0.250,Oa:0.993,Miou:0.973, time:4.7s
Ep123: tra-> Loss:0.283,Oa:0.993,Miou:0.973, val-> Loss:0.400,Oa:0.989,Miou:0.949,MiouEMA:0.9495, lr:1.08e-05,time:7.9s
Ep124: tra-> Loss:0.252,Oa:0.994,Miou:0.974, time:4.0s
Ep125: tra-> Loss:0.283,Oa:0.992,Miou:0.968, val-> Loss:0.398,Oa:0.989,Miou:0.949,MiouEMA:0.9495, lr:1.04e-05,time:8.3s
Ep126: tra-> Loss:0.196,Oa:0.994,Miou:0.978, time:4.0s
Ep127: tra-> Loss:0.327,Oa:0.994,Miou:0.976, val-> Loss:0.399,Oa:0.989,Miou:0.949,MiouEMA:0.9495, lr:9.92e-06,time:9.6s
Ep128: tra-> Loss:0.342,Oa:0.993,Miou:0.965, time:4.2s
Ep129: tra-> Loss:0.239,Oa:0.995,Miou:0.979, val-> Loss:0.393,Oa:0.989,Miou:0.950,MiouEMA:0.9495, lr:9.50e-06,time:8.2s
Ep130: tra-> Loss:0.250,Oa:0.994,Miou:0.972, time:4.5s
Ep131: tra-> Loss:0.311,Oa:0.993,Miou:0.966, val-> Loss:0.394,Oa:0.989,Miou:0.949,MiouEMA:0.9495, lr:9.07e-06,time:8.1s
Ep132: tra-> Loss:0.259,Oa:0.993,Miou:0.971, time:3.5s
Ep133: tra-> Loss:0.240,Oa:0.994,Miou:0.978, val-> Loss:0.391,Oa:0.989,Miou:0.950,MiouEMA:0.9495, lr:8.66e-06,time:8.2s
Ep134: tra-> Loss:0.318,Oa:0.994,Miou:0.974, time:3.9s
Ep135: tra-> Loss:0.274,Oa:0.993,Miou:0.970, val-> Loss:0.400,Oa:0.989,Miou:0.949,MiouEMA:0.9495, lr:8.25e-06,time:8.2s
Ep136: tra-> Loss:0.260,Oa:0.993,Miou:0.972, time:3.5s
Ep137: tra-> Loss:0.290,Oa:0.995,Miou:0.979, val-> Loss:0.402,Oa:0.989,Miou:0.949,MiouEMA:0.9495, lr:7.85e-06,time:7.9s
Ep138: tra-> Loss:0.285,Oa:0.993,Miou:0.968, time:3.9s
Ep139: tra-> Loss:0.298,Oa:0.993,Miou:0.974, val-> Loss:0.399,Oa:0.989,Miou:0.949,MiouEMA:0.9495, lr:7.46e-06,time:8.3s
Ep140: tra-> Loss:0.252,Oa:0.995,Miou:0.980, time:3.8s
Ep141: tra-> Loss:0.255,Oa:0.993,Miou:0.969, val-> Loss:0.397,Oa:0.990,Miou:0.950,MiouEMA:0.9495, lr:7.07e-06,time:8.4s
Ep142: tra-> Loss:0.286,Oa:0.992,Miou:0.969, time:4.1s
Ep143: tra-> Loss:0.282,Oa:0.993,Miou:0.974, val-> Loss:0.398,Oa:0.989,Miou:0.950,MiouEMA:0.9496, lr:6.70e-06,time:8.2s
Ep144: tra-> Loss:0.220,Oa:0.994,Miou:0.978, time:4.6s
Ep145: tra-> Loss:0.262,Oa:0.994,Miou:0.977, val-> Loss:0.401,Oa:0.989,Miou:0.949,MiouEMA:0.9496, lr:6.33e-06,time:8.7s
Ep146: tra-> Loss:0.237,Oa:0.995,Miou:0.981, time:4.6s
Ep147: tra-> Loss:0.308,Oa:0.995,Miou:0.974, val-> Loss:0.402,Oa:0.989,Miou:0.949,MiouEMA:0.9495, lr:5.97e-06,time:8.1s
Ep148: tra-> Loss:0.270,Oa:0.995,Miou:0.977, time:4.5s
Ep149: tra-> Loss:0.239,Oa:0.992,Miou:0.975, val-> Loss:0.390,Oa:0.990,Miou:0.950,MiouEMA:0.9495, lr:5.63e-06,time:8.2s
Ep150: tra-> Loss:0.288,Oa:0.995,Miou:0.973, time:3.7s
Ep151: tra-> Loss:0.243,Oa:0.993,Miou:0.973, val-> Loss:0.393,Oa:0.990,Miou:0.950,MiouEMA:0.9496, lr:5.29e-06,time:9.2s
Ep152: tra-> Loss:0.237,Oa:0.993,Miou:0.977, time:4.5s
Ep153: tra-> Loss:0.246,Oa:0.994,Miou:0.977, val-> Loss:0.398,Oa:0.989,Miou:0.949,MiouEMA:0.9497, lr:4.96e-06,time:7.6s
Ep154: tra-> Loss:0.232,Oa:0.994,Miou:0.978, time:3.4s
Ep155: tra-> Loss:0.243,Oa:0.992,Miou:0.969, val-> Loss:0.395,Oa:0.990,Miou:0.950,MiouEMA:0.9496, lr:4.65e-06,time:8.2s
Ep156: tra-> Loss:0.285,Oa:0.995,Miou:0.976, time:3.5s
Ep157: tra-> Loss:0.237,Oa:0.994,Miou:0.979, val-> Loss:0.395,Oa:0.990,Miou:0.951,MiouEMA:0.9497, lr:4.34e-06,time:8.1s
Ep158: tra-> Loss:0.295,Oa:0.994,Miou:0.970, time:3.5s
Ep159: tra-> Loss:0.284,Oa:0.994,Miou:0.973, val-> Loss:0.401,Oa:0.989,Miou:0.949,MiouEMA:0.9497, lr:4.05e-06,time:8.2s
Ep160: tra-> Loss:0.272,Oa:0.993,Miou:0.973, time:4.0s
Ep161: tra-> Loss:0.278,Oa:0.993,Miou:0.973, val-> Loss:0.393,Oa:0.989,Miou:0.949,MiouEMA:0.9497, lr:3.77e-06,time:7.8s
Ep162: tra-> Loss:0.241,Oa:0.992,Miou:0.976, time:3.8s
Ep163: tra-> Loss:0.253,Oa:0.994,Miou:0.979, val-> Loss:0.389,Oa:0.990,Miou:0.950,MiouEMA:0.9497, lr:3.50e-06,time:8.9s
Ep164: tra-> Loss:0.254,Oa:0.994,Miou:0.978, time:3.6s
Ep165: tra-> Loss:0.280,Oa:0.994,Miou:0.978, val-> Loss:0.393,Oa:0.989,Miou:0.950,MiouEMA:0.9497, lr:3.24e-06,time:7.9s
Ep166: tra-> Loss:0.294,Oa:0.992,Miou:0.970, time:3.5s
Ep167: tra-> Loss:0.273,Oa:0.992,Miou:0.971, val-> Loss:0.391,Oa:0.990,Miou:0.950,MiouEMA:0.9497, lr:3.00e-06,time:7.7s
Ep168: tra-> Loss:0.266,Oa:0.995,Miou:0.978, time:4.1s
Ep169: tra-> Loss:0.277,Oa:0.991,Miou:0.968, val-> Loss:0.401,Oa:0.989,Miou:0.949,MiouEMA:0.9497, lr:2.77e-06,time:7.8s
Ep170: tra-> Loss:0.240,Oa:0.995,Miou:0.979, time:4.0s
Ep171: tra-> Loss:0.293,Oa:0.994,Miou:0.974, val-> Loss:0.398,Oa:0.989,Miou:0.950,MiouEMA:0.9497, lr:2.55e-06,time:8.2s
Ep172: tra-> Loss:0.262,Oa:0.993,Miou:0.978, time:3.8s
Ep173: tra-> Loss:0.231,Oa:0.995,Miou:0.977, val-> Loss:0.396,Oa:0.990,Miou:0.950,MiouEMA:0.9497, lr:2.35e-06,time:8.2s
Ep174: tra-> Loss:0.304,Oa:0.992,Miou:0.965, time:3.4s
Ep175: tra-> Loss:0.303,Oa:0.995,Miou:0.976, val-> Loss:0.405,Oa:0.989,Miou:0.949,MiouEMA:0.9498, lr:2.16e-06,time:8.3s
Ep176: tra-> Loss:0.327,Oa:0.993,Miou:0.974, time:3.4s
Ep177: tra-> Loss:0.313,Oa:0.994,Miou:0.972, val-> Loss:0.401,Oa:0.989,Miou:0.949,MiouEMA:0.9498, lr:1.98e-06,time:9.5s
Ep178: tra-> Loss:0.250,Oa:0.993,Miou:0.972, time:3.5s
Ep179: tra-> Loss:0.295,Oa:0.994,Miou:0.968, val-> Loss:0.397,Oa:0.990,Miou:0.950,MiouEMA:0.9498, lr:1.82e-06,time:9.0s
Ep180: tra-> Loss:0.273,Oa:0.992,Miou:0.966, time:4.9s
Ep181: tra-> Loss:0.261,Oa:0.992,Miou:0.971, val-> Loss:0.393,Oa:0.990,Miou:0.950,MiouEMA:0.9498, lr:1.67e-06,time:8.0s
Ep182: tra-> Loss:0.230,Oa:0.993,Miou:0.974, time:3.4s
Ep183: tra-> Loss:0.239,Oa:0.992,Miou:0.971, val-> Loss:0.394,Oa:0.989,Miou:0.950,MiouEMA:0.9498, lr:1.54e-06,time:9.4s
Ep184: tra-> Loss:0.305,Oa:0.994,Miou:0.972, time:4.1s
Ep185: tra-> Loss:0.272,Oa:0.993,Miou:0.973, val-> Loss:0.403,Oa:0.989,Miou:0.949,MiouEMA:0.9498, lr:1.42e-06,time:8.2s
Ep186: tra-> Loss:0.307,Oa:0.994,Miou:0.972, time:3.9s
Ep187: tra-> Loss:0.271,Oa:0.992,Miou:0.974, val-> Loss:0.400,Oa:0.990,Miou:0.950,MiouEMA:0.9498, lr:1.32e-06,time:7.8s
Ep188: tra-> Loss:0.266,Oa:0.993,Miou:0.976, time:4.0s
Ep189: tra-> Loss:0.282,Oa:0.993,Miou:0.972, val-> Loss:0.394,Oa:0.990,Miou:0.950,MiouEMA:0.9498, lr:1.23e-06,time:8.1s
Ep190: tra-> Loss:0.280,Oa:0.993,Miou:0.978, time:3.6s
Ep191: tra-> Loss:0.249,Oa:0.994,Miou:0.972, val-> Loss:0.399,Oa:0.989,Miou:0.950,MiouEMA:0.9498, lr:1.15e-06,time:8.0s
Ep192: tra-> Loss:0.266,Oa:0.994,Miou:0.974, time:3.5s
Ep193: tra-> Loss:0.214,Oa:0.993,Miou:0.977, val-> Loss:0.396,Oa:0.989,Miou:0.950,MiouEMA:0.9498, lr:1.09e-06,time:8.8s
Ep194: tra-> Loss:0.268,Oa:0.992,Miou:0.973, time:3.6s
Ep195: tra-> Loss:0.249,Oa:0.994,Miou:0.973, val-> Loss:0.395,Oa:0.990,Miou:0.950,MiouEMA:0.9498, lr:1.05e-06,time:7.9s
Ep196: tra-> Loss:0.258,Oa:0.994,Miou:0.975, time:4.5s
Ep197: tra-> Loss:0.267,Oa:0.994,Miou:0.977, val-> Loss:0.389,Oa:0.990,Miou:0.950,MiouEMA:0.9499, lr:1.02e-06,time:8.3s
Ep198: tra-> Loss:0.232,Oa:0.993,Miou:0.976, time:3.8s
Ep199: tra-> Loss:0.284,Oa:0.993,Miou:0.970, val-> Loss:0.393,Oa:0.989,Miou:0.949,MiouEMA:0.9499, lr:1.00e-06,time:8.4s
BEST val miou: 0.9521
