Unexpected keys (bn2.num_batches_tracked, bn2.bias, bn2.running_mean, bn2.running_var, bn2.weight, classifier.bias, classifier.weight, conv_head.weight) found while loading pretrained weights. This may be expected if model is being adapted.
Unexpected keys (bn2.num_batches_tracked, bn2.bias, bn2.running_mean, bn2.running_var, bn2.weight, classifier.bias, classifier.weight, conv_head.weight) found while loading pretrained weights. This may be expected if model is being adapted.
Unexpected keys (bn2.num_batches_tracked, bn2.bias, bn2.running_mean, bn2.running_var, bn2.weight, classifier.bias, classifier.weight, conv_head.weight) found while loading pretrained weights. This may be expected if model is being adapted.
train scenes: 52
vali patch 512: 117
Output channels from encoder stages: [16, 24, 40, 112, 320]
loaded 1453/1453 tensors from model/trained/u3net_cross_fusion_v2_soup09522.pth
Ep0: tra-> Loss:0.295,Oa:0.994,Miou:0.976, time:117.6s
Ep1: tra-> Loss:0.292,Oa:0.993,Miou:0.968, val-> Loss:0.402,Oa:0.989,Miou:0.948,MiouEMA:0.9483, lr:1.00e-04,time:25.8s
Ep2: tra-> Loss:0.309,Oa:0.993,Miou:0.975, time:3.4s
Ep3: tra-> Loss:0.275,Oa:0.993,Miou:0.972, val-> Loss:0.399,Oa:0.989,Miou:0.947,MiouEMA:0.9474, lr:1.00e-04,time:7.6s
Ep4: tra-> Loss:0.274,Oa:0.994,Miou:0.974, time:5.1s
Ep5: tra-> Loss:0.266,Oa:0.994,Miou:0.976, val-> Loss:0.407,Oa:0.989,Miou:0.948,MiouEMA:0.9482, lr:1.00e-04,time:8.3s
Ep6: tra-> Loss:0.235,Oa:0.993,Miou:0.973, time:3.9s
Ep7: tra-> Loss:0.265,Oa:0.992,Miou:0.965, val-> Loss:0.403,Oa:0.989,Miou:0.949,MiouEMA:0.9485, lr:1.00e-04,time:8.9s
Ep8: tra-> Loss:0.345,Oa:0.994,Miou:0.975, time:4.4s
Ep9: tra-> Loss:0.284,Oa:0.993,Miou:0.973, val-> Loss:0.401,Oa:0.989,Miou:0.949,MiouEMA:0.9492, lr:1.00e-04,time:7.3s
Ep10: tra-> Loss:0.251,Oa:0.994,Miou:0.974, time:4.1s
Ep11: tra-> Loss:0.233,Oa:0.993,Miou:0.978, val-> Loss:0.394,Oa:0.989,Miou:0.949,MiouEMA:0.9492, lr:1.00e-04,time:8.1s
Ep12: tra-> Loss:0.264,Oa:0.993,Miou:0.974, time:3.9s
Ep13: tra-> Loss:0.284,Oa:0.993,Miou:0.974, val-> Loss:0.389,Oa:0.990,Miou:0.951,MiouEMA:0.9500, lr:1.00e-04,time:8.0s
Ep14: tra-> Loss:0.282,Oa:0.992,Miou:0.973, time:4.3s
Ep15: tra-> Loss:0.324,Oa:0.993,Miou:0.973, val-> Loss:0.398,Oa:0.989,Miou:0.949,MiouEMA:0.9499, lr:1.00e-04,time:8.2s
Ep16: tra-> Loss:0.240,Oa:0.991,Miou:0.969, time:3.5s
Ep17: tra-> Loss:0.231,Oa:0.992,Miou:0.973, val-> Loss:0.397,Oa:0.989,Miou:0.948,MiouEMA:0.9496, lr:1.00e-04,time:8.2s
Ep18: tra-> Loss:0.248,Oa:0.993,Miou:0.974, time:4.0s
Ep19: tra-> Loss:0.197,Oa:0.994,Miou:0.979, val-> Loss:0.397,Oa:0.989,Miou:0.949,MiouEMA:0.9492, lr:1.00e-04,time:7.5s
Ep20: tra-> Loss:0.252,Oa:0.991,Miou:0.970, time:3.8s
Ep21: tra-> Loss:0.261,Oa:0.993,Miou:0.972, val-> Loss:0.380,Oa:0.989,Miou:0.949,MiouEMA:0.9492, lr:1.00e-04,time:7.2s
Ep22: tra-> Loss:0.268,Oa:0.992,Miou:0.968, time:3.5s
Ep23: tra-> Loss:0.242,Oa:0.993,Miou:0.977, val-> Loss:0.400,Oa:0.989,Miou:0.949,MiouEMA:0.9497, lr:1.00e-04,time:8.0s
Ep24: tra-> Loss:0.240,Oa:0.994,Miou:0.977, time:4.0s
Ep25: tra-> Loss:0.280,Oa:0.994,Miou:0.971, val-> Loss:0.465,Oa:0.986,Miou:0.935,MiouEMA:0.9498, lr:1.00e-04,time:7.4s
Ep26: tra-> Loss:0.242,Oa:0.993,Miou:0.975, time:4.0s
Ep27: tra-> Loss:0.287,Oa:0.993,Miou:0.967, val-> Loss:0.394,Oa:0.989,Miou:0.950,MiouEMA:0.9500, lr:1.00e-04,time:7.8s
Ep28: tra-> Loss:0.258,Oa:0.994,Miou:0.971, time:4.0s
Ep29: tra-> Loss:0.251,Oa:0.992,Miou:0.971, val-> Loss:0.402,Oa:0.989,Miou:0.947,MiouEMA:0.9500, lr:1.00e-04,time:8.1s
Ep30: tra-> Loss:0.228,Oa:0.995,Miou:0.979, time:3.9s
Ep31: tra-> Loss:0.254,Oa:0.994,Miou:0.976, val-> Loss:0.402,Oa:0.989,Miou:0.947,MiouEMA:0.9494, lr:1.00e-04,time:8.2s
Ep32: tra-> Loss:0.305,Oa:0.993,Miou:0.968, time:3.9s
Ep33: tra-> Loss:0.254,Oa:0.992,Miou:0.972, val-> Loss:0.404,Oa:0.989,Miou:0.948,MiouEMA:0.9487, lr:1.00e-04,time:8.7s
Ep34: tra-> Loss:0.213,Oa:0.994,Miou:0.978, time:4.1s
Ep35: tra-> Loss:0.215,Oa:0.993,Miou:0.976, val-> Loss:0.386,Oa:0.989,Miou:0.950,MiouEMA:0.9491, lr:1.00e-04,time:7.8s
Ep36: tra-> Loss:0.260,Oa:0.993,Miou:0.971, time:3.9s
Ep37: tra-> Loss:0.288,Oa:0.994,Miou:0.971, val-> Loss:0.474,Oa:0.985,Miou:0.930,MiouEMA:0.9489, lr:1.00e-04,time:9.3s
Ep38: tra-> Loss:0.272,Oa:0.992,Miou:0.973, time:5.0s
Ep39: tra-> Loss:0.226,Oa:0.995,Miou:0.977, val-> Loss:0.386,Oa:0.989,Miou:0.949,MiouEMA:0.9487, lr:1.00e-04,time:8.5s
Ep40: tra-> Loss:0.236,Oa:0.993,Miou:0.977, time:4.4s
Ep41: tra-> Loss:0.214,Oa:0.994,Miou:0.970, val-> Loss:0.397,Oa:0.989,Miou:0.949,MiouEMA:0.9491, lr:1.00e-04,time:8.1s
Ep42: tra-> Loss:0.246,Oa:0.992,Miou:0.971, time:3.4s
Ep43: tra-> Loss:0.341,Oa:0.993,Miou:0.973, val-> Loss:0.394,Oa:0.989,Miou:0.950,MiouEMA:0.9493, lr:1.00e-04,time:7.5s
Ep44: tra-> Loss:0.258,Oa:0.993,Miou:0.971, time:3.7s
Ep45: tra-> Loss:0.228,Oa:0.993,Miou:0.978, val-> Loss:0.398,Oa:0.990,Miou:0.950,MiouEMA:0.9493, lr:1.00e-04,time:8.0s
Ep46: tra-> Loss:0.220,Oa:0.994,Miou:0.975, time:4.4s
Ep47: tra-> Loss:0.286,Oa:0.992,Miou:0.966, val-> Loss:0.405,Oa:0.989,Miou:0.950,MiouEMA:0.9499, lr:1.00e-04,time:8.5s
Ep48: tra-> Loss:0.249,Oa:0.994,Miou:0.972, time:3.3s
Ep49: tra-> Loss:0.248,Oa:0.993,Miou:0.970, val-> Loss:0.498,Oa:0.985,Miou:0.930,MiouEMA:0.9497, lr:1.00e-04,time:7.6s
Ep50: tra-> Loss:0.214,Oa:0.993,Miou:0.975, time:3.9s
Ep51: tra-> Loss:0.218,Oa:0.995,Miou:0.979, val-> Loss:0.414,Oa:0.989,Miou:0.948,MiouEMA:0.9489, lr:1.00e-04,time:8.5s
Ep52: tra-> Loss:0.229,Oa:0.994,Miou:0.979, time:4.5s
Ep53: tra-> Loss:0.227,Oa:0.995,Miou:0.978, val-> Loss:0.424,Oa:0.989,Miou:0.947,MiouEMA:0.9494, lr:1.00e-04,time:7.8s
Ep54: tra-> Loss:0.257,Oa:0.992,Miou:0.973, time:4.3s
Ep55: tra-> Loss:0.198,Oa:0.994,Miou:0.981, val-> Loss:0.386,Oa:0.990,Miou:0.950,MiouEMA:0.9498, lr:1.00e-04,time:7.9s
Ep56: tra-> Loss:0.240,Oa:0.994,Miou:0.978, time:3.9s
Ep57: tra-> Loss:0.252,Oa:0.991,Miou:0.971, val-> Loss:0.401,Oa:0.989,Miou:0.947,MiouEMA:0.9499, lr:1.00e-04,time:7.7s
Ep58: tra-> Loss:0.246,Oa:0.994,Miou:0.979, time:3.8s
Ep59: tra-> Loss:0.253,Oa:0.993,Miou:0.964, val-> Loss:0.393,Oa:0.989,Miou:0.950,MiouEMA:0.9500, lr:1.00e-04,time:8.0s
Ep60: tra-> Loss:0.252,Oa:0.993,Miou:0.973, time:4.5s
Ep61: tra-> Loss:0.228,Oa:0.994,Miou:0.969, val-> Loss:0.400,Oa:0.989,Miou:0.948,MiouEMA:0.9500, lr:1.00e-04,time:7.7s
Ep62: tra-> Loss:0.271,Oa:0.993,Miou:0.969, time:3.9s
Ep63: tra-> Loss:0.274,Oa:0.993,Miou:0.973, val-> Loss:0.383,Oa:0.989,Miou:0.948,MiouEMA:0.9500, lr:1.00e-04,time:8.1s
Ep64: tra-> Loss:0.226,Oa:0.993,Miou:0.966, time:4.5s
Ep65: tra-> Loss:0.252,Oa:0.994,Miou:0.972, val-> Loss:0.393,Oa:0.989,Miou:0.949,MiouEMA:0.9500, lr:1.00e-04,time:8.1s
Ep66: tra-> Loss:0.235,Oa:0.995,Miou:0.981, time:4.4s
Ep67: tra-> Loss:0.215,Oa:0.993,Miou:0.974, val-> Loss:0.381,Oa:0.989,Miou:0.949,MiouEMA:0.9500, lr:1.00e-04,time:7.8s
Ep68: tra-> Loss:0.247,Oa:0.992,Miou:0.971, time:4.1s
Ep69: tra-> Loss:0.217,Oa:0.994,Miou:0.974, val-> Loss:0.397,Oa:0.989,Miou:0.949,MiouEMA:0.9500, lr:1.00e-04,time:8.0s
Ep70: tra-> Loss:0.272,Oa:0.993,Miou:0.973, time:3.3s
Ep71: tra-> Loss:0.226,Oa:0.995,Miou:0.975, val-> Loss:0.393,Oa:0.989,Miou:0.950,MiouEMA:0.9500, lr:1.00e-04,time:8.0s
Ep72: tra-> Loss:0.234,Oa:0.992,Miou:0.971, time:3.8s
Ep73: tra-> Loss:0.250,Oa:0.994,Miou:0.976, val-> Loss:0.403,Oa:0.989,Miou:0.948,MiouEMA:0.9500, lr:1.00e-04,time:8.6s
Ep74: tra-> Loss:0.235,Oa:0.994,Miou:0.977, time:3.3s
Ep75: tra-> Loss:0.235,Oa:0.991,Miou:0.972, val-> Loss:0.385,Oa:0.989,Miou:0.949,MiouEMA:0.9498, lr:1.00e-04,time:7.7s
Ep76: tra-> Loss:0.279,Oa:0.994,Miou:0.967, time:3.4s
Ep77: tra-> Loss:0.202,Oa:0.994,Miou:0.977, val-> Loss:0.385,Oa:0.989,Miou:0.948,MiouEMA:0.9498, lr:1.00e-04,time:8.0s
Ep78: tra-> Loss:0.254,Oa:0.993,Miou:0.973, time:3.5s
Ep79: tra-> Loss:0.257,Oa:0.995,Miou:0.974, val-> Loss:0.384,Oa:0.989,Miou:0.949,MiouEMA:0.9497, lr:1.00e-04,time:7.7s
Ep80: tra-> Loss:0.230,Oa:0.993,Miou:0.973, time:3.5s
Ep81: tra-> Loss:0.240,Oa:0.994,Miou:0.975, val-> Loss:0.381,Oa:0.989,Miou:0.949,MiouEMA:0.9496, lr:1.00e-04,time:7.7s
Ep82: tra-> Loss:0.292,Oa:0.995,Miou:0.976, time:3.9s
Ep83: tra-> Loss:0.260,Oa:0.992,Miou:0.970, val-> Loss:0.378,Oa:0.989,Miou:0.950,MiouEMA:0.9497, lr:1.00e-04,time:7.7s
Ep84: tra-> Loss:0.245,Oa:0.993,Miou:0.973, time:3.6s
Ep85: tra-> Loss:0.269,Oa:0.994,Miou:0.976, val-> Loss:0.384,Oa:0.989,Miou:0.949,MiouEMA:0.9498, lr:1.00e-04,time:8.0s
Ep86: tra-> Loss:0.298,Oa:0.990,Miou:0.967, time:4.0s
Ep87: tra-> Loss:0.233,Oa:0.992,Miou:0.969, val-> Loss:0.374,Oa:0.989,Miou:0.949,MiouEMA:0.9498, lr:1.00e-04,time:8.2s
Ep88: tra-> Loss:0.245,Oa:0.992,Miou:0.970, time:4.5s
Ep89: tra-> Loss:0.245,Oa:0.994,Miou:0.973, val-> Loss:0.377,Oa:0.989,Miou:0.949,MiouEMA:0.9498, lr:1.00e-04,time:7.8s
Ep90: tra-> Loss:0.285,Oa:0.994,Miou:0.960, time:3.6s
Ep91: tra-> Loss:0.230,Oa:0.994,Miou:0.979, val-> Loss:0.381,Oa:0.989,Miou:0.950,MiouEMA:0.9501, lr:1.00e-04,time:8.0s
Ep92: tra-> Loss:0.279,Oa:0.992,Miou:0.967, time:3.5s
Ep93: tra-> Loss:0.272,Oa:0.991,Miou:0.968, val-> Loss:0.386,Oa:0.989,Miou:0.949,MiouEMA:0.9502, lr:1.00e-04,time:7.9s
Ep94: tra-> Loss:0.225,Oa:0.992,Miou:0.974, time:4.3s
Ep95: tra-> Loss:0.258,Oa:0.993,Miou:0.967, val-> Loss:0.382,Oa:0.989,Miou:0.949,MiouEMA:0.9502, lr:1.00e-04,time:8.0s
Ep96: tra-> Loss:0.240,Oa:0.994,Miou:0.976, time:3.9s
Ep97: tra-> Loss:0.244,Oa:0.993,Miou:0.967, val-> Loss:0.374,Oa:0.990,Miou:0.950,MiouEMA:0.9502, lr:1.00e-04,time:9.2s
Ep98: tra-> Loss:0.269,Oa:0.993,Miou:0.974, time:3.7s
Ep99: tra-> Loss:0.232,Oa:0.995,Miou:0.981, val-> Loss:0.377,Oa:0.990,Miou:0.951,MiouEMA:0.9504, lr:1.00e-04,time:7.6s
Ep100: tra-> Loss:0.259,Oa:0.992,Miou:0.966, time:4.2s
Ep101: tra-> Loss:0.240,Oa:0.994,Miou:0.975, val-> Loss:0.381,Oa:0.989,Miou:0.950,MiouEMA:0.9506, lr:1.00e-04,time:7.9s
Ep102: tra-> Loss:0.296,Oa:0.993,Miou:0.963, time:3.9s
Ep103: tra-> Loss:0.243,Oa:0.993,Miou:0.973, val-> Loss:0.383,Oa:0.990,Miou:0.951,MiouEMA:0.9506, lr:1.00e-04,time:7.8s
Ep104: tra-> Loss:0.242,Oa:0.994,Miou:0.973, time:4.4s
Ep105: tra-> Loss:0.218,Oa:0.994,Miou:0.973, val-> Loss:0.388,Oa:0.990,Miou:0.951,MiouEMA:0.9508, lr:1.00e-04,time:7.3s
Ep106: tra-> Loss:0.253,Oa:0.991,Miou:0.966, time:3.8s
Ep107: tra-> Loss:0.234,Oa:0.994,Miou:0.975, val-> Loss:0.382,Oa:0.990,Miou:0.950,MiouEMA:0.9509, lr:1.00e-04,time:7.5s
Ep108: tra-> Loss:0.248,Oa:0.994,Miou:0.972, time:3.6s
Ep109: tra-> Loss:0.295,Oa:0.992,Miou:0.971, val-> Loss:0.382,Oa:0.989,Miou:0.950,MiouEMA:0.9508, lr:1.00e-04,time:8.3s
Ep110: tra-> Loss:0.214,Oa:0.994,Miou:0.978, time:4.4s
Ep111: tra-> Loss:0.231,Oa:0.993,Miou:0.975, val-> Loss:0.386,Oa:0.989,Miou:0.949,MiouEMA:0.9507, lr:1.00e-04,time:7.8s
Ep112: tra-> Loss:0.282,Oa:0.995,Miou:0.975, time:3.7s
Ep113: tra-> Loss:0.267,Oa:0.993,Miou:0.973, val-> Loss:0.389,Oa:0.989,Miou:0.950,MiouEMA:0.9507, lr:1.00e-04,time:8.3s
Ep114: tra-> Loss:0.218,Oa:0.995,Miou:0.980, time:3.8s
Ep115: tra-> Loss:0.245,Oa:0.993,Miou:0.971, val-> Loss:0.395,Oa:0.989,Miou:0.949,MiouEMA:0.9505, lr:1.00e-04,time:8.5s
Ep116: tra-> Loss:0.247,Oa:0.992,Miou:0.971, time:3.9s
Ep117: tra-> Loss:0.259,Oa:0.994,Miou:0.974, val-> Loss:0.390,Oa:0.989,Miou:0.948,MiouEMA:0.9503, lr:1.00e-04,time:7.9s
Ep118: tra-> Loss:0.255,Oa:0.994,Miou:0.977, time:3.5s
Ep119: tra-> Loss:0.229,Oa:0.993,Miou:0.968, val-> Loss:0.399,Oa:0.989,Miou:0.948,MiouEMA:0.9502, lr:1.00e-04,time:7.8s
Ep120: tra-> Loss:0.253,Oa:0.994,Miou:0.977, time:3.9s
Ep121: tra-> Loss:0.258,Oa:0.995,Miou:0.976, val-> Loss:0.380,Oa:0.989,Miou:0.948,MiouEMA:0.9502, lr:1.00e-04,time:7.6s
Ep122: tra-> Loss:0.260,Oa:0.993,Miou:0.973, time:4.8s
Ep123: tra-> Loss:0.236,Oa:0.994,Miou:0.977, val-> Loss:0.383,Oa:0.989,Miou:0.950,MiouEMA:0.9501, lr:1.00e-04,time:7.3s
Ep124: tra-> Loss:0.239,Oa:0.993,Miou:0.973, time:3.8s
Ep125: tra-> Loss:0.258,Oa:0.993,Miou:0.973, val-> Loss:0.383,Oa:0.989,Miou:0.949,MiouEMA:0.9501, lr:1.00e-04,time:8.4s
Ep126: tra-> Loss:0.255,Oa:0.993,Miou:0.973, time:3.3s
Ep127: tra-> Loss:0.242,Oa:0.994,Miou:0.975, val-> Loss:0.377,Oa:0.990,Miou:0.950,MiouEMA:0.9501, lr:1.00e-04,time:8.4s
Ep128: tra-> Loss:0.244,Oa:0.992,Miou:0.967, time:4.2s
Ep129: tra-> Loss:0.216,Oa:0.994,Miou:0.976, val-> Loss:0.373,Oa:0.990,Miou:0.950,MiouEMA:0.9502, lr:1.00e-04,time:7.6s
Ep130: tra-> Loss:0.237,Oa:0.994,Miou:0.976, time:3.6s
Ep131: tra-> Loss:0.235,Oa:0.994,Miou:0.975, val-> Loss:0.370,Oa:0.989,Miou:0.949,MiouEMA:0.9503, lr:1.00e-04,time:8.8s
Ep132: tra-> Loss:0.215,Oa:0.993,Miou:0.977, time:3.8s
Ep133: tra-> Loss:0.262,Oa:0.993,Miou:0.972, val-> Loss:0.366,Oa:0.989,Miou:0.950,MiouEMA:0.9502, lr:1.00e-04,time:8.1s
Ep134: tra-> Loss:0.219,Oa:0.992,Miou:0.972, time:4.6s
Ep135: tra-> Loss:0.230,Oa:0.994,Miou:0.980, val-> Loss:0.371,Oa:0.990,Miou:0.950,MiouEMA:0.9501, lr:1.00e-04,time:8.1s
Ep136: tra-> Loss:0.258,Oa:0.994,Miou:0.973, time:3.4s
Ep137: tra-> Loss:0.213,Oa:0.993,Miou:0.973, val-> Loss:0.368,Oa:0.989,Miou:0.949,MiouEMA:0.9502, lr:1.00e-04,time:7.6s
Ep138: tra-> Loss:0.419,Oa:0.994,Miou:0.975, time:3.9s
Ep139: tra-> Loss:0.273,Oa:0.993,Miou:0.973, val-> Loss:0.397,Oa:0.989,Miou:0.946,MiouEMA:0.9500, lr:1.00e-04,time:8.6s
Ep140: tra-> Loss:0.286,Oa:0.992,Miou:0.965, time:4.5s
Ep141: tra-> Loss:0.265,Oa:0.993,Miou:0.967, val-> Loss:0.398,Oa:0.989,Miou:0.946,MiouEMA:0.9498, lr:1.00e-04,time:8.6s
Ep142: tra-> Loss:0.239,Oa:0.993,Miou:0.972, time:4.6s
Ep143: tra-> Loss:0.214,Oa:0.994,Miou:0.974, val-> Loss:0.385,Oa:0.989,Miou:0.948,MiouEMA:0.9497, lr:1.00e-04,time:8.1s
Ep144: tra-> Loss:0.224,Oa:0.994,Miou:0.972, time:3.4s
Ep145: tra-> Loss:0.281,Oa:0.994,Miou:0.973, val-> Loss:0.372,Oa:0.989,Miou:0.950,MiouEMA:0.9497, lr:1.00e-04,time:8.2s
Ep146: tra-> Loss:0.238,Oa:0.993,Miou:0.974, time:3.4s
Ep147: tra-> Loss:0.252,Oa:0.994,Miou:0.977, val-> Loss:0.395,Oa:0.989,Miou:0.948,MiouEMA:0.9497, lr:1.00e-04,time:8.6s
Ep148: tra-> Loss:0.220,Oa:0.995,Miou:0.975, time:3.5s
Ep149: tra-> Loss:0.202,Oa:0.993,Miou:0.974, val-> Loss:0.397,Oa:0.989,Miou:0.949,MiouEMA:0.9496, lr:1.00e-04,time:8.3s
Ep150: tra-> Loss:0.234,Oa:0.993,Miou:0.977, time:3.8s
Ep151: tra-> Loss:0.222,Oa:0.991,Miou:0.974, val-> Loss:0.378,Oa:0.990,Miou:0.950,MiouEMA:0.9497, lr:1.00e-04,time:8.2s
Ep152: tra-> Loss:0.243,Oa:0.992,Miou:0.971, time:3.4s
Ep153: tra-> Loss:0.244,Oa:0.992,Miou:0.973, val-> Loss:0.385,Oa:0.990,Miou:0.951,MiouEMA:0.9499, lr:1.00e-04,time:8.2s
Ep154: tra-> Loss:0.231,Oa:0.993,Miou:0.974, time:3.8s
Ep155: tra-> Loss:0.229,Oa:0.991,Miou:0.970, val-> Loss:0.379,Oa:0.990,Miou:0.951,MiouEMA:0.9501, lr:1.00e-04,time:8.1s
Ep156: tra-> Loss:0.217,Oa:0.994,Miou:0.976, time:3.4s
Ep157: tra-> Loss:0.269,Oa:0.993,Miou:0.973, val-> Loss:0.400,Oa:0.990,Miou:0.950,MiouEMA:0.9503, lr:1.00e-04,time:8.7s
Ep158: tra-> Loss:0.266,Oa:0.992,Miou:0.970, time:4.1s
Ep159: tra-> Loss:0.212,Oa:0.994,Miou:0.980, val-> Loss:0.385,Oa:0.989,Miou:0.949,MiouEMA:0.9504, lr:1.00e-04,time:8.0s
Ep160: tra-> Loss:0.229,Oa:0.995,Miou:0.978, time:3.4s
Ep161: tra-> Loss:0.248,Oa:0.993,Miou:0.970, val-> Loss:0.372,Oa:0.989,Miou:0.949,MiouEMA:0.9503, lr:1.00e-04,time:7.5s
Ep162: tra-> Loss:0.261,Oa:0.994,Miou:0.970, time:3.5s
Ep163: tra-> Loss:0.285,Oa:0.994,Miou:0.972, val-> Loss:0.380,Oa:0.989,Miou:0.948,MiouEMA:0.9503, lr:1.00e-04,time:8.7s
Ep164: tra-> Loss:0.248,Oa:0.993,Miou:0.975, time:3.9s
Ep165: tra-> Loss:0.234,Oa:0.993,Miou:0.976, val-> Loss:0.374,Oa:0.989,Miou:0.948,MiouEMA:0.9502, lr:1.00e-04,time:8.7s
Ep166: tra-> Loss:0.241,Oa:0.992,Miou:0.967, time:3.7s
Ep167: tra-> Loss:0.257,Oa:0.991,Miou:0.963, val-> Loss:0.383,Oa:0.989,Miou:0.949,MiouEMA:0.9501, lr:1.00e-04,time:8.2s
Ep168: tra-> Loss:0.235,Oa:0.994,Miou:0.980, time:4.0s
Ep169: tra-> Loss:0.295,Oa:0.992,Miou:0.965, val-> Loss:0.376,Oa:0.989,Miou:0.949,MiouEMA:0.9500, lr:1.00e-04,time:8.9s
Ep170: tra-> Loss:0.230,Oa:0.993,Miou:0.976, time:4.0s
Ep171: tra-> Loss:0.285,Oa:0.994,Miou:0.974, val-> Loss:0.383,Oa:0.989,Miou:0.950,MiouEMA:0.9500, lr:1.00e-04,time:8.3s
Ep172: tra-> Loss:0.249,Oa:0.995,Miou:0.980, time:3.4s
Ep173: tra-> Loss:0.311,Oa:0.992,Miou:0.969, val-> Loss:0.415,Oa:0.989,Miou:0.948,MiouEMA:0.9500, lr:1.00e-04,time:8.1s
Ep174: tra-> Loss:0.227,Oa:0.993,Miou:0.973, time:3.4s
Ep175: tra-> Loss:0.247,Oa:0.993,Miou:0.976, val-> Loss:0.414,Oa:0.989,Miou:0.948,MiouEMA:0.9499, lr:1.00e-04,time:8.7s
Ep176: tra-> Loss:0.277,Oa:0.993,Miou:0.971, time:3.7s
Ep177: tra-> Loss:0.280,Oa:0.994,Miou:0.975, val-> Loss:0.384,Oa:0.989,Miou:0.949,MiouEMA:0.9499, lr:1.00e-04,time:7.6s
Ep178: tra-> Loss:0.297,Oa:0.995,Miou:0.975, time:3.7s
Ep179: tra-> Loss:0.260,Oa:0.993,Miou:0.974, val-> Loss:0.375,Oa:0.989,Miou:0.950,MiouEMA:0.9499, lr:1.00e-04,time:7.8s
Ep180: tra-> Loss:0.252,Oa:0.994,Miou:0.971, time:3.5s
Ep181: tra-> Loss:0.263,Oa:0.994,Miou:0.970, val-> Loss:0.374,Oa:0.989,Miou:0.949,MiouEMA:0.9500, lr:1.00e-04,time:8.0s
Ep182: tra-> Loss:0.196,Oa:0.994,Miou:0.981, time:3.3s
Ep183: tra-> Loss:0.262,Oa:0.995,Miou:0.978, val-> Loss:0.371,Oa:0.989,Miou:0.950,MiouEMA:0.9500, lr:1.00e-04,time:8.2s
Ep184: tra-> Loss:0.248,Oa:0.994,Miou:0.972, time:3.9s
Ep185: tra-> Loss:0.238,Oa:0.994,Miou:0.977, val-> Loss:0.364,Oa:0.990,Miou:0.950,MiouEMA:0.9500, lr:1.00e-04,time:9.3s
Ep186: tra-> Loss:0.255,Oa:0.993,Miou:0.971, time:3.8s
Ep187: tra-> Loss:0.252,Oa:0.993,Miou:0.971, val-> Loss:0.365,Oa:0.990,Miou:0.950,MiouEMA:0.9501, lr:1.00e-04,time:7.6s
Ep188: tra-> Loss:0.249,Oa:0.993,Miou:0.970, time:3.3s
Ep189: tra-> Loss:0.231,Oa:0.993,Miou:0.974, val-> Loss:0.365,Oa:0.989,Miou:0.949,MiouEMA:0.9502, lr:1.00e-04,time:7.8s
Ep190: tra-> Loss:0.239,Oa:0.994,Miou:0.973, time:3.5s
Ep191: tra-> Loss:0.264,Oa:0.993,Miou:0.973, val-> Loss:0.377,Oa:0.989,Miou:0.947,MiouEMA:0.9501, lr:1.00e-04,time:8.8s
Ep192: tra-> Loss:0.226,Oa:0.994,Miou:0.972, time:3.4s
Ep193: tra-> Loss:0.271,Oa:0.994,Miou:0.976, val-> Loss:0.375,Oa:0.989,Miou:0.947,MiouEMA:0.9500, lr:1.00e-04,time:8.1s
Ep194: tra-> Loss:0.235,Oa:0.994,Miou:0.971, time:5.3s
Ep195: tra-> Loss:0.234,Oa:0.994,Miou:0.978, val-> Loss:0.368,Oa:0.989,Miou:0.949,MiouEMA:0.9500, lr:1.00e-04,time:7.9s
Ep196: tra-> Loss:0.249,Oa:0.993,Miou:0.972, time:4.0s
Ep197: tra-> Loss:0.351,Oa:0.993,Miou:0.977, val-> Loss:0.374,Oa:0.989,Miou:0.949,MiouEMA:0.9500, lr:1.00e-04,time:8.0s
Ep198: tra-> Loss:0.336,Oa:0.992,Miou:0.961, time:4.9s
Ep199: tra-> Loss:0.292,Oa:0.993,Miou:0.963, val-> Loss:0.381,Oa:0.989,Miou:0.948,MiouEMA:0.9501, lr:1.00e-04,time:8.1s
Ep200: tra-> Loss:0.312,Oa:0.994,Miou:0.971, time:3.5s
Ep201: tra-> Loss:0.255,Oa:0.991,Miou:0.968, val-> Loss:0.382,Oa:0.990,Miou:0.950,MiouEMA:0.9502, lr:1.00e-04,time:10.9s
Ep202: tra-> Loss:0.204,Oa:0.994,Miou:0.976, time:4.9s
Ep203: tra-> Loss:0.257,Oa:0.993,Miou:0.971, val-> Loss:0.381,Oa:0.990,Miou:0.950,MiouEMA:0.9503, lr:1.00e-04,time:9.9s
Ep204: tra-> Loss:0.234,Oa:0.994,Miou:0.980, time:4.8s
Ep205: tra-> Loss:0.257,Oa:0.993,Miou:0.968, val-> Loss:0.371,Oa:0.990,Miou:0.952,MiouEMA:0.9504, lr:1.00e-04,time:9.4s
  >> saved RAW ckpt, val miou 0.9516
Ep206: tra-> Loss:0.212,Oa:0.994,Miou:0.975, time:4.2s
Ep207: tra-> Loss:0.277,Oa:0.993,Miou:0.965, val-> Loss:0.377,Oa:0.990,Miou:0.951,MiouEMA:0.9505, lr:1.00e-04,time:10.7s
Ep208: tra-> Loss:0.286,Oa:0.993,Miou:0.972, time:4.4s
Ep209: tra-> Loss:0.207,Oa:0.994,Miou:0.974, val-> Loss:0.374,Oa:0.989,Miou:0.950,MiouEMA:0.9506, lr:1.00e-04,time:10.2s
Ep210: tra-> Loss:0.228,Oa:0.992,Miou:0.974, time:4.9s
Ep211: tra-> Loss:0.233,Oa:0.994,Miou:0.974, val-> Loss:0.366,Oa:0.990,Miou:0.951,MiouEMA:0.9506, lr:1.00e-04,time:10.6s
Ep212: tra-> Loss:0.278,Oa:0.994,Miou:0.970, time:4.5s
Ep213: tra-> Loss:0.217,Oa:0.994,Miou:0.976, val-> Loss:0.379,Oa:0.990,Miou:0.951,MiouEMA:0.9507, lr:1.00e-04,time:9.9s
Ep214: tra-> Loss:0.221,Oa:0.994,Miou:0.979, time:4.4s
Ep215: tra-> Loss:0.230,Oa:0.995,Miou:0.975, val-> Loss:0.363,Oa:0.990,Miou:0.952,MiouEMA:0.9509, lr:1.00e-04,time:10.4s
  >> saved RAW ckpt, val miou 0.9518
Ep216: tra-> Loss:0.263,Oa:0.993,Miou:0.972, time:4.7s
Ep217: tra-> Loss:0.213,Oa:0.995,Miou:0.980, val-> Loss:0.365,Oa:0.990,Miou:0.951,MiouEMA:0.9510, lr:1.00e-04,time:10.4s
Ep218: tra-> Loss:0.212,Oa:0.993,Miou:0.975, time:4.6s
Ep219: tra-> Loss:0.229,Oa:0.992,Miou:0.973, val-> Loss:0.368,Oa:0.990,Miou:0.951,MiouEMA:0.9511, lr:1.00e-04,time:10.7s
Ep220: tra-> Loss:0.236,Oa:0.994,Miou:0.974, time:4.7s
Ep221: tra-> Loss:0.233,Oa:0.994,Miou:0.978, val-> Loss:0.370,Oa:0.990,Miou:0.951,MiouEMA:0.9512, lr:1.00e-04,time:10.4s
Ep222: tra-> Loss:0.227,Oa:0.995,Miou:0.980, time:3.6s
Ep223: tra-> Loss:0.285,Oa:0.993,Miou:0.963, val-> Loss:0.362,Oa:0.990,Miou:0.951,MiouEMA:0.9513, lr:1.00e-04,time:10.5s
Ep224: tra-> Loss:0.250,Oa:0.993,Miou:0.970, time:4.9s
Ep225: tra-> Loss:0.282,Oa:0.993,Miou:0.961, val-> Loss:0.360,Oa:0.990,Miou:0.951,MiouEMA:0.9513, lr:1.00e-04,time:9.2s
Ep226: tra-> Loss:0.230,Oa:0.993,Miou:0.970, time:5.2s
Ep227: tra-> Loss:0.265,Oa:0.992,Miou:0.970, val-> Loss:0.363,Oa:0.990,Miou:0.951,MiouEMA:0.9514, lr:1.00e-04,time:10.5s
Ep228: tra-> Loss:0.211,Oa:0.992,Miou:0.971, time:4.6s
Ep229: tra-> Loss:0.243,Oa:0.992,Miou:0.973, val-> Loss:0.365,Oa:0.990,Miou:0.951,MiouEMA:0.9514, lr:1.00e-04,time:10.3s
Ep230: tra-> Loss:0.228,Oa:0.993,Miou:0.971, time:4.7s
Ep231: tra-> Loss:0.230,Oa:0.993,Miou:0.976, val-> Loss:0.378,Oa:0.990,Miou:0.950,MiouEMA:0.9514, lr:1.00e-04,time:11.4s
Ep232: tra-> Loss:0.219,Oa:0.995,Miou:0.976, time:4.1s
Ep233: tra-> Loss:0.236,Oa:0.993,Miou:0.970, val-> Loss:0.372,Oa:0.989,Miou:0.950,MiouEMA:0.9514, lr:1.00e-04,time:10.5s
Ep234: tra-> Loss:0.304,Oa:0.994,Miou:0.968, time:4.4s
Ep235: tra-> Loss:0.233,Oa:0.993,Miou:0.980, val-> Loss:0.389,Oa:0.989,Miou:0.948,MiouEMA:0.9513, lr:1.00e-04,time:9.5s
Ep236: tra-> Loss:0.235,Oa:0.994,Miou:0.979, time:5.0s
Ep237: tra-> Loss:0.241,Oa:0.994,Miou:0.975, val-> Loss:0.363,Oa:0.989,Miou:0.950,MiouEMA:0.9513, lr:1.00e-04,time:9.5s
Ep238: tra-> Loss:0.203,Oa:0.994,Miou:0.975, time:4.8s
Ep239: tra-> Loss:0.215,Oa:0.994,Miou:0.975, val-> Loss:0.364,Oa:0.990,Miou:0.950,MiouEMA:0.9512, lr:1.00e-04,time:9.7s
Ep240: tra-> Loss:0.288,Oa:0.991,Miou:0.964, time:4.5s
Ep241: tra-> Loss:0.220,Oa:0.994,Miou:0.974, val-> Loss:0.364,Oa:0.990,Miou:0.951,MiouEMA:0.9513, lr:1.00e-04,time:10.7s
Ep242: tra-> Loss:0.332,Oa:0.993,Miou:0.970, time:4.3s
Ep243: tra-> Loss:0.241,Oa:0.994,Miou:0.975, val-> Loss:0.366,Oa:0.989,Miou:0.949,MiouEMA:0.9513, lr:1.00e-04,time:10.1s
Ep244: tra-> Loss:0.294,Oa:0.994,Miou:0.974, time:4.7s
Ep245: tra-> Loss:0.229,Oa:0.993,Miou:0.969, val-> Loss:0.362,Oa:0.989,Miou:0.949,MiouEMA:0.9512, lr:1.00e-04,time:11.0s
Ep246: tra-> Loss:0.240,Oa:0.993,Miou:0.973, time:4.0s
Ep247: tra-> Loss:0.236,Oa:0.993,Miou:0.975, val-> Loss:0.360,Oa:0.990,Miou:0.950,MiouEMA:0.9511, lr:1.00e-04,time:10.4s
Ep248: tra-> Loss:0.213,Oa:0.995,Miou:0.980, time:3.6s
Ep249: tra-> Loss:0.233,Oa:0.993,Miou:0.972, val-> Loss:0.379,Oa:0.989,Miou:0.949,MiouEMA:0.9511, lr:1.00e-04,time:9.8s
Ep250: tra-> Loss:0.219,Oa:0.995,Miou:0.981, time:4.1s
Ep251: tra-> Loss:0.251,Oa:0.991,Miou:0.970, val-> Loss:0.380,Oa:0.989,Miou:0.950,MiouEMA:0.9511, lr:1.00e-04,time:10.0s
Ep252: tra-> Loss:0.248,Oa:0.993,Miou:0.972, time:4.2s
Ep253: tra-> Loss:0.222,Oa:0.994,Miou:0.979, val-> Loss:0.370,Oa:0.989,Miou:0.950,MiouEMA:0.9511, lr:1.00e-04,time:9.4s
Ep254: tra-> Loss:0.222,Oa:0.994,Miou:0.980, time:4.3s
Ep255: tra-> Loss:0.247,Oa:0.992,Miou:0.965, val-> Loss:0.378,Oa:0.989,Miou:0.950,MiouEMA:0.9511, lr:1.00e-04,time:10.2s
Ep256: tra-> Loss:0.214,Oa:0.995,Miou:0.980, time:4.3s
Ep257: tra-> Loss:0.262,Oa:0.992,Miou:0.972, val-> Loss:0.388,Oa:0.989,Miou:0.950,MiouEMA:0.9511, lr:1.00e-04,time:10.3s
Ep258: tra-> Loss:0.275,Oa:0.992,Miou:0.969, time:4.1s
Ep259: tra-> Loss:0.235,Oa:0.995,Miou:0.980, val-> Loss:0.373,Oa:0.989,Miou:0.949,MiouEMA:0.9511, lr:1.00e-04,time:10.9s
Ep260: tra-> Loss:0.231,Oa:0.993,Miou:0.978, time:4.9s
Ep261: tra-> Loss:0.218,Oa:0.993,Miou:0.974, val-> Loss:0.376,Oa:0.990,Miou:0.950,MiouEMA:0.9511, lr:1.00e-04,time:10.8s
Ep262: tra-> Loss:0.245,Oa:0.993,Miou:0.974, time:4.9s
Ep263: tra-> Loss:0.248,Oa:0.993,Miou:0.974, val-> Loss:0.378,Oa:0.989,Miou:0.950,MiouEMA:0.9511, lr:1.00e-04,time:10.4s
Ep264: tra-> Loss:0.262,Oa:0.994,Miou:0.977, time:4.2s
Ep265: tra-> Loss:0.252,Oa:0.993,Miou:0.972, val-> Loss:0.373,Oa:0.989,Miou:0.950,MiouEMA:0.9512, lr:1.00e-04,time:10.5s
Ep266: tra-> Loss:0.252,Oa:0.994,Miou:0.971, time:5.2s
Ep267: tra-> Loss:0.232,Oa:0.994,Miou:0.978, val-> Loss:0.381,Oa:0.989,Miou:0.948,MiouEMA:0.9513, lr:1.00e-04,time:10.4s
Ep268: tra-> Loss:0.273,Oa:0.993,Miou:0.975, time:4.4s
Ep269: tra-> Loss:0.233,Oa:0.994,Miou:0.976, val-> Loss:0.393,Oa:0.989,Miou:0.947,MiouEMA:0.9513, lr:1.00e-04,time:9.8s
Ep270: tra-> Loss:0.232,Oa:0.993,Miou:0.975, time:4.1s
Ep271: tra-> Loss:0.208,Oa:0.994,Miou:0.978, val-> Loss:0.399,Oa:0.989,Miou:0.947,MiouEMA:0.9512, lr:1.00e-04,time:10.8s
Ep272: tra-> Loss:0.238,Oa:0.993,Miou:0.975, time:4.9s
Ep273: tra-> Loss:0.264,Oa:0.992,Miou:0.967, val-> Loss:0.393,Oa:0.989,Miou:0.946,MiouEMA:0.9511, lr:1.00e-04,time:9.5s
Ep274: tra-> Loss:0.212,Oa:0.994,Miou:0.979, time:4.2s
Ep275: tra-> Loss:0.226,Oa:0.994,Miou:0.975, val-> Loss:0.392,Oa:0.989,Miou:0.948,MiouEMA:0.9511, lr:1.00e-04,time:10.0s
Ep276: tra-> Loss:0.224,Oa:0.995,Miou:0.981, time:4.5s
Ep277: tra-> Loss:0.205,Oa:0.995,Miou:0.978, val-> Loss:0.372,Oa:0.990,Miou:0.951,MiouEMA:0.9511, lr:1.00e-04,time:10.8s
Ep278: tra-> Loss:0.254,Oa:0.995,Miou:0.981, time:3.7s
Ep279: tra-> Loss:0.239,Oa:0.992,Miou:0.972, val-> Loss:0.384,Oa:0.989,Miou:0.949,MiouEMA:0.9511, lr:1.00e-04,time:10.6s
Ep280: tra-> Loss:0.227,Oa:0.991,Miou:0.968, time:4.1s
Ep281: tra-> Loss:0.242,Oa:0.994,Miou:0.974, val-> Loss:0.396,Oa:0.989,Miou:0.946,MiouEMA:0.9511, lr:1.00e-04,time:10.7s
Ep282: tra-> Loss:0.255,Oa:0.993,Miou:0.972, time:4.5s
Ep283: tra-> Loss:0.244,Oa:0.991,Miou:0.970, val-> Loss:0.387,Oa:0.989,Miou:0.947,MiouEMA:0.9509, lr:1.00e-04,time:10.1s
Ep284: tra-> Loss:0.241,Oa:0.994,Miou:0.968, time:4.2s
Ep285: tra-> Loss:0.197,Oa:0.995,Miou:0.978, val-> Loss:0.384,Oa:0.989,Miou:0.947,MiouEMA:0.9508, lr:1.00e-04,time:10.1s
Ep286: tra-> Loss:0.192,Oa:0.994,Miou:0.983, time:4.5s
Ep287: tra-> Loss:0.198,Oa:0.994,Miou:0.977, val-> Loss:0.374,Oa:0.989,Miou:0.949,MiouEMA:0.9507, lr:1.00e-04,time:9.9s
Ep288: tra-> Loss:0.239,Oa:0.993,Miou:0.978, time:4.1s
Ep289: tra-> Loss:0.222,Oa:0.993,Miou:0.972, val-> Loss:0.379,Oa:0.989,Miou:0.950,MiouEMA:0.9507, lr:1.00e-04,time:11.0s
Ep290: tra-> Loss:0.234,Oa:0.993,Miou:0.978, time:4.4s
Ep291: tra-> Loss:0.262,Oa:0.993,Miou:0.971, val-> Loss:0.381,Oa:0.989,Miou:0.949,MiouEMA:0.9507, lr:1.00e-04,time:11.1s
Ep292: tra-> Loss:0.224,Oa:0.994,Miou:0.977, time:4.0s
Ep293: tra-> Loss:0.258,Oa:0.992,Miou:0.970, val-> Loss:0.378,Oa:0.989,Miou:0.948,MiouEMA:0.9507, lr:1.00e-04,time:9.6s
Ep294: tra-> Loss:0.255,Oa:0.993,Miou:0.971, time:4.9s
Ep295: tra-> Loss:0.255,Oa:0.993,Miou:0.969, val-> Loss:0.382,Oa:0.989,Miou:0.947,MiouEMA:0.9506, lr:1.00e-04,time:9.7s
Ep296: tra-> Loss:0.211,Oa:0.994,Miou:0.979, time:5.3s
Ep297: tra-> Loss:0.346,Oa:0.994,Miou:0.971, val-> Loss:0.380,Oa:0.990,Miou:0.950,MiouEMA:0.9505, lr:1.00e-04,time:10.2s
Ep298: tra-> Loss:0.267,Oa:0.991,Miou:0.963, time:4.7s
Ep299: tra-> Loss:0.286,Oa:0.992,Miou:0.964, val-> Loss:0.393,Oa:0.989,Miou:0.948,MiouEMA:0.9507, lr:1.00e-04,time:10.0s
Ep300: tra-> Loss:0.270,Oa:0.992,Miou:0.974, time:4.9s
Ep301: tra-> Loss:0.239,Oa:0.993,Miou:0.973, val-> Loss:0.388,Oa:0.988,Miou:0.945,MiouEMA:0.9507, lr:1.00e-04,time:10.3s
Ep302: tra-> Loss:0.217,Oa:0.993,Miou:0.972, time:3.9s
Ep303: tra-> Loss:0.224,Oa:0.994,Miou:0.977, val-> Loss:0.402,Oa:0.986,Miou:0.935,MiouEMA:0.9507, lr:1.00e-04,time:9.8s
Ep304: tra-> Loss:0.226,Oa:0.994,Miou:0.974, time:4.9s
Ep305: tra-> Loss:0.275,Oa:0.994,Miou:0.975, val-> Loss:0.379,Oa:0.989,Miou:0.946,MiouEMA:0.9507, lr:1.00e-04,time:10.3s
Ep306: tra-> Loss:0.248,Oa:0.992,Miou:0.971, time:4.5s
Ep307: tra-> Loss:0.234,Oa:0.992,Miou:0.972, val-> Loss:0.375,Oa:0.989,Miou:0.948,MiouEMA:0.9507, lr:1.00e-04,time:10.6s
Ep308: tra-> Loss:0.240,Oa:0.993,Miou:0.974, time:4.8s
Ep309: tra-> Loss:0.241,Oa:0.993,Miou:0.970, val-> Loss:0.392,Oa:0.989,Miou:0.949,MiouEMA:0.9506, lr:1.00e-04,time:10.3s
Ep310: tra-> Loss:0.307,Oa:0.994,Miou:0.971, time:4.3s
Ep311: tra-> Loss:0.234,Oa:0.994,Miou:0.976, val-> Loss:0.397,Oa:0.989,Miou:0.949,MiouEMA:0.9506, lr:1.00e-04,time:9.4s
Ep312: tra-> Loss:0.231,Oa:0.995,Miou:0.978, time:4.1s
Ep313: tra-> Loss:0.278,Oa:0.993,Miou:0.973, val-> Loss:0.374,Oa:0.989,Miou:0.949,MiouEMA:0.9508, lr:1.00e-04,time:10.4s
Ep314: tra-> Loss:0.262,Oa:0.993,Miou:0.972, time:4.2s
Ep315: tra-> Loss:0.274,Oa:0.993,Miou:0.969, val-> Loss:0.382,Oa:0.989,Miou:0.948,MiouEMA:0.9508, lr:1.00e-04,time:10.7s
Ep316: tra-> Loss:0.283,Oa:0.992,Miou:0.968, time:4.0s
Ep317: tra-> Loss:0.213,Oa:0.993,Miou:0.976, val-> Loss:0.390,Oa:0.989,Miou:0.946,MiouEMA:0.9506, lr:1.00e-04,time:11.2s
Ep318: tra-> Loss:0.295,Oa:0.995,Miou:0.974, time:4.9s
Ep319: tra-> Loss:0.200,Oa:0.994,Miou:0.975, val-> Loss:0.379,Oa:0.989,Miou:0.947,MiouEMA:0.9505, lr:1.00e-04,time:11.4s
Ep320: tra-> Loss:0.238,Oa:0.992,Miou:0.967, time:4.3s
Ep321: tra-> Loss:0.224,Oa:0.994,Miou:0.978, val-> Loss:0.369,Oa:0.989,Miou:0.948,MiouEMA:0.9504, lr:1.00e-04,time:10.7s
Ep322: tra-> Loss:0.278,Oa:0.994,Miou:0.973, time:3.9s
Ep323: tra-> Loss:0.260,Oa:0.991,Miou:0.966, val-> Loss:0.369,Oa:0.989,Miou:0.946,MiouEMA:0.9504, lr:1.00e-04,time:9.5s
Ep324: tra-> Loss:0.241,Oa:0.993,Miou:0.976, time:4.7s
Ep325: tra-> Loss:0.218,Oa:0.993,Miou:0.972, val-> Loss:0.367,Oa:0.990,Miou:0.950,MiouEMA:0.9505, lr:1.00e-04,time:10.2s
Ep326: tra-> Loss:0.305,Oa:0.994,Miou:0.967, time:4.0s
Ep327: tra-> Loss:0.226,Oa:0.993,Miou:0.973, val-> Loss:0.378,Oa:0.989,Miou:0.949,MiouEMA:0.9505, lr:1.00e-04,time:10.2s
Ep328: tra-> Loss:0.266,Oa:0.995,Miou:0.967, time:4.4s
Ep329: tra-> Loss:0.294,Oa:0.992,Miou:0.969, val-> Loss:0.370,Oa:0.989,Miou:0.950,MiouEMA:0.9506, lr:1.00e-04,time:10.5s
Ep330: tra-> Loss:0.238,Oa:0.992,Miou:0.971, time:4.0s
Ep331: tra-> Loss:0.228,Oa:0.993,Miou:0.976, val-> Loss:0.374,Oa:0.990,Miou:0.950,MiouEMA:0.9505, lr:1.00e-04,time:10.7s
Ep332: tra-> Loss:0.257,Oa:0.993,Miou:0.973, time:4.0s
Ep333: tra-> Loss:0.232,Oa:0.994,Miou:0.977, val-> Loss:0.375,Oa:0.989,Miou:0.950,MiouEMA:0.9505, lr:1.00e-04,time:10.1s
Ep334: tra-> Loss:0.232,Oa:0.995,Miou:0.977, time:4.4s
Ep335: tra-> Loss:0.247,Oa:0.994,Miou:0.973, val-> Loss:0.370,Oa:0.989,Miou:0.949,MiouEMA:0.9505, lr:1.00e-04,time:10.4s
Ep336: tra-> Loss:0.186,Oa:0.995,Miou:0.979, time:4.1s
Ep337: tra-> Loss:0.236,Oa:0.992,Miou:0.972, val-> Loss:0.375,Oa:0.989,Miou:0.949,MiouEMA:0.9504, lr:1.00e-04,time:10.7s
Ep338: tra-> Loss:0.227,Oa:0.993,Miou:0.973, time:4.2s
Ep339: tra-> Loss:0.210,Oa:0.993,Miou:0.975, val-> Loss:0.375,Oa:0.989,Miou:0.949,MiouEMA:0.9504, lr:1.00e-04,time:10.7s
Ep340: tra-> Loss:0.257,Oa:0.994,Miou:0.973, time:4.3s
Ep341: tra-> Loss:0.208,Oa:0.993,Miou:0.976, val-> Loss:0.378,Oa:0.989,Miou:0.948,MiouEMA:0.9504, lr:1.00e-04,time:9.7s
Ep342: tra-> Loss:0.242,Oa:0.994,Miou:0.976, time:4.2s
Ep343: tra-> Loss:0.288,Oa:0.992,Miou:0.971, val-> Loss:0.383,Oa:0.989,Miou:0.949,MiouEMA:0.9504, lr:1.00e-04,time:10.2s
Ep344: tra-> Loss:0.214,Oa:0.993,Miou:0.975, time:4.1s
Ep345: tra-> Loss:0.229,Oa:0.992,Miou:0.973, val-> Loss:0.408,Oa:0.989,Miou:0.948,MiouEMA:0.9504, lr:1.00e-04,time:10.6s
Ep346: tra-> Loss:0.240,Oa:0.991,Miou:0.967, time:4.3s
Ep347: tra-> Loss:0.191,Oa:0.994,Miou:0.978, val-> Loss:0.389,Oa:0.989,Miou:0.949,MiouEMA:0.9503, lr:1.00e-04,time:10.7s
Ep348: tra-> Loss:0.225,Oa:0.993,Miou:0.972, time:4.2s
Ep349: tra-> Loss:0.239,Oa:0.993,Miou:0.974, val-> Loss:0.381,Oa:0.989,Miou:0.949,MiouEMA:0.9503, lr:1.00e-04,time:11.0s
Ep350: tra-> Loss:0.238,Oa:0.992,Miou:0.969, time:4.3s
Ep351: tra-> Loss:0.229,Oa:0.993,Miou:0.973, val-> Loss:0.379,Oa:0.989,Miou:0.949,MiouEMA:0.9503, lr:1.00e-04,time:9.6s
Ep352: tra-> Loss:0.253,Oa:0.994,Miou:0.977, time:4.0s
Ep353: tra-> Loss:0.265,Oa:0.992,Miou:0.965, val-> Loss:0.387,Oa:0.989,Miou:0.949,MiouEMA:0.9503, lr:1.00e-04,time:10.5s
Ep354: tra-> Loss:0.257,Oa:0.993,Miou:0.967, time:4.4s
Ep355: tra-> Loss:0.244,Oa:0.994,Miou:0.975, val-> Loss:0.385,Oa:0.989,Miou:0.949,MiouEMA:0.9503, lr:1.00e-04,time:10.1s
Ep356: tra-> Loss:0.254,Oa:0.992,Miou:0.969, time:4.1s
Ep357: tra-> Loss:0.229,Oa:0.993,Miou:0.972, val-> Loss:0.381,Oa:0.989,Miou:0.950,MiouEMA:0.9503, lr:1.00e-04,time:10.4s
Ep358: tra-> Loss:0.252,Oa:0.994,Miou:0.972, time:4.3s
Ep359: tra-> Loss:0.229,Oa:0.994,Miou:0.977, val-> Loss:0.383,Oa:0.989,Miou:0.947,MiouEMA:0.9503, lr:1.00e-04,time:10.1s
Ep360: tra-> Loss:0.267,Oa:0.992,Miou:0.964, time:5.0s
Ep361: tra-> Loss:0.277,Oa:0.994,Miou:0.971, val-> Loss:0.368,Oa:0.989,Miou:0.950,MiouEMA:0.9504, lr:1.00e-04,time:9.9s
Ep362: tra-> Loss:0.271,Oa:0.993,Miou:0.971, time:4.7s
Ep363: tra-> Loss:0.211,Oa:0.994,Miou:0.974, val-> Loss:0.365,Oa:0.989,Miou:0.950,MiouEMA:0.9504, lr:1.00e-04,time:10.3s
Ep364: tra-> Loss:0.255,Oa:0.993,Miou:0.974, time:4.4s
Ep365: tra-> Loss:0.251,Oa:0.993,Miou:0.973, val-> Loss:0.371,Oa:0.989,Miou:0.949,MiouEMA:0.9504, lr:1.00e-04,time:10.6s
Ep366: tra-> Loss:0.214,Oa:0.994,Miou:0.978, time:4.7s
Ep367: tra-> Loss:0.219,Oa:0.994,Miou:0.975, val-> Loss:0.375,Oa:0.989,Miou:0.948,MiouEMA:0.9504, lr:1.00e-04,time:10.4s
Ep368: tra-> Loss:0.231,Oa:0.992,Miou:0.975, time:4.7s
Ep369: tra-> Loss:0.240,Oa:0.994,Miou:0.970, val-> Loss:0.373,Oa:0.989,Miou:0.950,MiouEMA:0.9504, lr:1.00e-04,time:9.7s
Ep370: tra-> Loss:0.250,Oa:0.995,Miou:0.979, time:3.9s
Ep371: tra-> Loss:0.249,Oa:0.992,Miou:0.971, val-> Loss:0.397,Oa:0.989,Miou:0.948,MiouEMA:0.9504, lr:1.00e-04,time:9.9s
Ep372: tra-> Loss:0.235,Oa:0.992,Miou:0.975, time:3.9s
Ep373: tra-> Loss:0.200,Oa:0.994,Miou:0.980, val-> Loss:0.379,Oa:0.989,Miou:0.950,MiouEMA:0.9504, lr:1.00e-04,time:10.3s
Ep374: tra-> Loss:0.219,Oa:0.993,Miou:0.975, time:3.8s
Ep375: tra-> Loss:0.237,Oa:0.995,Miou:0.978, val-> Loss:0.374,Oa:0.989,Miou:0.950,MiouEMA:0.9505, lr:1.00e-04,time:10.9s
Ep376: tra-> Loss:0.201,Oa:0.995,Miou:0.983, time:4.3s
Ep377: tra-> Loss:0.208,Oa:0.994,Miou:0.976, val-> Loss:0.367,Oa:0.990,Miou:0.951,MiouEMA:0.9505, lr:1.00e-04,time:10.2s
Ep378: tra-> Loss:0.216,Oa:0.993,Miou:0.972, time:4.2s
Ep379: tra-> Loss:0.241,Oa:0.994,Miou:0.979, val-> Loss:0.365,Oa:0.990,Miou:0.952,MiouEMA:0.9507, lr:1.00e-04,time:10.3s
Ep380: tra-> Loss:0.231,Oa:0.994,Miou:0.971, time:4.3s
Ep381: tra-> Loss:0.229,Oa:0.994,Miou:0.976, val-> Loss:0.365,Oa:0.990,Miou:0.951,MiouEMA:0.9507, lr:1.00e-04,time:10.5s
Ep382: tra-> Loss:0.195,Oa:0.994,Miou:0.980, time:5.1s
Ep383: tra-> Loss:0.239,Oa:0.994,Miou:0.972, val-> Loss:0.371,Oa:0.990,Miou:0.951,MiouEMA:0.9508, lr:1.00e-04,time:10.4s
Ep384: tra-> Loss:0.219,Oa:0.991,Miou:0.970, time:4.2s
Ep385: tra-> Loss:0.220,Oa:0.994,Miou:0.978, val-> Loss:0.377,Oa:0.990,Miou:0.951,MiouEMA:0.9508, lr:1.00e-04,time:10.7s
Ep386: tra-> Loss:0.239,Oa:0.993,Miou:0.976, time:4.8s
Ep387: tra-> Loss:0.228,Oa:0.994,Miou:0.975, val-> Loss:0.374,Oa:0.990,Miou:0.951,MiouEMA:0.9509, lr:1.00e-04,time:10.6s
Ep388: tra-> Loss:0.219,Oa:0.994,Miou:0.976, time:4.0s
Ep389: tra-> Loss:0.192,Oa:0.995,Miou:0.977, val-> Loss:0.368,Oa:0.990,Miou:0.952,MiouEMA:0.9509, lr:1.00e-04,time:10.4s
Ep390: tra-> Loss:0.245,Oa:0.992,Miou:0.971, time:4.4s
Ep391: tra-> Loss:0.235,Oa:0.993,Miou:0.973, val-> Loss:0.378,Oa:0.990,Miou:0.951,MiouEMA:0.9510, lr:1.00e-04,time:10.2s
Ep392: tra-> Loss:0.233,Oa:0.995,Miou:0.977, time:4.3s
Ep393: tra-> Loss:0.233,Oa:0.992,Miou:0.974, val-> Loss:0.368,Oa:0.990,Miou:0.951,MiouEMA:0.9510, lr:1.00e-04,time:10.3s
Ep394: tra-> Loss:0.248,Oa:0.993,Miou:0.972, time:4.6s
Ep395: tra-> Loss:0.245,Oa:0.993,Miou:0.973, val-> Loss:0.372,Oa:0.990,Miou:0.950,MiouEMA:0.9511, lr:1.00e-04,time:10.4s
Ep396: tra-> Loss:0.191,Oa:0.993,Miou:0.978, time:4.0s
Ep397: tra-> Loss:0.257,Oa:0.994,Miou:0.974, val-> Loss:0.377,Oa:0.989,Miou:0.950,MiouEMA:0.9511, lr:1.00e-04,time:10.3s
Ep398: tra-> Loss:0.220,Oa:0.994,Miou:0.977, time:4.4s
Ep399: tra-> Loss:0.219,Oa:0.993,Miou:0.971, val-> Loss:0.377,Oa:0.989,Miou:0.950,MiouEMA:0.9510, lr:1.00e-04,time:10.6s
Ep400: tra-> Loss:0.238,Oa:0.994,Miou:0.970, time:4.1s
Ep401: tra-> Loss:0.228,Oa:0.993,Miou:0.973, val-> Loss:0.371,Oa:0.990,Miou:0.951,MiouEMA:0.9510, lr:1.00e-04,time:10.2s
Ep402: tra-> Loss:0.207,Oa:0.993,Miou:0.970, time:4.8s
Ep403: tra-> Loss:0.242,Oa:0.994,Miou:0.973, val-> Loss:0.365,Oa:0.990,Miou:0.952,MiouEMA:0.9511, lr:1.00e-04,time:11.0s
  >> saved RAW ckpt, val miou 0.9521
Ep404: tra-> Loss:0.267,Oa:0.993,Miou:0.971, time:4.5s
Ep405: tra-> Loss:0.232,Oa:0.994,Miou:0.973, val-> Loss:0.374,Oa:0.990,Miou:0.951,MiouEMA:0.9512, lr:1.00e-04,time:10.2s
Ep406: tra-> Loss:0.233,Oa:0.996,Miou:0.976, time:3.8s
Ep407: tra-> Loss:0.235,Oa:0.994,Miou:0.974, val-> Loss:0.384,Oa:0.990,Miou:0.950,MiouEMA:0.9512, lr:1.00e-04,time:10.4s
Ep408: tra-> Loss:0.255,Oa:0.993,Miou:0.975, time:4.3s
Ep409: tra-> Loss:0.255,Oa:0.994,Miou:0.974, val-> Loss:0.372,Oa:0.990,Miou:0.950,MiouEMA:0.9512, lr:1.00e-04,time:10.2s
Ep410: tra-> Loss:0.251,Oa:0.994,Miou:0.977, time:4.2s
Ep411: tra-> Loss:0.204,Oa:0.993,Miou:0.978, val-> Loss:0.374,Oa:0.990,Miou:0.950,MiouEMA:0.9512, lr:1.00e-04,time:10.2s
Ep412: tra-> Loss:0.235,Oa:0.994,Miou:0.973, time:5.2s
Ep413: tra-> Loss:0.253,Oa:0.992,Miou:0.963, val-> Loss:0.371,Oa:0.990,Miou:0.951,MiouEMA:0.9512, lr:1.00e-04,time:10.0s
Ep414: tra-> Loss:0.361,Oa:0.994,Miou:0.969, time:4.5s
Ep415: tra-> Loss:0.263,Oa:0.992,Miou:0.967, val-> Loss:0.401,Oa:0.989,Miou:0.945,MiouEMA:0.9512, lr:1.00e-04,time:10.2s
Ep416: tra-> Loss:0.252,Oa:0.992,Miou:0.961, time:4.4s
Ep417: tra-> Loss:0.288,Oa:0.994,Miou:0.969, val-> Loss:0.357,Oa:0.990,Miou:0.951,MiouEMA:0.9513, lr:1.00e-04,time:10.2s
Ep418: tra-> Loss:0.232,Oa:0.993,Miou:0.975, time:5.5s
Ep419: tra-> Loss:0.283,Oa:0.993,Miou:0.975, val-> Loss:0.354,Oa:0.989,Miou:0.949,MiouEMA:0.9513, lr:1.00e-04,time:9.7s
Ep420: tra-> Loss:0.278,Oa:0.992,Miou:0.961, time:4.2s
Ep421: tra-> Loss:0.227,Oa:0.994,Miou:0.973, val-> Loss:0.364,Oa:0.989,Miou:0.949,MiouEMA:0.9513, lr:1.00e-04,time:9.8s
Ep422: tra-> Loss:0.229,Oa:0.996,Miou:0.978, time:4.8s
Ep423: tra-> Loss:0.230,Oa:0.993,Miou:0.975, val-> Loss:0.380,Oa:0.990,Miou:0.951,MiouEMA:0.9513, lr:1.00e-04,time:9.8s
Ep424: tra-> Loss:0.251,Oa:0.990,Miou:0.961, time:3.8s
Ep425: tra-> Loss:0.257,Oa:0.993,Miou:0.969, val-> Loss:0.370,Oa:0.990,Miou:0.950,MiouEMA:0.9513, lr:1.00e-04,time:10.5s
Ep426: tra-> Loss:0.186,Oa:0.995,Miou:0.984, time:4.7s
Ep427: tra-> Loss:0.209,Oa:0.994,Miou:0.979, val-> Loss:0.366,Oa:0.990,Miou:0.950,MiouEMA:0.9513, lr:1.00e-04,time:10.1s
Ep428: tra-> Loss:0.237,Oa:0.993,Miou:0.972, time:4.1s
Ep429: tra-> Loss:0.233,Oa:0.995,Miou:0.969, val-> Loss:0.370,Oa:0.990,Miou:0.951,MiouEMA:0.9513, lr:1.00e-04,time:10.3s
Ep430: tra-> Loss:0.292,Oa:0.992,Miou:0.969, time:4.5s
Ep431: tra-> Loss:0.267,Oa:0.991,Miou:0.961, val-> Loss:0.374,Oa:0.989,Miou:0.949,MiouEMA:0.9513, lr:1.00e-04,time:10.3s
Ep432: tra-> Loss:0.222,Oa:0.994,Miou:0.974, time:5.1s
Ep433: tra-> Loss:0.246,Oa:0.994,Miou:0.972, val-> Loss:0.385,Oa:0.989,Miou:0.948,MiouEMA:0.9512, lr:1.00e-04,time:10.4s
Ep434: tra-> Loss:0.357,Oa:0.992,Miou:0.961, time:4.0s
Ep435: tra-> Loss:0.243,Oa:0.994,Miou:0.970, val-> Loss:0.379,Oa:0.989,Miou:0.949,MiouEMA:0.9512, lr:1.00e-04,time:9.9s
Ep436: tra-> Loss:0.237,Oa:0.993,Miou:0.976, time:4.1s
Ep437: tra-> Loss:0.234,Oa:0.994,Miou:0.972, val-> Loss:0.368,Oa:0.990,Miou:0.951,MiouEMA:0.9512, lr:1.00e-04,time:9.4s
Ep438: tra-> Loss:0.250,Oa:0.993,Miou:0.971, time:4.6s
Ep439: tra-> Loss:0.204,Oa:0.994,Miou:0.975, val-> Loss:0.367,Oa:0.990,Miou:0.951,MiouEMA:0.9512, lr:1.00e-04,time:10.0s
Ep440: tra-> Loss:0.230,Oa:0.994,Miou:0.973, time:4.9s
Ep441: tra-> Loss:0.218,Oa:0.993,Miou:0.970, val-> Loss:0.372,Oa:0.990,Miou:0.950,MiouEMA:0.9512, lr:1.00e-04,time:10.1s
Ep442: tra-> Loss:0.247,Oa:0.994,Miou:0.975, time:4.4s
Ep443: tra-> Loss:0.225,Oa:0.993,Miou:0.977, val-> Loss:0.388,Oa:0.989,Miou:0.949,MiouEMA:0.9512, lr:1.00e-04,time:10.4s
Ep444: tra-> Loss:0.248,Oa:0.994,Miou:0.976, time:4.0s
Ep445: tra-> Loss:0.258,Oa:0.994,Miou:0.972, val-> Loss:0.391,Oa:0.989,Miou:0.949,MiouEMA:0.9511, lr:1.00e-04,time:10.3s
Ep446: tra-> Loss:0.243,Oa:0.993,Miou:0.972, time:4.3s
Ep447: tra-> Loss:0.234,Oa:0.994,Miou:0.975, val-> Loss:0.379,Oa:0.990,Miou:0.950,MiouEMA:0.9511, lr:1.00e-04,time:9.7s
Ep448: tra-> Loss:0.211,Oa:0.993,Miou:0.975, time:4.5s
Ep449: tra-> Loss:0.240,Oa:0.993,Miou:0.973, val-> Loss:0.410,Oa:0.989,Miou:0.949,MiouEMA:0.9511, lr:1.00e-04,time:9.4s
Ep450: tra-> Loss:0.243,Oa:0.994,Miou:0.974, time:4.2s
Ep451: tra-> Loss:0.242,Oa:0.995,Miou:0.976, val-> Loss:0.400,Oa:0.989,Miou:0.950,MiouEMA:0.9511, lr:1.00e-04,time:10.4s
Ep452: tra-> Loss:0.232,Oa:0.995,Miou:0.980, time:4.4s
Ep453: tra-> Loss:0.238,Oa:0.993,Miou:0.974, val-> Loss:0.417,Oa:0.989,Miou:0.950,MiouEMA:0.9510, lr:1.00e-04,time:10.3s
Ep454: tra-> Loss:0.227,Oa:0.993,Miou:0.972, time:4.4s
Ep455: tra-> Loss:0.248,Oa:0.994,Miou:0.969, val-> Loss:0.379,Oa:0.990,Miou:0.950,MiouEMA:0.9510, lr:1.00e-04,time:9.6s
Ep456: tra-> Loss:0.226,Oa:0.992,Miou:0.967, time:4.7s
Ep457: tra-> Loss:0.228,Oa:0.993,Miou:0.975, val-> Loss:0.374,Oa:0.990,Miou:0.951,MiouEMA:0.9510, lr:1.00e-04,time:9.7s
Ep458: tra-> Loss:0.223,Oa:0.993,Miou:0.972, time:5.1s
Ep459: tra-> Loss:0.216,Oa:0.994,Miou:0.977, val-> Loss:0.379,Oa:0.990,Miou:0.950,MiouEMA:0.9510, lr:1.00e-04,time:10.9s
Ep460: tra-> Loss:0.235,Oa:0.992,Miou:0.972, time:4.3s
Ep461: tra-> Loss:0.200,Oa:0.994,Miou:0.981, val-> Loss:0.368,Oa:0.990,Miou:0.950,MiouEMA:0.9511, lr:1.00e-04,time:10.9s
Ep462: tra-> Loss:0.239,Oa:0.992,Miou:0.970, time:4.6s
Ep463: tra-> Loss:0.229,Oa:0.992,Miou:0.972, val-> Loss:0.371,Oa:0.990,Miou:0.951,MiouEMA:0.9511, lr:1.00e-04,time:10.8s
Ep464: tra-> Loss:0.222,Oa:0.994,Miou:0.973, time:4.5s
Ep465: tra-> Loss:0.219,Oa:0.995,Miou:0.979, val-> Loss:0.377,Oa:0.990,Miou:0.950,MiouEMA:0.9510, lr:1.00e-04,time:10.2s
Ep466: tra-> Loss:0.238,Oa:0.994,Miou:0.977, time:4.2s
Ep467: tra-> Loss:0.238,Oa:0.996,Miou:0.979, val-> Loss:0.366,Oa:0.990,Miou:0.951,MiouEMA:0.9511, lr:1.00e-04,time:10.4s
Ep468: tra-> Loss:0.227,Oa:0.994,Miou:0.978, time:4.2s
Ep469: tra-> Loss:0.215,Oa:0.993,Miou:0.976, val-> Loss:0.371,Oa:0.990,Miou:0.950,MiouEMA:0.9511, lr:1.00e-04,time:10.8s
Ep470: tra-> Loss:0.306,Oa:0.992,Miou:0.969, time:4.6s
Ep471: tra-> Loss:0.246,Oa:0.994,Miou:0.978, val-> Loss:0.392,Oa:0.989,Miou:0.949,MiouEMA:0.9510, lr:1.00e-04,time:10.4s
Ep472: tra-> Loss:0.252,Oa:0.994,Miou:0.977, time:4.0s
Ep473: tra-> Loss:0.216,Oa:0.993,Miou:0.974, val-> Loss:0.402,Oa:0.989,Miou:0.950,MiouEMA:0.9510, lr:1.00e-04,time:10.4s
Ep474: tra-> Loss:0.275,Oa:0.994,Miou:0.975, time:4.9s
Ep475: tra-> Loss:0.249,Oa:0.991,Miou:0.965, val-> Loss:0.385,Oa:0.990,Miou:0.951,MiouEMA:0.9510, lr:1.00e-04,time:10.4s
Ep476: tra-> Loss:0.257,Oa:0.993,Miou:0.965, time:4.9s
Ep477: tra-> Loss:0.235,Oa:0.993,Miou:0.974, val-> Loss:0.380,Oa:0.990,Miou:0.950,MiouEMA:0.9510, lr:1.00e-04,time:10.2s
Ep478: tra-> Loss:0.226,Oa:0.994,Miou:0.973, time:4.5s
Ep479: tra-> Loss:0.264,Oa:0.992,Miou:0.971, val-> Loss:0.373,Oa:0.989,Miou:0.950,MiouEMA:0.9510, lr:1.00e-04,time:9.9s
Ep480: tra-> Loss:0.207,Oa:0.993,Miou:0.974, time:4.0s
Ep481: tra-> Loss:0.190,Oa:0.993,Miou:0.978, val-> Loss:0.384,Oa:0.989,Miou:0.949,MiouEMA:0.9510, lr:1.00e-04,time:11.0s
Ep482: tra-> Loss:0.220,Oa:0.995,Miou:0.980, time:4.3s
Ep483: tra-> Loss:0.211,Oa:0.994,Miou:0.969, val-> Loss:0.401,Oa:0.989,Miou:0.947,MiouEMA:0.9509, lr:1.00e-04,time:11.2s
Ep484: tra-> Loss:0.260,Oa:0.991,Miou:0.966, time:4.6s
Ep485: tra-> Loss:0.239,Oa:0.994,Miou:0.973, val-> Loss:0.368,Oa:0.989,Miou:0.949,MiouEMA:0.9509, lr:1.00e-04,time:10.2s
Ep486: tra-> Loss:0.229,Oa:0.995,Miou:0.974, time:5.4s
Ep487: tra-> Loss:0.211,Oa:0.992,Miou:0.968, val-> Loss:0.367,Oa:0.989,Miou:0.950,MiouEMA:0.9509, lr:1.00e-04,time:10.4s
Ep488: tra-> Loss:0.261,Oa:0.994,Miou:0.978, time:4.2s
Ep489: tra-> Loss:0.226,Oa:0.993,Miou:0.975, val-> Loss:0.379,Oa:0.990,Miou:0.950,MiouEMA:0.9509, lr:1.00e-04,time:11.2s
Ep490: tra-> Loss:0.235,Oa:0.995,Miou:0.975, time:4.3s
Ep491: tra-> Loss:0.257,Oa:0.993,Miou:0.973, val-> Loss:0.378,Oa:0.989,Miou:0.949,MiouEMA:0.9509, lr:1.00e-04,time:10.3s
Ep492: tra-> Loss:0.255,Oa:0.993,Miou:0.966, time:4.8s
Ep493: tra-> Loss:0.191,Oa:0.995,Miou:0.981, val-> Loss:0.372,Oa:0.989,Miou:0.950,MiouEMA:0.9509, lr:1.00e-04,time:10.8s
Ep494: tra-> Loss:0.284,Oa:0.995,Miou:0.976, time:4.2s
Ep495: tra-> Loss:0.278,Oa:0.995,Miou:0.971, val-> Loss:0.397,Oa:0.989,Miou:0.945,MiouEMA:0.9508, lr:1.00e-04,time:10.2s
Ep496: tra-> Loss:0.241,Oa:0.994,Miou:0.971, time:4.1s
Ep497: tra-> Loss:0.208,Oa:0.993,Miou:0.976, val-> Loss:0.390,Oa:0.989,Miou:0.948,MiouEMA:0.9508, lr:1.00e-04,time:10.9s
Ep498: tra-> Loss:0.229,Oa:0.994,Miou:0.978, time:3.9s
Ep499: tra-> Loss:0.202,Oa:0.995,Miou:0.979, val-> Loss:0.382,Oa:0.990,Miou:0.950,MiouEMA:0.9507, lr:1.00e-04,time:10.2s
Ep500: tra-> Loss:0.228,Oa:0.994,Miou:0.975, time:4.2s
Ep501: tra-> Loss:0.281,Oa:0.994,Miou:0.965, val-> Loss:0.372,Oa:0.990,Miou:0.950,MiouEMA:0.9507, lr:1.00e-04,time:10.1s
Ep502: tra-> Loss:0.257,Oa:0.994,Miou:0.974, time:4.4s
Ep503: tra-> Loss:0.243,Oa:0.994,Miou:0.975, val-> Loss:0.377,Oa:0.989,Miou:0.949,MiouEMA:0.9507, lr:1.00e-04,time:10.4s
Ep504: tra-> Loss:0.206,Oa:0.993,Miou:0.976, time:4.6s
Ep505: tra-> Loss:0.299,Oa:0.992,Miou:0.970, val-> Loss:0.378,Oa:0.989,Miou:0.948,MiouEMA:0.9507, lr:1.00e-04,time:10.6s
Ep506: tra-> Loss:0.273,Oa:0.993,Miou:0.979, time:4.3s
Ep507: tra-> Loss:0.221,Oa:0.994,Miou:0.978, val-> Loss:0.387,Oa:0.989,Miou:0.948,MiouEMA:0.9506, lr:1.00e-04,time:10.4s
Ep508: tra-> Loss:0.175,Oa:0.995,Miou:0.982, time:4.7s
Ep509: tra-> Loss:0.255,Oa:0.994,Miou:0.976, val-> Loss:0.379,Oa:0.989,Miou:0.949,MiouEMA:0.9506, lr:1.00e-04,time:10.0s
Ep510: tra-> Loss:0.215,Oa:0.993,Miou:0.971, time:4.2s
Ep511: tra-> Loss:0.252,Oa:0.993,Miou:0.972, val-> Loss:0.377,Oa:0.989,Miou:0.949,MiouEMA:0.9505, lr:1.00e-04,time:10.3s
Ep512: tra-> Loss:0.291,Oa:0.991,Miou:0.959, time:5.6s
Ep513: tra-> Loss:0.245,Oa:0.992,Miou:0.971, val-> Loss:0.374,Oa:0.989,Miou:0.948,MiouEMA:0.9505, lr:1.00e-04,time:11.1s
Ep514: tra-> Loss:0.179,Oa:0.995,Miou:0.983, time:4.1s
Ep515: tra-> Loss:0.261,Oa:0.994,Miou:0.973, val-> Loss:0.371,Oa:0.989,Miou:0.949,MiouEMA:0.9504, lr:1.00e-04,time:10.2s
Ep516: tra-> Loss:0.233,Oa:0.992,Miou:0.968, time:4.2s
Ep517: tra-> Loss:0.250,Oa:0.995,Miou:0.975, val-> Loss:0.378,Oa:0.989,Miou:0.948,MiouEMA:0.9504, lr:1.00e-04,time:10.5s
Ep518: tra-> Loss:0.202,Oa:0.993,Miou:0.975, time:4.9s
Ep519: tra-> Loss:0.222,Oa:0.995,Miou:0.982, val-> Loss:0.383,Oa:0.989,Miou:0.948,MiouEMA:0.9504, lr:1.00e-04,time:9.8s
Ep520: tra-> Loss:0.269,Oa:0.993,Miou:0.969, time:4.7s
Ep521: tra-> Loss:0.192,Oa:0.993,Miou:0.979, val-> Loss:0.384,Oa:0.989,Miou:0.949,MiouEMA:0.9503, lr:1.00e-04,time:10.5s
Ep522: tra-> Loss:0.212,Oa:0.993,Miou:0.977, time:4.8s
Ep523: tra-> Loss:0.246,Oa:0.993,Miou:0.969, val-> Loss:0.384,Oa:0.989,Miou:0.948,MiouEMA:0.9503, lr:1.00e-04,time:9.8s
Ep524: tra-> Loss:0.227,Oa:0.991,Miou:0.974, time:4.2s
Ep525: tra-> Loss:0.205,Oa:0.994,Miou:0.974, val-> Loss:0.387,Oa:0.989,Miou:0.948,MiouEMA:0.9503, lr:1.00e-04,time:10.5s
Ep526: tra-> Loss:0.214,Oa:0.993,Miou:0.973, time:3.9s
Ep527: tra-> Loss:0.248,Oa:0.992,Miou:0.971, val-> Loss:0.383,Oa:0.989,Miou:0.948,MiouEMA:0.9502, lr:1.00e-04,time:10.8s
Ep528: tra-> Loss:0.236,Oa:0.994,Miou:0.971, time:5.5s
Ep529: tra-> Loss:0.242,Oa:0.994,Miou:0.970, val-> Loss:0.381,Oa:0.989,Miou:0.949,MiouEMA:0.9502, lr:1.00e-04,time:10.1s
Ep530: tra-> Loss:0.238,Oa:0.993,Miou:0.975, time:4.3s
Ep531: tra-> Loss:0.218,Oa:0.994,Miou:0.977, val-> Loss:0.383,Oa:0.989,Miou:0.948,MiouEMA:0.9502, lr:1.00e-04,time:10.1s
Ep532: tra-> Loss:0.271,Oa:0.994,Miou:0.976, time:4.6s
Ep533: tra-> Loss:0.225,Oa:0.994,Miou:0.977, val-> Loss:0.382,Oa:0.989,Miou:0.947,MiouEMA:0.9502, lr:1.00e-04,time:9.7s
Ep534: tra-> Loss:0.303,Oa:0.991,Miou:0.963, time:4.7s
Ep535: tra-> Loss:0.228,Oa:0.994,Miou:0.976, val-> Loss:0.383,Oa:0.989,Miou:0.946,MiouEMA:0.9501, lr:1.00e-04,time:10.0s
Ep536: tra-> Loss:0.222,Oa:0.994,Miou:0.976, time:4.5s
Ep537: tra-> Loss:0.229,Oa:0.994,Miou:0.974, val-> Loss:0.373,Oa:0.989,Miou:0.948,MiouEMA:0.9501, lr:1.00e-04,time:9.8s
Ep538: tra-> Loss:0.234,Oa:0.993,Miou:0.971, time:4.1s
Ep539: tra-> Loss:0.246,Oa:0.993,Miou:0.970, val-> Loss:0.379,Oa:0.989,Miou:0.948,MiouEMA:0.9501, lr:1.00e-04,time:9.6s
Ep540: tra-> Loss:0.250,Oa:0.992,Miou:0.967, time:4.2s
Ep541: tra-> Loss:0.203,Oa:0.993,Miou:0.975, val-> Loss:0.374,Oa:0.989,Miou:0.948,MiouEMA:0.9501, lr:1.00e-04,time:9.9s
Ep542: tra-> Loss:0.234,Oa:0.992,Miou:0.972, time:4.3s
Ep543: tra-> Loss:0.194,Oa:0.993,Miou:0.979, val-> Loss:0.385,Oa:0.989,Miou:0.947,MiouEMA:0.9500, lr:1.00e-04,time:10.7s
Ep544: tra-> Loss:0.213,Oa:0.994,Miou:0.979, time:3.4s
Ep545: tra-> Loss:0.295,Oa:0.993,Miou:0.971, val-> Loss:0.362,Oa:0.989,Miou:0.949,MiouEMA:0.9500, lr:1.00e-04,time:10.7s
Ep546: tra-> Loss:0.233,Oa:0.994,Miou:0.972, time:5.3s
Ep547: tra-> Loss:0.222,Oa:0.995,Miou:0.977, val-> Loss:0.370,Oa:0.989,Miou:0.949,MiouEMA:0.9500, lr:1.00e-04,time:10.1s
Ep548: tra-> Loss:0.244,Oa:0.991,Miou:0.972, time:4.5s
Ep549: tra-> Loss:0.232,Oa:0.995,Miou:0.976, val-> Loss:0.381,Oa:0.989,Miou:0.948,MiouEMA:0.9500, lr:1.00e-04,time:9.3s
Ep550: tra-> Loss:0.213,Oa:0.993,Miou:0.974, time:4.1s
Ep551: tra-> Loss:0.218,Oa:0.992,Miou:0.973, val-> Loss:0.365,Oa:0.990,Miou:0.950,MiouEMA:0.9500, lr:1.00e-04,time:10.0s
Ep552: tra-> Loss:0.258,Oa:0.994,Miou:0.973, time:4.3s
Ep553: tra-> Loss:0.241,Oa:0.993,Miou:0.973, val-> Loss:0.387,Oa:0.989,Miou:0.948,MiouEMA:0.9501, lr:1.00e-04,time:10.1s
Ep554: tra-> Loss:0.244,Oa:0.994,Miou:0.969, time:4.2s
Ep555: tra-> Loss:0.236,Oa:0.993,Miou:0.968, val-> Loss:0.378,Oa:0.989,Miou:0.949,MiouEMA:0.9501, lr:1.00e-04,time:9.9s
Ep556: tra-> Loss:0.269,Oa:0.994,Miou:0.974, time:4.1s
Ep557: tra-> Loss:0.226,Oa:0.992,Miou:0.973, val-> Loss:0.361,Oa:0.989,Miou:0.949,MiouEMA:0.9501, lr:1.00e-04,time:10.2s
Ep558: tra-> Loss:0.236,Oa:0.994,Miou:0.973, time:4.1s
Ep559: tra-> Loss:0.214,Oa:0.992,Miou:0.971, val-> Loss:0.355,Oa:0.990,Miou:0.950,MiouEMA:0.9501, lr:1.00e-04,time:8.9s
Ep560: tra-> Loss:0.226,Oa:0.994,Miou:0.975, time:4.5s
Ep561: tra-> Loss:0.223,Oa:0.993,Miou:0.977, val-> Loss:0.362,Oa:0.989,Miou:0.949,MiouEMA:0.9501, lr:1.00e-04,time:10.4s
Ep562: tra-> Loss:0.232,Oa:0.994,Miou:0.977, time:4.1s
Ep563: tra-> Loss:0.234,Oa:0.994,Miou:0.978, val-> Loss:0.363,Oa:0.989,Miou:0.949,MiouEMA:0.9501, lr:1.00e-04,time:9.4s
Ep564: tra-> Loss:0.216,Oa:0.994,Miou:0.977, time:4.0s
Ep565: tra-> Loss:0.263,Oa:0.993,Miou:0.964, val-> Loss:0.369,Oa:0.989,Miou:0.949,MiouEMA:0.9502, lr:1.00e-04,time:10.1s
Ep566: tra-> Loss:0.260,Oa:0.993,Miou:0.973, time:4.6s
Ep567: tra-> Loss:0.221,Oa:0.993,Miou:0.975, val-> Loss:0.367,Oa:0.989,Miou:0.949,MiouEMA:0.9502, lr:1.00e-04,time:9.7s
Ep568: tra-> Loss:0.233,Oa:0.993,Miou:0.970, time:4.1s
Ep569: tra-> Loss:0.243,Oa:0.993,Miou:0.971, val-> Loss:0.371,Oa:0.989,Miou:0.949,MiouEMA:0.9502, lr:1.00e-04,time:10.2s
Ep570: tra-> Loss:0.246,Oa:0.993,Miou:0.969, time:4.2s
Ep571: tra-> Loss:0.293,Oa:0.992,Miou:0.962, val-> Loss:0.351,Oa:0.990,Miou:0.951,MiouEMA:0.9502, lr:1.00e-04,time:9.9s
Ep572: tra-> Loss:0.256,Oa:0.991,Miou:0.970, time:4.1s
Ep573: tra-> Loss:0.210,Oa:0.995,Miou:0.977, val-> Loss:0.352,Oa:0.990,Miou:0.951,MiouEMA:0.9503, lr:1.00e-04,time:10.1s
Ep574: tra-> Loss:0.239,Oa:0.993,Miou:0.974, time:4.3s
Ep575: tra-> Loss:0.252,Oa:0.994,Miou:0.969, val-> Loss:0.352,Oa:0.990,Miou:0.951,MiouEMA:0.9503, lr:1.00e-04,time:10.1s
Ep576: tra-> Loss:0.222,Oa:0.993,Miou:0.970, time:4.5s
Ep577: tra-> Loss:0.218,Oa:0.993,Miou:0.976, val-> Loss:0.363,Oa:0.990,Miou:0.950,MiouEMA:0.9504, lr:1.00e-04,time:9.0s
Ep578: tra-> Loss:0.201,Oa:0.993,Miou:0.977, time:4.7s
Ep579: tra-> Loss:0.211,Oa:0.993,Miou:0.974, val-> Loss:0.350,Oa:0.990,Miou:0.951,MiouEMA:0.9504, lr:1.00e-04,time:10.1s
Ep580: tra-> Loss:0.223,Oa:0.994,Miou:0.965, time:4.7s
Ep581: tra-> Loss:0.185,Oa:0.994,Miou:0.981, val-> Loss:0.358,Oa:0.989,Miou:0.949,MiouEMA:0.9505, lr:1.00e-04,time:9.8s
Ep582: tra-> Loss:0.211,Oa:0.995,Miou:0.981, time:4.2s
Ep583: tra-> Loss:0.230,Oa:0.993,Miou:0.972, val-> Loss:0.351,Oa:0.989,Miou:0.950,MiouEMA:0.9505, lr:1.00e-04,time:9.6s
Ep584: tra-> Loss:0.223,Oa:0.994,Miou:0.972, time:4.8s
Ep585: tra-> Loss:0.199,Oa:0.994,Miou:0.979, val-> Loss:0.351,Oa:0.989,Miou:0.949,MiouEMA:0.9505, lr:1.00e-04,time:9.1s
Ep586: tra-> Loss:0.329,Oa:0.992,Miou:0.965, time:4.4s
Ep587: tra-> Loss:0.225,Oa:0.992,Miou:0.970, val-> Loss:0.360,Oa:0.989,Miou:0.948,MiouEMA:0.9504, lr:1.00e-04,time:10.2s
Ep588: tra-> Loss:0.247,Oa:0.993,Miou:0.970, time:4.3s
Ep589: tra-> Loss:0.241,Oa:0.994,Miou:0.977, val-> Loss:0.358,Oa:0.989,Miou:0.949,MiouEMA:0.9504, lr:1.00e-04,time:9.5s
Ep590: tra-> Loss:0.240,Oa:0.994,Miou:0.975, time:3.9s
Ep591: tra-> Loss:0.218,Oa:0.994,Miou:0.975, val-> Loss:0.357,Oa:0.990,Miou:0.950,MiouEMA:0.9504, lr:1.00e-04,time:10.2s
Ep592: tra-> Loss:0.258,Oa:0.993,Miou:0.969, time:3.8s
Ep593: tra-> Loss:0.225,Oa:0.993,Miou:0.975, val-> Loss:0.359,Oa:0.990,Miou:0.951,MiouEMA:0.9504, lr:1.00e-04,time:10.2s
Ep594: tra-> Loss:0.201,Oa:0.994,Miou:0.977, time:4.0s
Ep595: tra-> Loss:0.213,Oa:0.994,Miou:0.979, val-> Loss:0.369,Oa:0.990,Miou:0.950,MiouEMA:0.9505, lr:1.00e-04,time:10.1s
Ep596: tra-> Loss:0.229,Oa:0.994,Miou:0.973, time:4.2s
Ep597: tra-> Loss:0.224,Oa:0.994,Miou:0.975, val-> Loss:0.366,Oa:0.990,Miou:0.950,MiouEMA:0.9505, lr:1.00e-04,time:9.7s
Ep598: tra-> Loss:0.236,Oa:0.994,Miou:0.976, time:3.6s
Ep599: tra-> Loss:0.197,Oa:0.995,Miou:0.980, val-> Loss:0.363,Oa:0.990,Miou:0.951,MiouEMA:0.9505, lr:1.00e-04,time:9.8s
BEST val miou: 0.9521
