Unexpected keys (bn2.num_batches_tracked, bn2.bias, bn2.running_mean, bn2.running_var, bn2.weight, classifier.bias, classifier.weight, conv_head.weight) found while loading pretrained weights. This may be expected if model is being adapted.
Unexpected keys (bn2.num_batches_tracked, bn2.bias, bn2.running_mean, bn2.running_var, bn2.weight, classifier.bias, classifier.weight, conv_head.weight) found while loading pretrained weights. This may be expected if model is being adapted.
Unexpected keys (bn2.num_batches_tracked, bn2.bias, bn2.running_mean, bn2.running_var, bn2.weight, classifier.bias, classifier.weight, conv_head.weight) found while loading pretrained weights. This may be expected if model is being adapted.
train scenes: 52
vali patch 512: 117
Output channels from encoder stages: [16, 24, 40, 112, 320]
loaded 1453/1453 tensors from model/trained/u3net_cross_fusion_v2_soup09522.pth
Ep0: tra-> Loss:0.721,Oa:0.992,Miou:0.972, time:118.0s
Ep1: tra-> Loss:0.705,Oa:0.993,Miou:0.979, val-> Loss:0.412,Oa:0.989,Miou:0.950,MiouEMA:0.9503, lr:1.00e-04,time:26.4s
Ep2: tra-> Loss:0.698,Oa:0.993,Miou:0.974, time:3.9s
Ep3: tra-> Loss:0.626,Oa:0.994,Miou:0.980, val-> Loss:0.439,Oa:0.989,Miou:0.947,MiouEMA:0.9479, lr:1.00e-04,time:7.9s
Ep4: tra-> Loss:0.718,Oa:0.993,Miou:0.977, time:4.2s
Ep5: tra-> Loss:0.702,Oa:0.992,Miou:0.969, val-> Loss:0.445,Oa:0.989,Miou:0.946,MiouEMA:0.9461, lr:1.00e-04,time:8.2s
Ep6: tra-> Loss:0.671,Oa:0.992,Miou:0.974, time:3.9s
Ep7: tra-> Loss:0.704,Oa:0.993,Miou:0.973, val-> Loss:0.435,Oa:0.989,Miou:0.948,MiouEMA:0.9474, lr:1.00e-04,time:8.2s
Ep8: tra-> Loss:0.656,Oa:0.994,Miou:0.974, time:4.6s
Ep9: tra-> Loss:0.674,Oa:0.993,Miou:0.969, val-> Loss:0.428,Oa:0.989,Miou:0.949,MiouEMA:0.9486, lr:1.00e-04,time:8.1s
Ep10: tra-> Loss:0.642,Oa:0.994,Miou:0.979, time:3.7s
Ep11: tra-> Loss:0.713,Oa:0.993,Miou:0.975, val-> Loss:0.450,Oa:0.989,Miou:0.947,MiouEMA:0.9482, lr:1.00e-04,time:7.8s
Ep12: tra-> Loss:0.683,Oa:0.992,Miou:0.970, time:3.9s
Ep13: tra-> Loss:0.682,Oa:0.993,Miou:0.971, val-> Loss:0.423,Oa:0.989,Miou:0.948,MiouEMA:0.9476, lr:1.00e-04,time:8.1s
Ep14: tra-> Loss:0.633,Oa:0.994,Miou:0.979, time:3.5s
Ep15: tra-> Loss:0.731,Oa:0.993,Miou:0.972, val-> Loss:0.434,Oa:0.989,Miou:0.945,MiouEMA:0.9465, lr:1.00e-04,time:7.9s
Ep16: tra-> Loss:0.735,Oa:0.994,Miou:0.970, time:3.8s
Ep17: tra-> Loss:0.659,Oa:0.995,Miou:0.978, val-> Loss:0.465,Oa:0.988,Miou:0.943,MiouEMA:0.9459, lr:1.00e-04,time:8.1s
Ep18: tra-> Loss:0.709,Oa:0.992,Miou:0.971, time:4.0s
Ep19: tra-> Loss:0.744,Oa:0.995,Miou:0.969, val-> Loss:0.441,Oa:0.989,Miou:0.948,MiouEMA:0.9461, lr:1.00e-04,time:8.4s
Ep20: tra-> Loss:0.714,Oa:0.992,Miou:0.970, time:3.4s
Ep21: tra-> Loss:0.689,Oa:0.994,Miou:0.974, val-> Loss:0.414,Oa:0.989,Miou:0.949,MiouEMA:0.9488, lr:1.00e-04,time:7.9s
Ep22: tra-> Loss:0.692,Oa:0.992,Miou:0.969, time:3.6s
Ep23: tra-> Loss:0.694,Oa:0.993,Miou:0.974, val-> Loss:0.424,Oa:0.989,Miou:0.948,MiouEMA:0.9483, lr:1.00e-04,time:8.9s
Ep24: tra-> Loss:0.661,Oa:0.994,Miou:0.977, time:3.5s
Ep25: tra-> Loss:0.660,Oa:0.995,Miou:0.981, val-> Loss:0.427,Oa:0.989,Miou:0.949,MiouEMA:0.9489, lr:1.00e-04,time:8.2s
Ep26: tra-> Loss:0.663,Oa:0.994,Miou:0.972, time:4.9s
Ep27: tra-> Loss:0.669,Oa:0.994,Miou:0.978, val-> Loss:0.421,Oa:0.989,Miou:0.947,MiouEMA:0.9489, lr:1.00e-04,time:8.7s
Ep28: tra-> Loss:0.684,Oa:0.992,Miou:0.969, time:4.2s
Ep29: tra-> Loss:0.669,Oa:0.994,Miou:0.978, val-> Loss:0.423,Oa:0.989,Miou:0.948,MiouEMA:0.9478, lr:1.00e-04,time:8.4s
Ep30: tra-> Loss:0.732,Oa:0.994,Miou:0.971, time:3.9s
Ep31: tra-> Loss:0.727,Oa:0.992,Miou:0.972, val-> Loss:0.425,Oa:0.989,Miou:0.946,MiouEMA:0.9479, lr:1.00e-04,time:7.7s
Ep32: tra-> Loss:0.697,Oa:0.992,Miou:0.973, time:3.9s
Ep33: tra-> Loss:0.670,Oa:0.991,Miou:0.968, val-> Loss:0.432,Oa:0.989,Miou:0.945,MiouEMA:0.9469, lr:1.00e-04,time:8.0s
Ep34: tra-> Loss:0.699,Oa:0.995,Miou:0.973, time:4.0s
Ep35: tra-> Loss:0.742,Oa:0.993,Miou:0.972, val-> Loss:0.406,Oa:0.989,Miou:0.949,MiouEMA:0.9482, lr:1.00e-04,time:7.8s
Ep36: tra-> Loss:0.677,Oa:0.994,Miou:0.973, time:3.5s
Ep37: tra-> Loss:0.719,Oa:0.993,Miou:0.970, val-> Loss:0.446,Oa:0.988,Miou:0.944,MiouEMA:0.9475, lr:1.00e-04,time:7.7s
Ep38: tra-> Loss:0.708,Oa:0.993,Miou:0.970, time:3.9s
Ep39: tra-> Loss:0.621,Oa:0.993,Miou:0.976, val-> Loss:0.424,Oa:0.989,Miou:0.947,MiouEMA:0.9476, lr:1.00e-04,time:8.5s
Ep40: tra-> Loss:0.716,Oa:0.992,Miou:0.973, time:3.8s
Ep41: tra-> Loss:0.658,Oa:0.994,Miou:0.979, val-> Loss:0.422,Oa:0.989,Miou:0.948,MiouEMA:0.9478, lr:1.00e-04,time:8.2s
Ep42: tra-> Loss:0.686,Oa:0.993,Miou:0.973, time:4.5s
Ep43: tra-> Loss:0.677,Oa:0.992,Miou:0.966, val-> Loss:0.442,Oa:0.989,Miou:0.945,MiouEMA:0.9476, lr:1.00e-04,time:7.8s
Ep44: tra-> Loss:0.719,Oa:0.993,Miou:0.969, time:4.0s
Ep45: tra-> Loss:0.702,Oa:0.993,Miou:0.974, val-> Loss:0.443,Oa:0.989,Miou:0.946,MiouEMA:0.9471, lr:1.00e-04,time:7.8s
Ep46: tra-> Loss:0.651,Oa:0.992,Miou:0.969, time:3.5s
Ep47: tra-> Loss:0.710,Oa:0.993,Miou:0.969, val-> Loss:0.414,Oa:0.989,Miou:0.949,MiouEMA:0.9476, lr:1.00e-04,time:8.1s
Ep48: tra-> Loss:0.696,Oa:0.993,Miou:0.968, time:4.6s
Ep49: tra-> Loss:0.670,Oa:0.993,Miou:0.971, val-> Loss:0.417,Oa:0.989,Miou:0.948,MiouEMA:0.9482, lr:1.00e-04,time:8.3s
Ep50: tra-> Loss:0.723,Oa:0.992,Miou:0.968, time:3.8s
Ep51: tra-> Loss:0.683,Oa:0.993,Miou:0.971, val-> Loss:0.417,Oa:0.989,Miou:0.947,MiouEMA:0.9481, lr:1.00e-04,time:7.7s
Ep52: tra-> Loss:0.665,Oa:0.993,Miou:0.974, time:3.5s
Ep53: tra-> Loss:0.687,Oa:0.993,Miou:0.972, val-> Loss:0.413,Oa:0.989,Miou:0.947,MiouEMA:0.9479, lr:1.00e-04,time:8.4s
Ep54: tra-> Loss:0.672,Oa:0.993,Miou:0.974, time:3.8s
Ep55: tra-> Loss:0.669,Oa:0.995,Miou:0.975, val-> Loss:0.426,Oa:0.989,Miou:0.945,MiouEMA:0.9479, lr:1.00e-04,time:8.2s
Ep56: tra-> Loss:0.721,Oa:0.992,Miou:0.969, time:4.3s
Ep57: tra-> Loss:0.695,Oa:0.993,Miou:0.971, val-> Loss:0.403,Oa:0.989,Miou:0.948,MiouEMA:0.9481, lr:1.00e-04,time:8.3s
Ep58: tra-> Loss:0.686,Oa:0.993,Miou:0.978, time:3.6s
Ep59: tra-> Loss:0.656,Oa:0.992,Miou:0.968, val-> Loss:0.425,Oa:0.989,Miou:0.945,MiouEMA:0.9476, lr:1.00e-04,time:8.0s
Ep60: tra-> Loss:0.666,Oa:0.993,Miou:0.971, time:4.1s
Ep61: tra-> Loss:0.650,Oa:0.994,Miou:0.975, val-> Loss:0.423,Oa:0.989,Miou:0.947,MiouEMA:0.9475, lr:1.00e-04,time:7.6s
Ep62: tra-> Loss:0.692,Oa:0.992,Miou:0.971, time:4.0s
Ep63: tra-> Loss:0.705,Oa:0.994,Miou:0.973, val-> Loss:0.392,Oa:0.990,Miou:0.950,MiouEMA:0.9480, lr:1.00e-04,time:8.3s
Ep64: tra-> Loss:0.744,Oa:0.992,Miou:0.972, time:4.5s
Ep65: tra-> Loss:0.659,Oa:0.993,Miou:0.971, val-> Loss:0.416,Oa:0.989,Miou:0.948,MiouEMA:0.9483, lr:1.00e-04,time:7.7s
Ep66: tra-> Loss:0.644,Oa:0.993,Miou:0.971, time:4.1s
Ep67: tra-> Loss:0.695,Oa:0.993,Miou:0.973, val-> Loss:0.431,Oa:0.989,Miou:0.946,MiouEMA:0.9482, lr:1.00e-04,time:8.1s
Ep68: tra-> Loss:0.635,Oa:0.994,Miou:0.979, time:3.5s
Ep69: tra-> Loss:0.718,Oa:0.991,Miou:0.965, val-> Loss:0.394,Oa:0.989,Miou:0.950,MiouEMA:0.9484, lr:1.00e-04,time:7.7s
Ep70: tra-> Loss:0.685,Oa:0.994,Miou:0.977, time:4.1s
Ep71: tra-> Loss:0.651,Oa:0.995,Miou:0.977, val-> Loss:0.406,Oa:0.989,Miou:0.949,MiouEMA:0.9489, lr:1.00e-04,time:8.1s
Ep72: tra-> Loss:0.684,Oa:0.993,Miou:0.972, time:3.9s
Ep73: tra-> Loss:0.689,Oa:0.992,Miou:0.968, val-> Loss:0.394,Oa:0.989,Miou:0.950,MiouEMA:0.9493, lr:1.00e-04,time:7.6s
Ep74: tra-> Loss:0.651,Oa:0.993,Miou:0.974, time:4.0s
Ep75: tra-> Loss:0.738,Oa:0.993,Miou:0.972, val-> Loss:0.419,Oa:0.989,Miou:0.947,MiouEMA:0.9493, lr:1.00e-04,time:8.8s
Ep76: tra-> Loss:0.713,Oa:0.994,Miou:0.969, time:4.4s
Ep77: tra-> Loss:0.681,Oa:0.992,Miou:0.968, val-> Loss:0.429,Oa:0.989,Miou:0.945,MiouEMA:0.9489, lr:1.00e-04,time:7.6s
Ep78: tra-> Loss:0.635,Oa:0.993,Miou:0.974, time:3.8s
Ep79: tra-> Loss:0.648,Oa:0.992,Miou:0.969, val-> Loss:0.424,Oa:0.989,Miou:0.945,MiouEMA:0.9483, lr:1.00e-04,time:8.0s
Ep80: tra-> Loss:0.674,Oa:0.992,Miou:0.974, time:4.0s
Ep81: tra-> Loss:0.633,Oa:0.992,Miou:0.972, val-> Loss:0.402,Oa:0.989,Miou:0.949,MiouEMA:0.9483, lr:1.00e-04,time:7.7s
Ep82: tra-> Loss:0.668,Oa:0.993,Miou:0.974, time:3.8s
Ep83: tra-> Loss:0.668,Oa:0.993,Miou:0.973, val-> Loss:0.400,Oa:0.989,Miou:0.948,MiouEMA:0.9486, lr:1.00e-04,time:8.0s
Ep84: tra-> Loss:0.692,Oa:0.994,Miou:0.975, time:3.9s
Ep85: tra-> Loss:0.704,Oa:0.994,Miou:0.968, val-> Loss:0.426,Oa:0.989,Miou:0.946,MiouEMA:0.9485, lr:1.00e-04,time:8.1s
Ep86: tra-> Loss:0.658,Oa:0.992,Miou:0.972, time:3.9s
Ep87: tra-> Loss:0.661,Oa:0.994,Miou:0.977, val-> Loss:0.395,Oa:0.989,Miou:0.948,MiouEMA:0.9485, lr:1.00e-04,time:8.2s
Ep88: tra-> Loss:0.670,Oa:0.994,Miou:0.976, time:3.4s
Ep89: tra-> Loss:0.707,Oa:0.992,Miou:0.960, val-> Loss:0.410,Oa:0.989,Miou:0.948,MiouEMA:0.9484, lr:1.00e-04,time:8.6s
Ep90: tra-> Loss:0.648,Oa:0.994,Miou:0.973, time:4.1s
Ep91: tra-> Loss:0.682,Oa:0.991,Miou:0.964, val-> Loss:0.446,Oa:0.988,Miou:0.944,MiouEMA:0.9480, lr:1.00e-04,time:7.6s
Ep92: tra-> Loss:0.669,Oa:0.994,Miou:0.975, time:3.7s
Ep93: tra-> Loss:0.699,Oa:0.992,Miou:0.971, val-> Loss:0.393,Oa:0.989,Miou:0.949,MiouEMA:0.9485, lr:1.00e-04,time:8.1s
Ep94: tra-> Loss:0.640,Oa:0.992,Miou:0.975, time:3.9s
Ep95: tra-> Loss:0.702,Oa:0.993,Miou:0.968, val-> Loss:0.415,Oa:0.989,Miou:0.946,MiouEMA:0.9485, lr:1.00e-04,time:8.2s
Ep96: tra-> Loss:0.650,Oa:0.993,Miou:0.972, time:4.4s
Ep97: tra-> Loss:0.673,Oa:0.992,Miou:0.967, val-> Loss:0.418,Oa:0.989,Miou:0.946,MiouEMA:0.9482, lr:1.00e-04,time:8.2s
Ep98: tra-> Loss:0.675,Oa:0.993,Miou:0.968, time:3.9s
Ep99: tra-> Loss:0.695,Oa:0.994,Miou:0.974, val-> Loss:0.396,Oa:0.989,Miou:0.948,MiouEMA:0.9482, lr:1.00e-04,time:7.7s
Ep100: tra-> Loss:0.709,Oa:0.992,Miou:0.969, time:3.8s
Ep101: tra-> Loss:0.659,Oa:0.994,Miou:0.973, val-> Loss:0.392,Oa:0.989,Miou:0.949,MiouEMA:0.9484, lr:1.00e-04,time:8.1s
Ep102: tra-> Loss:0.717,Oa:0.993,Miou:0.973, time:3.8s
Ep103: tra-> Loss:0.697,Oa:0.993,Miou:0.976, val-> Loss:0.421,Oa:0.989,Miou:0.945,MiouEMA:0.9484, lr:1.00e-04,time:8.1s
Ep104: tra-> Loss:0.681,Oa:0.992,Miou:0.969, time:3.7s
Ep105: tra-> Loss:0.666,Oa:0.993,Miou:0.974, val-> Loss:0.384,Oa:0.990,Miou:0.950,MiouEMA:0.9484, lr:1.00e-04,time:8.3s
Ep106: tra-> Loss:0.684,Oa:0.993,Miou:0.971, time:3.9s
Ep107: tra-> Loss:0.682,Oa:0.995,Miou:0.978, val-> Loss:0.398,Oa:0.989,Miou:0.949,MiouEMA:0.9486, lr:1.00e-04,time:9.2s
Ep108: tra-> Loss:0.678,Oa:0.994,Miou:0.973, time:3.4s
Ep109: tra-> Loss:0.706,Oa:0.994,Miou:0.974, val-> Loss:0.419,Oa:0.989,Miou:0.948,MiouEMA:0.9484, lr:1.00e-04,time:8.1s
Ep110: tra-> Loss:0.706,Oa:0.994,Miou:0.974, time:3.5s
Ep111: tra-> Loss:0.679,Oa:0.991,Miou:0.974, val-> Loss:0.417,Oa:0.989,Miou:0.947,MiouEMA:0.9485, lr:1.00e-04,time:7.7s
Ep112: tra-> Loss:0.668,Oa:0.993,Miou:0.975, time:4.0s
Ep113: tra-> Loss:0.703,Oa:0.992,Miou:0.971, val-> Loss:0.439,Oa:0.989,Miou:0.945,MiouEMA:0.9482, lr:1.00e-04,time:7.8s
Ep114: tra-> Loss:0.671,Oa:0.994,Miou:0.973, time:3.5s
Ep115: tra-> Loss:0.679,Oa:0.992,Miou:0.971, val-> Loss:0.620,Oa:0.977,Miou:0.897,MiouEMA:0.9479, lr:1.00e-04,time:8.1s
Ep116: tra-> Loss:0.667,Oa:0.993,Miou:0.971, time:3.6s
Ep117: tra-> Loss:0.646,Oa:0.994,Miou:0.977, val-> Loss:0.613,Oa:0.978,Miou:0.898,MiouEMA:0.9481, lr:1.00e-04,time:8.3s
Ep118: tra-> Loss:0.658,Oa:0.993,Miou:0.975, time:3.9s
Ep119: tra-> Loss:0.693,Oa:0.991,Miou:0.967, val-> Loss:0.440,Oa:0.988,Miou:0.942,MiouEMA:0.9481, lr:1.00e-04,time:8.8s
Ep120: tra-> Loss:0.695,Oa:0.992,Miou:0.967, time:3.9s
Ep121: tra-> Loss:0.669,Oa:0.995,Miou:0.979, val-> Loss:0.417,Oa:0.989,Miou:0.947,MiouEMA:0.9480, lr:1.00e-04,time:9.4s
Ep122: tra-> Loss:0.784,Oa:0.992,Miou:0.968, time:3.9s
Ep123: tra-> Loss:0.668,Oa:0.993,Miou:0.975, val-> Loss:0.406,Oa:0.989,Miou:0.947,MiouEMA:0.9484, lr:1.00e-04,time:8.0s
Ep124: tra-> Loss:0.694,Oa:0.992,Miou:0.971, time:4.0s
Ep125: tra-> Loss:0.709,Oa:0.993,Miou:0.969, val-> Loss:0.434,Oa:0.988,Miou:0.945,MiouEMA:0.9485, lr:1.00e-04,time:8.2s
Ep126: tra-> Loss:0.730,Oa:0.991,Miou:0.963, time:4.4s
Ep127: tra-> Loss:0.679,Oa:0.992,Miou:0.973, val-> Loss:0.437,Oa:0.989,Miou:0.945,MiouEMA:0.9482, lr:1.00e-04,time:8.2s
Ep128: tra-> Loss:0.645,Oa:0.994,Miou:0.976, time:4.7s
Ep129: tra-> Loss:0.670,Oa:0.995,Miou:0.976, val-> Loss:0.424,Oa:0.989,Miou:0.947,MiouEMA:0.9483, lr:1.00e-04,time:8.2s
Ep130: tra-> Loss:0.640,Oa:0.993,Miou:0.975, time:4.7s
Ep131: tra-> Loss:0.633,Oa:0.994,Miou:0.978, val-> Loss:0.461,Oa:0.988,Miou:0.944,MiouEMA:0.9481, lr:1.00e-04,time:7.5s
Ep132: tra-> Loss:0.688,Oa:0.994,Miou:0.974, time:4.6s
Ep133: tra-> Loss:0.714,Oa:0.993,Miou:0.971, val-> Loss:0.413,Oa:0.989,Miou:0.949,MiouEMA:0.9480, lr:1.00e-04,time:7.8s
Ep134: tra-> Loss:0.696,Oa:0.994,Miou:0.966, time:3.8s
Ep135: tra-> Loss:0.678,Oa:0.994,Miou:0.970, val-> Loss:0.425,Oa:0.989,Miou:0.947,MiouEMA:0.9482, lr:1.00e-04,time:8.1s
Ep136: tra-> Loss:0.689,Oa:0.993,Miou:0.968, time:3.5s
Ep137: tra-> Loss:0.700,Oa:0.992,Miou:0.967, val-> Loss:0.423,Oa:0.989,Miou:0.947,MiouEMA:0.9482, lr:1.00e-04,time:8.3s
Ep138: tra-> Loss:0.733,Oa:0.993,Miou:0.964, time:3.9s
Ep139: tra-> Loss:0.640,Oa:0.993,Miou:0.976, val-> Loss:0.415,Oa:0.989,Miou:0.947,MiouEMA:0.9482, lr:1.00e-04,time:8.7s
Ep140: tra-> Loss:0.712,Oa:0.993,Miou:0.975, time:4.0s
Ep141: tra-> Loss:0.644,Oa:0.994,Miou:0.973, val-> Loss:0.414,Oa:0.989,Miou:0.946,MiouEMA:0.9483, lr:1.00e-04,time:8.2s
Ep142: tra-> Loss:0.632,Oa:0.994,Miou:0.980, time:3.9s
Ep143: tra-> Loss:0.679,Oa:0.993,Miou:0.968, val-> Loss:0.453,Oa:0.988,Miou:0.944,MiouEMA:0.9481, lr:1.00e-04,time:7.9s
Ep144: tra-> Loss:0.653,Oa:0.992,Miou:0.968, time:3.9s
Ep145: tra-> Loss:0.709,Oa:0.994,Miou:0.973, val-> Loss:0.437,Oa:0.989,Miou:0.947,MiouEMA:0.9481, lr:1.00e-04,time:7.6s
Ep146: tra-> Loss:0.658,Oa:0.993,Miou:0.977, time:3.8s
Ep147: tra-> Loss:0.680,Oa:0.993,Miou:0.972, val-> Loss:0.451,Oa:0.989,Miou:0.946,MiouEMA:0.9479, lr:1.00e-04,time:8.8s
Ep148: tra-> Loss:0.661,Oa:0.993,Miou:0.973, time:3.8s
Ep149: tra-> Loss:0.639,Oa:0.994,Miou:0.978, val-> Loss:0.446,Oa:0.989,Miou:0.946,MiouEMA:0.9477, lr:1.00e-04,time:8.2s
Ep150: tra-> Loss:0.675,Oa:0.992,Miou:0.966, time:4.5s
Ep151: tra-> Loss:0.640,Oa:0.994,Miou:0.976, val-> Loss:0.417,Oa:0.989,Miou:0.947,MiouEMA:0.9478, lr:1.00e-04,time:8.1s
Ep152: tra-> Loss:0.681,Oa:0.992,Miou:0.969, time:3.9s
Ep153: tra-> Loss:0.702,Oa:0.992,Miou:0.965, val-> Loss:0.417,Oa:0.989,Miou:0.946,MiouEMA:0.9477, lr:1.00e-04,time:8.3s
Ep154: tra-> Loss:0.708,Oa:0.993,Miou:0.969, time:4.6s
Ep155: tra-> Loss:0.667,Oa:0.994,Miou:0.972, val-> Loss:0.432,Oa:0.989,Miou:0.946,MiouEMA:0.9476, lr:1.00e-04,time:8.0s
Ep156: tra-> Loss:0.648,Oa:0.993,Miou:0.976, time:3.9s
Ep157: tra-> Loss:0.657,Oa:0.994,Miou:0.978, val-> Loss:0.421,Oa:0.989,Miou:0.949,MiouEMA:0.9477, lr:1.00e-04,time:8.7s
Ep158: tra-> Loss:0.712,Oa:0.993,Miou:0.975, time:3.8s
Ep159: tra-> Loss:0.691,Oa:0.992,Miou:0.969, val-> Loss:0.403,Oa:0.989,Miou:0.949,MiouEMA:0.9479, lr:1.00e-04,time:8.6s
Ep160: tra-> Loss:0.679,Oa:0.994,Miou:0.973, time:3.9s
Ep161: tra-> Loss:0.710,Oa:0.992,Miou:0.967, val-> Loss:0.408,Oa:0.989,Miou:0.949,MiouEMA:0.9481, lr:1.00e-04,time:8.9s
Ep162: tra-> Loss:0.732,Oa:0.992,Miou:0.963, time:3.7s
Ep163: tra-> Loss:0.680,Oa:0.993,Miou:0.966, val-> Loss:0.412,Oa:0.989,Miou:0.948,MiouEMA:0.9483, lr:1.00e-04,time:7.6s
Ep164: tra-> Loss:0.639,Oa:0.994,Miou:0.975, time:3.5s
Ep165: tra-> Loss:0.627,Oa:0.992,Miou:0.972, val-> Loss:0.454,Oa:0.989,Miou:0.945,MiouEMA:0.9480, lr:1.00e-04,time:8.1s
Ep166: tra-> Loss:0.643,Oa:0.995,Miou:0.980, time:3.7s
Ep167: tra-> Loss:0.688,Oa:0.993,Miou:0.970, val-> Loss:0.438,Oa:0.989,Miou:0.947,MiouEMA:0.9479, lr:1.00e-04,time:9.3s
Ep168: tra-> Loss:0.672,Oa:0.993,Miou:0.971, time:4.0s
Ep169: tra-> Loss:0.645,Oa:0.994,Miou:0.977, val-> Loss:0.416,Oa:0.989,Miou:0.949,MiouEMA:0.9479, lr:1.00e-04,time:8.4s
Ep170: tra-> Loss:0.724,Oa:0.992,Miou:0.965, time:3.8s
Ep171: tra-> Loss:0.687,Oa:0.993,Miou:0.972, val-> Loss:0.422,Oa:0.989,Miou:0.948,MiouEMA:0.9481, lr:1.00e-04,time:8.1s
Ep172: tra-> Loss:0.671,Oa:0.993,Miou:0.974, time:3.8s
Ep173: tra-> Loss:0.681,Oa:0.993,Miou:0.971, val-> Loss:0.434,Oa:0.989,Miou:0.948,MiouEMA:0.9481, lr:1.00e-04,time:7.6s
Ep174: tra-> Loss:0.635,Oa:0.992,Miou:0.973, time:4.4s
Ep175: tra-> Loss:0.685,Oa:0.990,Miou:0.969, val-> Loss:0.452,Oa:0.989,Miou:0.947,MiouEMA:0.9480, lr:1.00e-04,time:8.8s
Ep176: tra-> Loss:0.707,Oa:0.992,Miou:0.971, time:4.0s
Ep177: tra-> Loss:0.672,Oa:0.994,Miou:0.974, val-> Loss:0.468,Oa:0.989,Miou:0.949,MiouEMA:0.9483, lr:1.00e-04,time:8.2s
Ep178: tra-> Loss:0.655,Oa:0.992,Miou:0.973, time:4.6s
Ep179: tra-> Loss:0.710,Oa:0.992,Miou:0.967, val-> Loss:0.504,Oa:0.988,Miou:0.941,MiouEMA:0.9483, lr:1.00e-04,time:8.5s
Ep180: tra-> Loss:0.673,Oa:0.993,Miou:0.971, time:4.2s
Ep181: tra-> Loss:0.672,Oa:0.993,Miou:0.971, val-> Loss:0.468,Oa:0.988,Miou:0.943,MiouEMA:0.9484, lr:1.00e-04,time:8.5s
Ep182: tra-> Loss:0.664,Oa:0.993,Miou:0.973, time:3.9s
Ep183: tra-> Loss:0.719,Oa:0.995,Miou:0.969, val-> Loss:0.479,Oa:0.986,Miou:0.934,MiouEMA:0.9484, lr:1.00e-04,time:7.9s
Ep184: tra-> Loss:0.688,Oa:0.993,Miou:0.972, time:3.4s
Ep185: tra-> Loss:0.641,Oa:0.994,Miou:0.975, val-> Loss:0.454,Oa:0.988,Miou:0.943,MiouEMA:0.9485, lr:1.00e-04,time:7.6s
Ep186: tra-> Loss:0.687,Oa:0.992,Miou:0.966, time:3.7s
Ep187: tra-> Loss:0.664,Oa:0.992,Miou:0.970, val-> Loss:0.438,Oa:0.989,Miou:0.946,MiouEMA:0.9483, lr:1.00e-04,time:8.0s
Ep188: tra-> Loss:0.634,Oa:0.993,Miou:0.970, time:4.5s
Ep189: tra-> Loss:0.662,Oa:0.994,Miou:0.977, val-> Loss:0.423,Oa:0.989,Miou:0.948,MiouEMA:0.9483, lr:1.00e-04,time:8.4s
Ep190: tra-> Loss:0.626,Oa:0.992,Miou:0.970, time:4.6s
Ep191: tra-> Loss:0.626,Oa:0.994,Miou:0.976, val-> Loss:0.434,Oa:0.989,Miou:0.946,MiouEMA:0.9483, lr:1.00e-04,time:7.7s
Ep192: tra-> Loss:0.681,Oa:0.994,Miou:0.977, time:3.7s
Ep193: tra-> Loss:0.660,Oa:0.994,Miou:0.977, val-> Loss:0.477,Oa:0.987,Miou:0.937,MiouEMA:0.9484, lr:1.00e-04,time:8.7s
Ep194: tra-> Loss:0.682,Oa:0.994,Miou:0.969, time:3.7s
Ep195: tra-> Loss:0.704,Oa:0.990,Miou:0.967, val-> Loss:0.439,Oa:0.989,Miou:0.948,MiouEMA:0.9485, lr:1.00e-04,time:7.8s
Ep196: tra-> Loss:0.665,Oa:0.993,Miou:0.973, time:4.5s
Ep197: tra-> Loss:0.702,Oa:0.995,Miou:0.971, val-> Loss:0.453,Oa:0.989,Miou:0.947,MiouEMA:0.9485, lr:1.00e-04,time:7.9s
Ep198: tra-> Loss:0.715,Oa:0.992,Miou:0.963, time:3.6s
Ep199: tra-> Loss:0.637,Oa:0.993,Miou:0.977, val-> Loss:0.468,Oa:0.988,Miou:0.943,MiouEMA:0.9485, lr:1.00e-04,time:8.4s
Ep200: tra-> Loss:0.675,Oa:0.994,Miou:0.976, time:4.0s
Ep201: tra-> Loss:0.644,Oa:0.994,Miou:0.976, val-> Loss:0.470,Oa:0.988,Miou:0.941,MiouEMA:0.9486, lr:1.00e-04,time:8.2s
Ep202: tra-> Loss:0.672,Oa:0.995,Miou:0.976, time:3.6s
Ep203: tra-> Loss:0.703,Oa:0.994,Miou:0.973, val-> Loss:0.429,Oa:0.989,Miou:0.946,MiouEMA:0.9486, lr:1.00e-04,time:8.1s
Ep204: tra-> Loss:0.665,Oa:0.993,Miou:0.973, time:3.9s
Ep205: tra-> Loss:0.690,Oa:0.993,Miou:0.964, val-> Loss:0.465,Oa:0.987,Miou:0.938,MiouEMA:0.9486, lr:1.00e-04,time:7.8s
Ep206: tra-> Loss:0.681,Oa:0.994,Miou:0.973, time:4.0s
Ep207: tra-> Loss:0.690,Oa:0.993,Miou:0.972, val-> Loss:0.463,Oa:0.986,Miou:0.936,MiouEMA:0.9486, lr:1.00e-04,time:8.8s
Ep208: tra-> Loss:0.677,Oa:0.994,Miou:0.975, time:3.9s
Ep209: tra-> Loss:0.657,Oa:0.993,Miou:0.976, val-> Loss:0.456,Oa:0.988,Miou:0.944,MiouEMA:0.9485, lr:1.00e-04,time:8.3s
Ep210: tra-> Loss:0.665,Oa:0.993,Miou:0.974, time:4.1s
Ep211: tra-> Loss:0.678,Oa:0.994,Miou:0.974, val-> Loss:0.441,Oa:0.989,Miou:0.946,MiouEMA:0.9484, lr:1.00e-04,time:7.5s
Ep212: tra-> Loss:0.731,Oa:0.993,Miou:0.974, time:4.0s
Ep213: tra-> Loss:0.690,Oa:0.993,Miou:0.972, val-> Loss:0.393,Oa:0.989,Miou:0.949,MiouEMA:0.9484, lr:1.00e-04,time:8.0s
Ep214: tra-> Loss:0.708,Oa:0.993,Miou:0.973, time:3.4s
Ep215: tra-> Loss:0.680,Oa:0.991,Miou:0.972, val-> Loss:0.408,Oa:0.989,Miou:0.947,MiouEMA:0.9485, lr:1.00e-04,time:9.2s
Ep216: tra-> Loss:0.654,Oa:0.993,Miou:0.976, time:3.9s
Ep217: tra-> Loss:0.681,Oa:0.994,Miou:0.974, val-> Loss:0.425,Oa:0.989,Miou:0.947,MiouEMA:0.9484, lr:1.00e-04,time:7.7s
Ep218: tra-> Loss:0.671,Oa:0.994,Miou:0.973, time:3.9s
Ep219: tra-> Loss:0.686,Oa:0.991,Miou:0.963, val-> Loss:0.457,Oa:0.988,Miou:0.944,MiouEMA:0.9483, lr:1.00e-04,time:7.6s
Ep220: tra-> Loss:0.702,Oa:0.992,Miou:0.969, time:3.4s
Ep221: tra-> Loss:0.712,Oa:0.993,Miou:0.969, val-> Loss:0.427,Oa:0.989,Miou:0.947,MiouEMA:0.9481, lr:1.00e-04,time:8.8s
Ep222: tra-> Loss:0.665,Oa:0.993,Miou:0.972, time:3.5s
Ep223: tra-> Loss:0.702,Oa:0.991,Miou:0.968, val-> Loss:0.408,Oa:0.989,Miou:0.948,MiouEMA:0.9482, lr:1.00e-04,time:8.2s
Ep224: tra-> Loss:0.656,Oa:0.992,Miou:0.974, time:3.5s
Ep225: tra-> Loss:0.681,Oa:0.995,Miou:0.978, val-> Loss:0.417,Oa:0.989,Miou:0.946,MiouEMA:0.9482, lr:1.00e-04,time:7.5s
Ep226: tra-> Loss:0.691,Oa:0.993,Miou:0.971, time:4.1s
Ep227: tra-> Loss:0.676,Oa:0.993,Miou:0.974, val-> Loss:0.410,Oa:0.989,Miou:0.946,MiouEMA:0.9481, lr:1.00e-04,time:8.7s
Ep228: tra-> Loss:0.731,Oa:0.994,Miou:0.973, time:4.0s
Ep229: tra-> Loss:0.675,Oa:0.993,Miou:0.974, val-> Loss:0.417,Oa:0.989,Miou:0.946,MiouEMA:0.9480, lr:1.00e-04,time:8.5s
Ep230: tra-> Loss:0.668,Oa:0.994,Miou:0.977, time:3.7s
Ep231: tra-> Loss:0.639,Oa:0.990,Miou:0.963, val-> Loss:0.402,Oa:0.989,Miou:0.948,MiouEMA:0.9480, lr:1.00e-04,time:8.1s
Ep232: tra-> Loss:0.637,Oa:0.995,Miou:0.980, time:4.3s
Ep233: tra-> Loss:0.657,Oa:0.991,Miou:0.967, val-> Loss:0.422,Oa:0.989,Miou:0.947,MiouEMA:0.9480, lr:1.00e-04,time:8.2s
Ep234: tra-> Loss:0.642,Oa:0.994,Miou:0.977, time:4.0s
Ep235: tra-> Loss:0.672,Oa:0.995,Miou:0.978, val-> Loss:0.438,Oa:0.989,Miou:0.946,MiouEMA:0.9480, lr:1.00e-04,time:8.3s
Ep236: tra-> Loss:0.598,Oa:0.994,Miou:0.976, time:4.4s
Ep237: tra-> Loss:0.690,Oa:0.990,Miou:0.965, val-> Loss:0.425,Oa:0.989,Miou:0.945,MiouEMA:0.9479, lr:1.00e-04,time:8.0s
Ep238: tra-> Loss:0.692,Oa:0.991,Miou:0.972, time:4.1s
Ep239: tra-> Loss:0.677,Oa:0.994,Miou:0.976, val-> Loss:0.394,Oa:0.989,Miou:0.949,MiouEMA:0.9480, lr:1.00e-04,time:7.8s
Ep240: tra-> Loss:0.657,Oa:0.995,Miou:0.982, time:3.8s
Ep241: tra-> Loss:0.698,Oa:0.993,Miou:0.972, val-> Loss:0.429,Oa:0.989,Miou:0.945,MiouEMA:0.9480, lr:1.00e-04,time:8.1s
Ep242: tra-> Loss:0.674,Oa:0.991,Miou:0.964, time:5.1s
Ep243: tra-> Loss:0.680,Oa:0.993,Miou:0.972, val-> Loss:0.403,Oa:0.989,Miou:0.948,MiouEMA:0.9480, lr:1.00e-04,time:7.7s
Ep244: tra-> Loss:0.657,Oa:0.993,Miou:0.970, time:4.6s
Ep245: tra-> Loss:0.692,Oa:0.992,Miou:0.968, val-> Loss:0.410,Oa:0.989,Miou:0.949,MiouEMA:0.9481, lr:1.00e-04,time:7.8s
Ep246: tra-> Loss:0.652,Oa:0.994,Miou:0.976, time:3.8s
Ep247: tra-> Loss:0.589,Oa:0.995,Miou:0.978, val-> Loss:0.403,Oa:0.989,Miou:0.949,MiouEMA:0.9482, lr:1.00e-04,time:9.1s
Ep248: tra-> Loss:0.753,Oa:0.994,Miou:0.970, time:3.8s
Ep249: tra-> Loss:0.743,Oa:0.992,Miou:0.972, val-> Loss:0.409,Oa:0.988,Miou:0.943,MiouEMA:0.9486, lr:1.00e-04,time:7.6s
Ep250: tra-> Loss:0.677,Oa:0.993,Miou:0.973, time:4.7s
Ep251: tra-> Loss:0.657,Oa:0.992,Miou:0.972, val-> Loss:0.439,Oa:0.988,Miou:0.943,MiouEMA:0.9487, lr:1.00e-04,time:7.9s
Ep252: tra-> Loss:0.690,Oa:0.992,Miou:0.969, time:4.4s
Ep253: tra-> Loss:0.686,Oa:0.993,Miou:0.976, val-> Loss:0.409,Oa:0.989,Miou:0.947,MiouEMA:0.9487, lr:1.00e-04,time:8.9s
Ep254: tra-> Loss:0.704,Oa:0.991,Miou:0.967, time:3.9s
Ep255: tra-> Loss:0.685,Oa:0.994,Miou:0.969, val-> Loss:0.401,Oa:0.989,Miou:0.946,MiouEMA:0.9486, lr:1.00e-04,time:8.1s
Ep256: tra-> Loss:0.700,Oa:0.994,Miou:0.975, time:4.3s
Ep257: tra-> Loss:0.659,Oa:0.993,Miou:0.974, val-> Loss:0.439,Oa:0.988,Miou:0.941,MiouEMA:0.9486, lr:1.00e-04,time:8.0s
Ep258: tra-> Loss:0.606,Oa:0.994,Miou:0.979, time:3.6s
Ep259: tra-> Loss:0.676,Oa:0.992,Miou:0.969, val-> Loss:0.462,Oa:0.989,Miou:0.946,MiouEMA:0.9485, lr:1.00e-04,time:8.2s
Ep260: tra-> Loss:0.672,Oa:0.994,Miou:0.976, time:3.3s
Ep261: tra-> Loss:0.680,Oa:0.992,Miou:0.967, val-> Loss:0.444,Oa:0.990,Miou:0.951,MiouEMA:0.9486, lr:1.00e-04,time:7.8s
Ep262: tra-> Loss:0.658,Oa:0.994,Miou:0.977, time:4.4s
Ep263: tra-> Loss:0.645,Oa:0.994,Miou:0.975, val-> Loss:0.503,Oa:0.988,Miou:0.943,MiouEMA:0.9487, lr:1.00e-04,time:8.3s
Ep264: tra-> Loss:0.642,Oa:0.993,Miou:0.976, time:4.1s
Ep265: tra-> Loss:0.662,Oa:0.992,Miou:0.970, val-> Loss:0.450,Oa:0.989,Miou:0.949,MiouEMA:0.9487, lr:1.00e-04,time:8.7s
Ep266: tra-> Loss:0.653,Oa:0.993,Miou:0.977, time:3.8s
Ep267: tra-> Loss:0.686,Oa:0.992,Miou:0.972, val-> Loss:0.427,Oa:0.989,Miou:0.947,MiouEMA:0.9487, lr:1.00e-04,time:8.6s
Ep268: tra-> Loss:0.675,Oa:0.994,Miou:0.977, time:3.6s
Ep269: tra-> Loss:0.652,Oa:0.993,Miou:0.975, val-> Loss:0.419,Oa:0.989,Miou:0.947,MiouEMA:0.9486, lr:1.00e-04,time:8.0s
Ep270: tra-> Loss:0.646,Oa:0.993,Miou:0.972, time:4.0s
Ep271: tra-> Loss:0.704,Oa:0.992,Miou:0.962, val-> Loss:0.406,Oa:0.989,Miou:0.947,MiouEMA:0.9485, lr:1.00e-04,time:8.2s
Ep272: tra-> Loss:0.692,Oa:0.994,Miou:0.974, time:4.0s
Ep273: tra-> Loss:0.642,Oa:0.993,Miou:0.976, val-> Loss:0.493,Oa:0.987,Miou:0.936,MiouEMA:0.9485, lr:1.00e-04,time:7.7s
Ep274: tra-> Loss:0.630,Oa:0.992,Miou:0.972, time:3.4s
Ep275: tra-> Loss:0.689,Oa:0.993,Miou:0.966, val-> Loss:0.436,Oa:0.988,Miou:0.945,MiouEMA:0.9483, lr:1.00e-04,time:8.7s
Ep276: tra-> Loss:0.705,Oa:0.993,Miou:0.965, time:3.9s
Ep277: tra-> Loss:0.714,Oa:0.991,Miou:0.964, val-> Loss:0.437,Oa:0.989,Miou:0.945,MiouEMA:0.9482, lr:1.00e-04,time:7.8s
Ep278: tra-> Loss:0.693,Oa:0.993,Miou:0.970, time:4.0s
Ep279: tra-> Loss:0.630,Oa:0.994,Miou:0.974, val-> Loss:0.415,Oa:0.989,Miou:0.947,MiouEMA:0.9481, lr:1.00e-04,time:8.9s
Ep280: tra-> Loss:0.675,Oa:0.993,Miou:0.974, time:3.8s
Ep281: tra-> Loss:0.705,Oa:0.991,Miou:0.966, val-> Loss:0.411,Oa:0.989,Miou:0.948,MiouEMA:0.9481, lr:1.00e-04,time:8.2s
Ep282: tra-> Loss:0.700,Oa:0.993,Miou:0.971, time:3.5s
Ep283: tra-> Loss:0.688,Oa:0.993,Miou:0.971, val-> Loss:0.404,Oa:0.989,Miou:0.948,MiouEMA:0.9481, lr:1.00e-04,time:7.9s
Ep284: tra-> Loss:0.693,Oa:0.994,Miou:0.973, time:3.7s
Ep285: tra-> Loss:0.657,Oa:0.992,Miou:0.972, val-> Loss:0.472,Oa:0.989,Miou:0.945,MiouEMA:0.9480, lr:1.00e-04,time:8.3s
Ep286: tra-> Loss:0.685,Oa:0.993,Miou:0.975, time:4.0s
Ep287: tra-> Loss:0.688,Oa:0.994,Miou:0.975, val-> Loss:0.431,Oa:0.989,Miou:0.946,MiouEMA:0.9479, lr:1.00e-04,time:8.7s
Ep288: tra-> Loss:0.669,Oa:0.992,Miou:0.970, time:3.9s
Ep289: tra-> Loss:0.680,Oa:0.993,Miou:0.973, val-> Loss:0.422,Oa:0.989,Miou:0.946,MiouEMA:0.9478, lr:1.00e-04,time:8.9s
Ep290: tra-> Loss:0.653,Oa:0.993,Miou:0.975, time:4.5s
Ep291: tra-> Loss:0.651,Oa:0.992,Miou:0.971, val-> Loss:0.413,Oa:0.989,Miou:0.947,MiouEMA:0.9478, lr:1.00e-04,time:7.9s
Ep292: tra-> Loss:0.658,Oa:0.994,Miou:0.979, time:3.9s
Ep293: tra-> Loss:0.638,Oa:0.993,Miou:0.980, val-> Loss:0.440,Oa:0.988,Miou:0.945,MiouEMA:0.9477, lr:1.00e-04,time:7.8s
Ep294: tra-> Loss:0.645,Oa:0.993,Miou:0.974, time:3.4s
Ep295: tra-> Loss:0.661,Oa:0.993,Miou:0.975, val-> Loss:0.425,Oa:0.989,Miou:0.947,MiouEMA:0.9477, lr:1.00e-04,time:8.1s
Ep296: tra-> Loss:0.630,Oa:0.995,Miou:0.978, time:3.3s
Ep297: tra-> Loss:0.611,Oa:0.993,Miou:0.978, val-> Loss:0.438,Oa:0.989,Miou:0.946,MiouEMA:0.9476, lr:1.00e-04,time:8.0s
Ep298: tra-> Loss:0.660,Oa:0.993,Miou:0.977, time:3.8s
Ep299: tra-> Loss:0.695,Oa:0.992,Miou:0.972, val-> Loss:0.464,Oa:0.989,Miou:0.946,MiouEMA:0.9475, lr:1.00e-04,time:8.1s
Ep300: tra-> Loss:0.647,Oa:0.994,Miou:0.977, time:4.0s
Ep301: tra-> Loss:0.674,Oa:0.992,Miou:0.972, val-> Loss:0.443,Oa:0.989,Miou:0.948,MiouEMA:0.9475, lr:1.00e-04,time:8.3s
Ep302: tra-> Loss:0.668,Oa:0.993,Miou:0.976, time:4.0s
Ep303: tra-> Loss:0.653,Oa:0.992,Miou:0.969, val-> Loss:0.451,Oa:0.989,Miou:0.946,MiouEMA:0.9475, lr:1.00e-04,time:7.7s
Ep304: tra-> Loss:0.698,Oa:0.993,Miou:0.967, time:4.3s
Ep305: tra-> Loss:0.663,Oa:0.994,Miou:0.975, val-> Loss:0.455,Oa:0.989,Miou:0.947,MiouEMA:0.9475, lr:1.00e-04,time:8.3s
Ep306: tra-> Loss:0.650,Oa:0.992,Miou:0.967, time:4.4s
Ep307: tra-> Loss:0.668,Oa:0.993,Miou:0.964, val-> Loss:0.451,Oa:0.989,Miou:0.948,MiouEMA:0.9475, lr:1.00e-04,time:8.6s
Ep308: tra-> Loss:0.640,Oa:0.995,Miou:0.978, time:4.6s
Ep309: tra-> Loss:0.661,Oa:0.993,Miou:0.973, val-> Loss:0.484,Oa:0.987,Miou:0.940,MiouEMA:0.9476, lr:1.00e-04,time:7.8s
Ep310: tra-> Loss:0.677,Oa:0.992,Miou:0.974, time:4.5s
Ep311: tra-> Loss:0.658,Oa:0.993,Miou:0.973, val-> Loss:0.435,Oa:0.989,Miou:0.945,MiouEMA:0.9476, lr:1.00e-04,time:8.3s
Ep312: tra-> Loss:0.668,Oa:0.993,Miou:0.972, time:3.9s
Ep313: tra-> Loss:0.696,Oa:0.993,Miou:0.970, val-> Loss:0.443,Oa:0.989,Miou:0.946,MiouEMA:0.9475, lr:1.00e-04,time:8.3s
Ep314: tra-> Loss:0.673,Oa:0.993,Miou:0.974, time:4.2s
Ep315: tra-> Loss:0.637,Oa:0.994,Miou:0.974, val-> Loss:0.412,Oa:0.989,Miou:0.947,MiouEMA:0.9476, lr:1.00e-04,time:8.5s
Ep316: tra-> Loss:0.686,Oa:0.994,Miou:0.975, time:4.5s
Ep317: tra-> Loss:0.791,Oa:0.993,Miou:0.969, val-> Loss:0.406,Oa:0.989,Miou:0.947,MiouEMA:0.9476, lr:1.00e-04,time:8.4s
Ep318: tra-> Loss:0.684,Oa:0.989,Miou:0.965, time:3.4s
Ep319: tra-> Loss:0.646,Oa:0.992,Miou:0.970, val-> Loss:0.605,Oa:0.980,Miou:0.910,MiouEMA:0.9476, lr:1.00e-04,time:8.6s
Ep320: tra-> Loss:0.679,Oa:0.991,Miou:0.968, time:3.9s
Ep321: tra-> Loss:0.704,Oa:0.994,Miou:0.974, val-> Loss:0.468,Oa:0.987,Miou:0.937,MiouEMA:0.9477, lr:1.00e-04,time:7.6s
Ep322: tra-> Loss:0.653,Oa:0.993,Miou:0.971, time:4.1s
Ep323: tra-> Loss:0.743,Oa:0.992,Miou:0.970, val-> Loss:0.433,Oa:0.989,Miou:0.947,MiouEMA:0.9477, lr:1.00e-04,time:8.4s
Ep324: tra-> Loss:0.690,Oa:0.993,Miou:0.972, time:3.4s
Ep325: tra-> Loss:0.672,Oa:0.993,Miou:0.968, val-> Loss:0.391,Oa:0.989,Miou:0.949,MiouEMA:0.9478, lr:1.00e-04,time:7.7s
Ep326: tra-> Loss:0.673,Oa:0.994,Miou:0.976, time:4.1s
Ep327: tra-> Loss:0.637,Oa:0.994,Miou:0.978, val-> Loss:0.391,Oa:0.989,Miou:0.946,MiouEMA:0.9478, lr:1.00e-04,time:7.6s
Ep328: tra-> Loss:0.673,Oa:0.993,Miou:0.977, time:4.5s
Ep329: tra-> Loss:0.708,Oa:0.993,Miou:0.966, val-> Loss:0.410,Oa:0.989,Miou:0.945,MiouEMA:0.9478, lr:1.00e-04,time:8.3s
Ep330: tra-> Loss:0.647,Oa:0.993,Miou:0.975, time:4.6s
Ep331: tra-> Loss:0.717,Oa:0.993,Miou:0.968, val-> Loss:0.378,Oa:0.989,Miou:0.949,MiouEMA:0.9478, lr:1.00e-04,time:8.1s
Ep332: tra-> Loss:0.715,Oa:0.992,Miou:0.966, time:3.4s
Ep333: tra-> Loss:0.649,Oa:0.994,Miou:0.975, val-> Loss:0.412,Oa:0.989,Miou:0.945,MiouEMA:0.9479, lr:1.00e-04,time:8.5s
Ep334: tra-> Loss:0.797,Oa:0.992,Miou:0.971, time:3.8s
Ep335: tra-> Loss:0.637,Oa:0.994,Miou:0.974, val-> Loss:0.394,Oa:0.989,Miou:0.948,MiouEMA:0.9479, lr:1.00e-04,time:8.0s
Ep336: tra-> Loss:0.733,Oa:0.992,Miou:0.969, time:4.2s
Ep337: tra-> Loss:0.680,Oa:0.992,Miou:0.970, val-> Loss:0.423,Oa:0.989,Miou:0.946,MiouEMA:0.9480, lr:1.00e-04,time:8.2s
Ep338: tra-> Loss:0.709,Oa:0.991,Miou:0.966, time:3.4s
Ep339: tra-> Loss:0.639,Oa:0.994,Miou:0.979, val-> Loss:0.385,Oa:0.989,Miou:0.949,MiouEMA:0.9481, lr:1.00e-04,time:7.6s
Ep340: tra-> Loss:0.719,Oa:0.993,Miou:0.968, time:4.4s
Ep341: tra-> Loss:0.677,Oa:0.994,Miou:0.973, val-> Loss:0.383,Oa:0.990,Miou:0.950,MiouEMA:0.9483, lr:1.00e-04,time:8.1s
Ep342: tra-> Loss:0.629,Oa:0.994,Miou:0.977, time:4.1s
Ep343: tra-> Loss:0.681,Oa:0.994,Miou:0.970, val-> Loss:0.410,Oa:0.989,Miou:0.947,MiouEMA:0.9483, lr:1.00e-04,time:8.5s
Ep344: tra-> Loss:0.642,Oa:0.994,Miou:0.977, time:4.5s
Ep345: tra-> Loss:0.642,Oa:0.994,Miou:0.977, val-> Loss:0.433,Oa:0.989,Miou:0.945,MiouEMA:0.9482, lr:1.00e-04,time:8.0s
Ep346: tra-> Loss:0.685,Oa:0.993,Miou:0.976, time:3.7s
Ep347: tra-> Loss:0.692,Oa:0.993,Miou:0.972, val-> Loss:0.425,Oa:0.989,Miou:0.947,MiouEMA:0.9482, lr:1.00e-04,time:8.2s
Ep348: tra-> Loss:0.728,Oa:0.991,Miou:0.967, time:4.0s
Ep349: tra-> Loss:0.688,Oa:0.992,Miou:0.972, val-> Loss:0.418,Oa:0.989,Miou:0.948,MiouEMA:0.9482, lr:1.00e-04,time:7.7s
Ep350: tra-> Loss:0.706,Oa:0.994,Miou:0.969, time:4.5s
Ep351: tra-> Loss:0.708,Oa:0.993,Miou:0.968, val-> Loss:0.433,Oa:0.989,Miou:0.946,MiouEMA:0.9482, lr:1.00e-04,time:8.5s
Ep352: tra-> Loss:0.610,Oa:0.993,Miou:0.977, time:4.0s
Ep353: tra-> Loss:0.665,Oa:0.993,Miou:0.971, val-> Loss:0.419,Oa:0.989,Miou:0.947,MiouEMA:0.9482, lr:1.00e-04,time:8.0s
Ep354: tra-> Loss:0.677,Oa:0.993,Miou:0.973, time:4.1s
Ep355: tra-> Loss:0.642,Oa:0.992,Miou:0.972, val-> Loss:0.418,Oa:0.989,Miou:0.947,MiouEMA:0.9482, lr:1.00e-04,time:7.7s
Ep356: tra-> Loss:0.620,Oa:0.994,Miou:0.977, time:3.8s
Ep357: tra-> Loss:0.686,Oa:0.992,Miou:0.974, val-> Loss:0.438,Oa:0.989,Miou:0.946,MiouEMA:0.9481, lr:1.00e-04,time:7.6s
Ep358: tra-> Loss:0.686,Oa:0.992,Miou:0.966, time:4.4s
Ep359: tra-> Loss:0.660,Oa:0.992,Miou:0.970, val-> Loss:0.414,Oa:0.989,Miou:0.947,MiouEMA:0.9480, lr:1.00e-04,time:8.3s
Ep360: tra-> Loss:0.640,Oa:0.995,Miou:0.978, time:4.5s
Ep361: tra-> Loss:0.663,Oa:0.994,Miou:0.970, val-> Loss:0.418,Oa:0.989,Miou:0.946,MiouEMA:0.9480, lr:1.00e-04,time:7.9s
Ep362: tra-> Loss:0.675,Oa:0.995,Miou:0.979, time:3.5s
Ep363: tra-> Loss:0.639,Oa:0.995,Miou:0.978, val-> Loss:0.424,Oa:0.988,Miou:0.944,MiouEMA:0.9479, lr:1.00e-04,time:8.1s
Ep364: tra-> Loss:0.633,Oa:0.994,Miou:0.974, time:3.7s
Ep365: tra-> Loss:0.709,Oa:0.994,Miou:0.969, val-> Loss:0.407,Oa:0.989,Miou:0.947,MiouEMA:0.9479, lr:1.00e-04,time:8.5s
Ep366: tra-> Loss:0.693,Oa:0.993,Miou:0.972, time:4.4s
Ep367: tra-> Loss:0.663,Oa:0.993,Miou:0.976, val-> Loss:0.398,Oa:0.989,Miou:0.949,MiouEMA:0.9479, lr:1.00e-04,time:8.3s
Ep368: tra-> Loss:0.669,Oa:0.994,Miou:0.971, time:3.4s
Ep369: tra-> Loss:0.676,Oa:0.993,Miou:0.970, val-> Loss:0.418,Oa:0.989,Miou:0.947,MiouEMA:0.9480, lr:1.00e-04,time:7.7s
Ep370: tra-> Loss:0.677,Oa:0.993,Miou:0.969, time:3.9s
Ep371: tra-> Loss:0.658,Oa:0.993,Miou:0.975, val-> Loss:0.420,Oa:0.989,Miou:0.947,MiouEMA:0.9480, lr:1.00e-04,time:8.1s
Ep372: tra-> Loss:0.634,Oa:0.994,Miou:0.973, time:4.6s
Ep373: tra-> Loss:0.694,Oa:0.993,Miou:0.974, val-> Loss:0.413,Oa:0.989,Miou:0.947,MiouEMA:0.9479, lr:1.00e-04,time:8.7s
Ep374: tra-> Loss:0.713,Oa:0.991,Miou:0.969, time:3.8s
Ep375: tra-> Loss:0.631,Oa:0.994,Miou:0.976, val-> Loss:0.406,Oa:0.989,Miou:0.948,MiouEMA:0.9479, lr:1.00e-04,time:8.1s
Ep376: tra-> Loss:0.669,Oa:0.994,Miou:0.977, time:3.5s
Ep377: tra-> Loss:0.653,Oa:0.992,Miou:0.976, val-> Loss:0.427,Oa:0.989,Miou:0.946,MiouEMA:0.9479, lr:1.00e-04,time:8.1s
Ep378: tra-> Loss:0.679,Oa:0.993,Miou:0.970, time:4.1s
Ep379: tra-> Loss:0.704,Oa:0.992,Miou:0.969, val-> Loss:0.390,Oa:0.989,Miou:0.949,MiouEMA:0.9479, lr:1.00e-04,time:8.3s
Ep380: tra-> Loss:0.635,Oa:0.992,Miou:0.974, time:3.7s
Ep381: tra-> Loss:0.708,Oa:0.992,Miou:0.970, val-> Loss:0.396,Oa:0.989,Miou:0.948,MiouEMA:0.9480, lr:1.00e-04,time:7.9s
Ep382: tra-> Loss:0.685,Oa:0.993,Miou:0.975, time:4.2s
Ep383: tra-> Loss:0.630,Oa:0.994,Miou:0.979, val-> Loss:0.426,Oa:0.989,Miou:0.946,MiouEMA:0.9480, lr:1.00e-04,time:7.7s
Ep384: tra-> Loss:0.639,Oa:0.991,Miou:0.970, time:4.0s
Ep385: tra-> Loss:0.690,Oa:0.992,Miou:0.974, val-> Loss:0.418,Oa:0.989,Miou:0.947,MiouEMA:0.9479, lr:1.00e-04,time:8.1s
Ep386: tra-> Loss:0.661,Oa:0.994,Miou:0.974, time:3.6s
Ep387: tra-> Loss:0.681,Oa:0.994,Miou:0.971, val-> Loss:0.421,Oa:0.989,Miou:0.945,MiouEMA:0.9479, lr:1.00e-04,time:8.1s
Ep388: tra-> Loss:0.663,Oa:0.992,Miou:0.971, time:4.6s
Ep389: tra-> Loss:0.647,Oa:0.996,Miou:0.978, val-> Loss:0.412,Oa:0.989,Miou:0.946,MiouEMA:0.9479, lr:1.00e-04,time:8.3s
Ep390: tra-> Loss:0.631,Oa:0.994,Miou:0.977, time:3.9s
Ep391: tra-> Loss:0.688,Oa:0.993,Miou:0.972, val-> Loss:0.442,Oa:0.989,Miou:0.945,MiouEMA:0.9478, lr:1.00e-04,time:8.4s
Ep392: tra-> Loss:0.686,Oa:0.992,Miou:0.966, time:3.9s
Ep393: tra-> Loss:0.658,Oa:0.994,Miou:0.977, val-> Loss:0.393,Oa:0.989,Miou:0.949,MiouEMA:0.9479, lr:1.00e-04,time:8.0s
Ep394: tra-> Loss:0.706,Oa:0.993,Miou:0.970, time:4.0s
Ep395: tra-> Loss:0.613,Oa:0.993,Miou:0.974, val-> Loss:0.449,Oa:0.989,Miou:0.945,MiouEMA:0.9479, lr:1.00e-04,time:8.3s
Ep396: tra-> Loss:0.665,Oa:0.992,Miou:0.966, time:3.8s
Ep397: tra-> Loss:0.694,Oa:0.993,Miou:0.964, val-> Loss:0.401,Oa:0.989,Miou:0.949,MiouEMA:0.9480, lr:1.00e-04,time:8.1s
Ep398: tra-> Loss:0.637,Oa:0.994,Miou:0.974, time:3.4s
Ep399: tra-> Loss:0.701,Oa:0.993,Miou:0.973, val-> Loss:0.397,Oa:0.989,Miou:0.949,MiouEMA:0.9480, lr:1.00e-04,time:8.6s
Ep400: tra-> Loss:0.650,Oa:0.993,Miou:0.978, time:4.3s
Ep401: tra-> Loss:0.699,Oa:0.993,Miou:0.971, val-> Loss:0.406,Oa:0.989,Miou:0.949,MiouEMA:0.9481, lr:1.00e-04,time:7.7s
Ep402: tra-> Loss:0.680,Oa:0.994,Miou:0.970, time:4.5s
Ep403: tra-> Loss:0.651,Oa:0.994,Miou:0.977, val-> Loss:0.416,Oa:0.989,Miou:0.947,MiouEMA:0.9481, lr:1.00e-04,time:8.1s
Ep404: tra-> Loss:0.673,Oa:0.994,Miou:0.974, time:4.5s
Ep405: tra-> Loss:0.654,Oa:0.991,Miou:0.968, val-> Loss:0.411,Oa:0.989,Miou:0.947,MiouEMA:0.9482, lr:1.00e-04,time:7.8s
Ep406: tra-> Loss:0.654,Oa:0.993,Miou:0.974, time:3.9s
Ep407: tra-> Loss:0.649,Oa:0.994,Miou:0.974, val-> Loss:0.434,Oa:0.989,Miou:0.946,MiouEMA:0.9481, lr:1.00e-04,time:7.9s
Ep408: tra-> Loss:0.669,Oa:0.992,Miou:0.968, time:3.6s
Ep409: tra-> Loss:0.644,Oa:0.994,Miou:0.972, val-> Loss:0.424,Oa:0.989,Miou:0.947,MiouEMA:0.9481, lr:1.00e-04,time:8.6s
Ep410: tra-> Loss:0.676,Oa:0.995,Miou:0.977, time:3.5s
Ep411: tra-> Loss:0.678,Oa:0.993,Miou:0.973, val-> Loss:0.422,Oa:0.989,Miou:0.947,MiouEMA:0.9481, lr:1.00e-04,time:9.3s
Ep412: tra-> Loss:0.630,Oa:0.993,Miou:0.972, time:3.4s
Ep413: tra-> Loss:0.696,Oa:0.993,Miou:0.974, val-> Loss:0.409,Oa:0.989,Miou:0.948,MiouEMA:0.9480, lr:1.00e-04,time:8.2s
Ep414: tra-> Loss:0.621,Oa:0.994,Miou:0.977, time:4.3s
Ep415: tra-> Loss:0.680,Oa:0.992,Miou:0.972, val-> Loss:0.423,Oa:0.989,Miou:0.946,MiouEMA:0.9480, lr:1.00e-04,time:7.6s
Ep416: tra-> Loss:0.669,Oa:0.993,Miou:0.972, time:4.6s
Ep417: tra-> Loss:0.656,Oa:0.993,Miou:0.972, val-> Loss:0.423,Oa:0.989,Miou:0.946,MiouEMA:0.9480, lr:1.00e-04,time:7.8s
Ep418: tra-> Loss:0.701,Oa:0.992,Miou:0.975, time:3.6s
Ep419: tra-> Loss:0.715,Oa:0.993,Miou:0.971, val-> Loss:0.406,Oa:0.989,Miou:0.949,MiouEMA:0.9479, lr:1.00e-04,time:7.7s
Ep420: tra-> Loss:0.623,Oa:0.993,Miou:0.977, time:4.0s
Ep421: tra-> Loss:0.689,Oa:0.994,Miou:0.975, val-> Loss:0.407,Oa:0.989,Miou:0.948,MiouEMA:0.9481, lr:1.00e-04,time:7.6s
Ep422: tra-> Loss:0.649,Oa:0.992,Miou:0.977, time:3.3s
Ep423: tra-> Loss:0.679,Oa:0.994,Miou:0.970, val-> Loss:0.434,Oa:0.988,Miou:0.943,MiouEMA:0.9480, lr:1.00e-04,time:7.9s
Ep424: tra-> Loss:0.702,Oa:0.992,Miou:0.973, time:3.6s
Ep425: tra-> Loss:0.657,Oa:0.994,Miou:0.973, val-> Loss:0.421,Oa:0.989,Miou:0.948,MiouEMA:0.9480, lr:1.00e-04,time:7.9s
Ep426: tra-> Loss:0.665,Oa:0.993,Miou:0.968, time:4.4s
Ep427: tra-> Loss:0.706,Oa:0.991,Miou:0.966, val-> Loss:0.464,Oa:0.988,Miou:0.943,MiouEMA:0.9479, lr:1.00e-04,time:9.2s
Ep428: tra-> Loss:0.689,Oa:0.993,Miou:0.972, time:4.0s
Ep429: tra-> Loss:0.689,Oa:0.993,Miou:0.973, val-> Loss:0.418,Oa:0.989,Miou:0.948,MiouEMA:0.9480, lr:1.00e-04,time:8.7s
Ep430: tra-> Loss:0.709,Oa:0.993,Miou:0.971, time:3.8s
Ep431: tra-> Loss:0.593,Oa:0.994,Miou:0.976, val-> Loss:0.460,Oa:0.988,Miou:0.944,MiouEMA:0.9480, lr:1.00e-04,time:7.7s
Ep432: tra-> Loss:0.685,Oa:0.993,Miou:0.963, time:3.3s
Ep433: tra-> Loss:0.625,Oa:0.995,Miou:0.976, val-> Loss:0.449,Oa:0.988,Miou:0.944,MiouEMA:0.9479, lr:1.00e-04,time:8.2s
Ep434: tra-> Loss:0.639,Oa:0.992,Miou:0.975, time:4.1s
Ep435: tra-> Loss:0.655,Oa:0.993,Miou:0.972, val-> Loss:0.436,Oa:0.989,Miou:0.946,MiouEMA:0.9478, lr:1.00e-04,time:7.7s
Ep436: tra-> Loss:0.679,Oa:0.992,Miou:0.967, time:3.9s
Ep437: tra-> Loss:0.710,Oa:0.991,Miou:0.969, val-> Loss:0.452,Oa:0.988,Miou:0.944,MiouEMA:0.9477, lr:1.00e-04,time:7.3s
Ep438: tra-> Loss:0.682,Oa:0.992,Miou:0.972, time:3.5s
Ep439: tra-> Loss:0.678,Oa:0.994,Miou:0.970, val-> Loss:0.418,Oa:0.989,Miou:0.948,MiouEMA:0.9476, lr:1.00e-04,time:7.9s
Ep440: tra-> Loss:0.661,Oa:0.993,Miou:0.973, time:3.4s
Ep441: tra-> Loss:0.661,Oa:0.994,Miou:0.973, val-> Loss:0.434,Oa:0.989,Miou:0.946,MiouEMA:0.9476, lr:1.00e-04,time:8.0s
Ep442: tra-> Loss:0.667,Oa:0.992,Miou:0.974, time:3.5s
Ep443: tra-> Loss:0.702,Oa:0.994,Miou:0.976, val-> Loss:0.430,Oa:0.989,Miou:0.947,MiouEMA:0.9476, lr:1.00e-04,time:7.4s
Ep444: tra-> Loss:0.674,Oa:0.994,Miou:0.976, time:4.4s
Ep445: tra-> Loss:1.126,Oa:0.992,Miou:0.968, val-> Loss:0.418,Oa:0.989,Miou:0.946,MiouEMA:0.9476, lr:1.00e-04,time:8.3s
Ep446: tra-> Loss:0.725,Oa:0.991,Miou:0.965, time:3.9s
Ep447: tra-> Loss:0.821,Oa:0.984,Miou:0.928, val-> Loss:0.446,Oa:0.989,Miou:0.946,MiouEMA:0.9476, lr:1.00e-04,time:8.3s
Ep448: tra-> Loss:0.803,Oa:0.991,Miou:0.954, time:4.0s
Ep449: tra-> Loss:0.703,Oa:0.994,Miou:0.976, val-> Loss:0.495,Oa:0.989,Miou:0.945,MiouEMA:0.9476, lr:1.00e-04,time:9.2s
Ep450: tra-> Loss:0.752,Oa:0.994,Miou:0.967, time:3.4s
Ep451: tra-> Loss:0.728,Oa:0.992,Miou:0.969, val-> Loss:0.476,Oa:0.988,Miou:0.944,MiouEMA:0.9474, lr:1.00e-04,time:8.7s
Ep452: tra-> Loss:0.681,Oa:0.993,Miou:0.971, time:3.9s
Ep453: tra-> Loss:0.696,Oa:0.993,Miou:0.973, val-> Loss:0.429,Oa:0.989,Miou:0.947,MiouEMA:0.9474, lr:1.00e-04,time:8.3s
Ep454: tra-> Loss:0.654,Oa:0.993,Miou:0.976, time:5.0s
Ep455: tra-> Loss:0.637,Oa:0.993,Miou:0.972, val-> Loss:0.438,Oa:0.989,Miou:0.947,MiouEMA:0.9474, lr:1.00e-04,time:8.0s
Ep456: tra-> Loss:0.655,Oa:0.993,Miou:0.972, time:4.0s
Ep457: tra-> Loss:0.771,Oa:0.991,Miou:0.961, val-> Loss:0.436,Oa:0.989,Miou:0.948,MiouEMA:0.9474, lr:1.00e-04,time:7.8s
Ep458: tra-> Loss:0.718,Oa:0.991,Miou:0.965, time:3.9s
Ep459: tra-> Loss:0.734,Oa:0.992,Miou:0.972, val-> Loss:0.439,Oa:0.989,Miou:0.947,MiouEMA:0.9474, lr:1.00e-04,time:8.7s
Ep460: tra-> Loss:0.694,Oa:0.992,Miou:0.969, time:4.1s
Ep461: tra-> Loss:0.671,Oa:0.994,Miou:0.974, val-> Loss:0.441,Oa:0.989,Miou:0.945,MiouEMA:0.9474, lr:1.00e-04,time:8.0s
Ep462: tra-> Loss:0.675,Oa:0.993,Miou:0.972, time:4.0s
Ep463: tra-> Loss:0.658,Oa:0.995,Miou:0.975, val-> Loss:0.431,Oa:0.989,Miou:0.946,MiouEMA:0.9473, lr:1.00e-04,time:7.8s
Ep464: tra-> Loss:0.641,Oa:0.995,Miou:0.981, time:3.9s
Ep465: tra-> Loss:0.674,Oa:0.993,Miou:0.969, val-> Loss:0.434,Oa:0.989,Miou:0.946,MiouEMA:0.9473, lr:1.00e-04,time:8.1s
Ep466: tra-> Loss:0.689,Oa:0.992,Miou:0.964, time:3.9s
Ep467: tra-> Loss:0.674,Oa:0.994,Miou:0.977, val-> Loss:0.438,Oa:0.989,Miou:0.946,MiouEMA:0.9472, lr:1.00e-04,time:8.0s
Ep468: tra-> Loss:0.678,Oa:0.993,Miou:0.970, time:3.6s
Ep469: tra-> Loss:0.684,Oa:0.993,Miou:0.971, val-> Loss:0.430,Oa:0.989,Miou:0.947,MiouEMA:0.9472, lr:1.00e-04,time:8.2s
Ep470: tra-> Loss:1.136,Oa:0.993,Miou:0.971, time:3.9s
Ep471: tra-> Loss:0.663,Oa:0.993,Miou:0.968, val-> Loss:0.499,Oa:0.987,Miou:0.937,MiouEMA:0.9471, lr:1.00e-04,time:8.3s
Ep472: tra-> Loss:0.692,Oa:0.994,Miou:0.978, time:3.8s
Ep473: tra-> Loss:0.730,Oa:0.993,Miou:0.973, val-> Loss:0.440,Oa:0.988,Miou:0.942,MiouEMA:0.9470, lr:1.00e-04,time:8.0s
Ep474: tra-> Loss:0.687,Oa:0.992,Miou:0.975, time:4.0s
Ep475: tra-> Loss:0.753,Oa:0.992,Miou:0.967, val-> Loss:0.454,Oa:0.988,Miou:0.943,MiouEMA:0.9470, lr:1.00e-04,time:7.9s
Ep476: tra-> Loss:0.684,Oa:0.994,Miou:0.977, time:3.6s
Ep477: tra-> Loss:0.693,Oa:0.992,Miou:0.973, val-> Loss:0.496,Oa:0.988,Miou:0.943,MiouEMA:0.9469, lr:1.00e-04,time:8.8s
Ep478: tra-> Loss:0.710,Oa:0.993,Miou:0.967, time:4.0s
Ep479: tra-> Loss:0.670,Oa:0.994,Miou:0.974, val-> Loss:0.427,Oa:0.989,Miou:0.946,MiouEMA:0.9469, lr:1.00e-04,time:8.6s
Ep480: tra-> Loss:0.681,Oa:0.992,Miou:0.969, time:3.6s
Ep481: tra-> Loss:0.641,Oa:0.993,Miou:0.974, val-> Loss:0.436,Oa:0.989,Miou:0.945,MiouEMA:0.9469, lr:1.00e-04,time:7.6s
Ep482: tra-> Loss:0.668,Oa:0.991,Miou:0.969, time:3.7s
Ep483: tra-> Loss:0.714,Oa:0.992,Miou:0.964, val-> Loss:0.420,Oa:0.989,Miou:0.946,MiouEMA:0.9469, lr:1.00e-04,time:9.9s
Ep484: tra-> Loss:0.699,Oa:0.993,Miou:0.973, time:3.4s
Ep485: tra-> Loss:0.673,Oa:0.993,Miou:0.971, val-> Loss:0.422,Oa:0.989,Miou:0.946,MiouEMA:0.9469, lr:1.00e-04,time:8.2s
Ep486: tra-> Loss:0.634,Oa:0.995,Miou:0.977, time:3.9s
Ep487: tra-> Loss:0.707,Oa:0.991,Miou:0.967, val-> Loss:0.438,Oa:0.988,Miou:0.944,MiouEMA:0.9468, lr:1.00e-04,time:7.7s
Ep488: tra-> Loss:0.687,Oa:0.993,Miou:0.970, time:3.5s
Ep489: tra-> Loss:0.755,Oa:0.994,Miou:0.957, val-> Loss:0.397,Oa:0.989,Miou:0.948,MiouEMA:0.9468, lr:1.00e-04,time:8.3s
Ep490: tra-> Loss:0.662,Oa:0.993,Miou:0.972, time:3.8s
Ep491: tra-> Loss:0.667,Oa:0.994,Miou:0.974, val-> Loss:0.407,Oa:0.989,Miou:0.948,MiouEMA:0.9469, lr:1.00e-04,time:8.2s
Ep492: tra-> Loss:0.631,Oa:0.994,Miou:0.978, time:3.7s
Ep493: tra-> Loss:0.685,Oa:0.993,Miou:0.972, val-> Loss:0.424,Oa:0.989,Miou:0.946,MiouEMA:0.9469, lr:1.00e-04,time:9.3s
Ep494: tra-> Loss:0.661,Oa:0.993,Miou:0.971, time:4.4s
Ep495: tra-> Loss:0.715,Oa:0.992,Miou:0.969, val-> Loss:0.408,Oa:0.989,Miou:0.948,MiouEMA:0.9469, lr:1.00e-04,time:7.9s
Ep496: tra-> Loss:0.653,Oa:0.993,Miou:0.973, time:4.1s
Ep497: tra-> Loss:0.647,Oa:0.995,Miou:0.978, val-> Loss:0.426,Oa:0.989,Miou:0.946,MiouEMA:0.9469, lr:1.00e-04,time:8.2s
Ep498: tra-> Loss:0.650,Oa:0.992,Miou:0.977, time:3.7s
Ep499: tra-> Loss:0.684,Oa:0.994,Miou:0.968, val-> Loss:0.436,Oa:0.989,Miou:0.945,MiouEMA:0.9469, lr:1.00e-04,time:8.0s
Ep500: tra-> Loss:0.636,Oa:0.993,Miou:0.974, time:4.5s
Ep501: tra-> Loss:0.662,Oa:0.992,Miou:0.971, val-> Loss:0.411,Oa:0.989,Miou:0.947,MiouEMA:0.9469, lr:1.00e-04,time:7.7s
Ep502: tra-> Loss:0.639,Oa:0.994,Miou:0.975, time:3.9s
Ep503: tra-> Loss:0.667,Oa:0.994,Miou:0.976, val-> Loss:0.422,Oa:0.989,Miou:0.947,MiouEMA:0.9469, lr:1.00e-04,time:8.6s
Ep504: tra-> Loss:0.646,Oa:0.993,Miou:0.973, time:3.9s
Ep505: tra-> Loss:0.742,Oa:0.993,Miou:0.974, val-> Loss:0.429,Oa:0.989,Miou:0.945,MiouEMA:0.9469, lr:1.00e-04,time:8.0s
Ep506: tra-> Loss:0.656,Oa:0.992,Miou:0.972, time:3.9s
Ep507: tra-> Loss:0.661,Oa:0.992,Miou:0.965, val-> Loss:0.478,Oa:0.988,Miou:0.943,MiouEMA:0.9468, lr:1.00e-04,time:8.1s
Ep508: tra-> Loss:0.677,Oa:0.993,Miou:0.974, time:4.0s
Ep509: tra-> Loss:0.721,Oa:0.993,Miou:0.971, val-> Loss:0.462,Oa:0.988,Miou:0.945,MiouEMA:0.9467, lr:1.00e-04,time:9.0s
Ep510: tra-> Loss:0.614,Oa:0.994,Miou:0.976, time:3.9s
Ep511: tra-> Loss:0.697,Oa:0.992,Miou:0.971, val-> Loss:0.453,Oa:0.989,Miou:0.945,MiouEMA:0.9467, lr:1.00e-04,time:8.3s
Ep512: tra-> Loss:0.655,Oa:0.993,Miou:0.968, time:3.6s
Ep513: tra-> Loss:0.673,Oa:0.993,Miou:0.975, val-> Loss:0.440,Oa:0.989,Miou:0.946,MiouEMA:0.9467, lr:1.00e-04,time:7.8s
Ep514: tra-> Loss:0.709,Oa:0.994,Miou:0.979, time:5.0s
Ep515: tra-> Loss:0.666,Oa:0.993,Miou:0.972, val-> Loss:0.426,Oa:0.989,Miou:0.947,MiouEMA:0.9467, lr:1.00e-04,time:9.1s
Ep516: tra-> Loss:0.685,Oa:0.993,Miou:0.974, time:4.0s
Ep517: tra-> Loss:0.679,Oa:0.993,Miou:0.975, val-> Loss:0.461,Oa:0.988,Miou:0.943,MiouEMA:0.9466, lr:1.00e-04,time:7.9s
Ep518: tra-> Loss:0.692,Oa:0.992,Miou:0.971, time:4.4s
Ep519: tra-> Loss:0.640,Oa:0.994,Miou:0.976, val-> Loss:0.477,Oa:0.988,Miou:0.942,MiouEMA:0.9466, lr:1.00e-04,time:8.5s
Ep520: tra-> Loss:0.653,Oa:0.994,Miou:0.973, time:3.3s
Ep521: tra-> Loss:0.803,Oa:0.992,Miou:0.972, val-> Loss:0.444,Oa:0.988,Miou:0.944,MiouEMA:0.9465, lr:1.00e-04,time:8.0s
Ep522: tra-> Loss:0.667,Oa:0.993,Miou:0.972, time:4.3s
Ep523: tra-> Loss:0.666,Oa:0.994,Miou:0.974, val-> Loss:0.453,Oa:0.988,Miou:0.941,MiouEMA:0.9464, lr:1.00e-04,time:7.5s
Ep524: tra-> Loss:0.637,Oa:0.994,Miou:0.977, time:3.8s
Ep525: tra-> Loss:0.671,Oa:0.991,Miou:0.969, val-> Loss:0.460,Oa:0.988,Miou:0.941,MiouEMA:0.9463, lr:1.00e-04,time:8.2s
Ep526: tra-> Loss:0.685,Oa:0.992,Miou:0.971, time:4.0s
Ep527: tra-> Loss:0.680,Oa:0.991,Miou:0.969, val-> Loss:0.426,Oa:0.988,Miou:0.945,MiouEMA:0.9463, lr:1.00e-04,time:8.5s
Ep528: tra-> Loss:0.731,Oa:0.993,Miou:0.967, time:4.5s
Ep529: tra-> Loss:0.673,Oa:0.993,Miou:0.971, val-> Loss:0.413,Oa:0.989,Miou:0.946,MiouEMA:0.9463, lr:1.00e-04,time:8.7s
Ep530: tra-> Loss:0.659,Oa:0.994,Miou:0.978, time:5.0s
Ep531: tra-> Loss:0.625,Oa:0.993,Miou:0.975, val-> Loss:0.420,Oa:0.989,Miou:0.946,MiouEMA:0.9463, lr:1.00e-04,time:7.9s
Ep532: tra-> Loss:0.673,Oa:0.993,Miou:0.969, time:3.9s
Ep533: tra-> Loss:0.661,Oa:0.993,Miou:0.976, val-> Loss:0.425,Oa:0.988,Miou:0.944,MiouEMA:0.9462, lr:1.00e-04,time:8.5s
Ep534: tra-> Loss:0.693,Oa:0.992,Miou:0.967, time:4.0s
Ep535: tra-> Loss:0.646,Oa:0.994,Miou:0.974, val-> Loss:0.417,Oa:0.989,Miou:0.945,MiouEMA:0.9462, lr:1.00e-04,time:8.4s
Ep536: tra-> Loss:0.684,Oa:0.992,Miou:0.972, time:3.9s
Ep537: tra-> Loss:0.656,Oa:0.993,Miou:0.975, val-> Loss:0.407,Oa:0.989,Miou:0.946,MiouEMA:0.9463, lr:1.00e-04,time:8.2s
Ep538: tra-> Loss:0.682,Oa:0.993,Miou:0.973, time:3.7s
Ep539: tra-> Loss:0.692,Oa:0.991,Miou:0.963, val-> Loss:0.421,Oa:0.989,Miou:0.945,MiouEMA:0.9463, lr:1.00e-04,time:8.0s
Ep540: tra-> Loss:0.662,Oa:0.993,Miou:0.976, time:5.0s
Ep541: tra-> Loss:0.867,Oa:0.987,Miou:0.953, val-> Loss:0.525,Oa:0.987,Miou:0.939,MiouEMA:0.9462, lr:1.00e-04,time:8.1s
Ep542: tra-> Loss:0.768,Oa:0.992,Miou:0.970, time:5.1s
Ep543: tra-> Loss:0.710,Oa:0.993,Miou:0.972, val-> Loss:0.521,Oa:0.988,Miou:0.944,MiouEMA:0.9461, lr:1.00e-04,time:8.6s
Ep544: tra-> Loss:0.667,Oa:0.993,Miou:0.971, time:3.6s
Ep545: tra-> Loss:0.668,Oa:0.993,Miou:0.976, val-> Loss:0.494,Oa:0.988,Miou:0.943,MiouEMA:0.9461, lr:1.00e-04,time:8.6s
Ep546: tra-> Loss:0.713,Oa:0.993,Miou:0.971, time:4.1s
Ep547: tra-> Loss:0.648,Oa:0.994,Miou:0.976, val-> Loss:0.464,Oa:0.988,Miou:0.944,MiouEMA:0.9460, lr:1.00e-04,time:8.1s
Ep548: tra-> Loss:0.687,Oa:0.994,Miou:0.972, time:4.1s
Ep549: tra-> Loss:0.688,Oa:0.992,Miou:0.970, val-> Loss:0.464,Oa:0.988,Miou:0.944,MiouEMA:0.9459, lr:1.00e-04,time:8.0s
Ep550: tra-> Loss:0.683,Oa:0.993,Miou:0.975, time:4.4s
Ep551: tra-> Loss:0.654,Oa:0.994,Miou:0.973, val-> Loss:0.462,Oa:0.988,Miou:0.944,MiouEMA:0.9459, lr:1.00e-04,time:8.6s
Ep552: tra-> Loss:0.703,Oa:0.992,Miou:0.972, time:3.4s
Ep553: tra-> Loss:0.674,Oa:0.993,Miou:0.968, val-> Loss:0.455,Oa:0.989,Miou:0.946,MiouEMA:0.9459, lr:1.00e-04,time:8.3s
Ep554: tra-> Loss:0.676,Oa:0.992,Miou:0.966, time:3.5s
Ep555: tra-> Loss:0.623,Oa:0.994,Miou:0.979, val-> Loss:0.469,Oa:0.988,Miou:0.944,MiouEMA:0.9459, lr:1.00e-04,time:8.3s
Ep556: tra-> Loss:0.677,Oa:0.994,Miou:0.976, time:4.3s
Ep557: tra-> Loss:0.715,Oa:0.993,Miou:0.966, val-> Loss:0.460,Oa:0.989,Miou:0.946,MiouEMA:0.9459, lr:1.00e-04,time:8.6s
Ep558: tra-> Loss:0.704,Oa:0.994,Miou:0.974, time:4.0s
Ep559: tra-> Loss:0.685,Oa:0.993,Miou:0.971, val-> Loss:0.460,Oa:0.989,Miou:0.947,MiouEMA:0.9460, lr:1.00e-04,time:8.3s
Ep560: tra-> Loss:0.652,Oa:0.994,Miou:0.975, time:3.8s
Ep561: tra-> Loss:0.659,Oa:0.994,Miou:0.979, val-> Loss:0.443,Oa:0.989,Miou:0.947,MiouEMA:0.9460, lr:1.00e-04,time:7.9s
Ep562: tra-> Loss:0.641,Oa:0.994,Miou:0.978, time:3.3s
Ep563: tra-> Loss:0.630,Oa:0.993,Miou:0.976, val-> Loss:0.435,Oa:0.989,Miou:0.947,MiouEMA:0.9461, lr:1.00e-04,time:7.9s
Ep564: tra-> Loss:0.658,Oa:0.994,Miou:0.974, time:3.5s
Ep565: tra-> Loss:0.682,Oa:0.994,Miou:0.975, val-> Loss:0.436,Oa:0.989,Miou:0.947,MiouEMA:0.9461, lr:1.00e-04,time:8.5s
Ep566: tra-> Loss:0.768,Oa:0.993,Miou:0.964, time:4.1s
Ep567: tra-> Loss:0.613,Oa:0.994,Miou:0.978, val-> Loss:0.404,Oa:0.989,Miou:0.949,MiouEMA:0.9462, lr:1.00e-04,time:8.1s
Ep568: tra-> Loss:0.755,Oa:0.992,Miou:0.962, time:4.6s
Ep569: tra-> Loss:0.630,Oa:0.995,Miou:0.982, val-> Loss:0.416,Oa:0.989,Miou:0.947,MiouEMA:0.9463, lr:1.00e-04,time:8.2s
Ep570: tra-> Loss:0.656,Oa:0.993,Miou:0.970, time:4.1s
Ep571: tra-> Loss:0.640,Oa:0.995,Miou:0.977, val-> Loss:0.432,Oa:0.989,Miou:0.946,MiouEMA:0.9464, lr:1.00e-04,time:8.5s
Ep572: tra-> Loss:0.666,Oa:0.994,Miou:0.974, time:4.1s
Ep573: tra-> Loss:0.651,Oa:0.994,Miou:0.970, val-> Loss:0.441,Oa:0.989,Miou:0.946,MiouEMA:0.9464, lr:1.00e-04,time:8.1s
Ep574: tra-> Loss:0.711,Oa:0.993,Miou:0.971, time:4.0s
Ep575: tra-> Loss:0.694,Oa:0.993,Miou:0.969, val-> Loss:0.445,Oa:0.989,Miou:0.946,MiouEMA:0.9464, lr:1.00e-04,time:8.7s
Ep576: tra-> Loss:0.639,Oa:0.993,Miou:0.978, time:4.1s
Ep577: tra-> Loss:0.709,Oa:0.992,Miou:0.965, val-> Loss:0.447,Oa:0.989,Miou:0.946,MiouEMA:0.9464, lr:1.00e-04,time:8.3s
Ep578: tra-> Loss:0.656,Oa:0.994,Miou:0.974, time:3.7s
Ep579: tra-> Loss:0.650,Oa:0.994,Miou:0.975, val-> Loss:0.467,Oa:0.988,Miou:0.943,MiouEMA:0.9464, lr:1.00e-04,time:8.9s
Ep580: tra-> Loss:0.675,Oa:0.993,Miou:0.969, time:4.1s
Ep581: tra-> Loss:0.671,Oa:0.992,Miou:0.971, val-> Loss:0.402,Oa:0.989,Miou:0.947,MiouEMA:0.9464, lr:1.00e-04,time:8.7s
Ep582: tra-> Loss:0.718,Oa:0.993,Miou:0.963, time:4.0s
Ep583: tra-> Loss:0.644,Oa:0.994,Miou:0.981, val-> Loss:0.437,Oa:0.988,Miou:0.944,MiouEMA:0.9465, lr:1.00e-04,time:8.2s
Ep584: tra-> Loss:0.650,Oa:0.992,Miou:0.972, time:4.5s
Ep585: tra-> Loss:0.649,Oa:0.993,Miou:0.978, val-> Loss:0.433,Oa:0.989,Miou:0.945,MiouEMA:0.9464, lr:1.00e-04,time:8.8s
Ep586: tra-> Loss:0.720,Oa:0.992,Miou:0.967, time:4.3s
Ep587: tra-> Loss:0.626,Oa:0.994,Miou:0.978, val-> Loss:0.416,Oa:0.989,Miou:0.948,MiouEMA:0.9465, lr:1.00e-04,time:8.9s
Ep588: tra-> Loss:0.637,Oa:0.995,Miou:0.976, time:4.2s
Ep589: tra-> Loss:0.714,Oa:0.992,Miou:0.971, val-> Loss:0.446,Oa:0.989,Miou:0.946,MiouEMA:0.9465, lr:1.00e-04,time:8.4s
Ep590: tra-> Loss:0.672,Oa:0.992,Miou:0.974, time:4.0s
Ep591: tra-> Loss:0.716,Oa:0.994,Miou:0.976, val-> Loss:0.425,Oa:0.989,Miou:0.947,MiouEMA:0.9465, lr:1.00e-04,time:8.3s
Ep592: tra-> Loss:0.620,Oa:0.994,Miou:0.978, time:3.5s
Ep593: tra-> Loss:0.628,Oa:0.994,Miou:0.979, val-> Loss:0.438,Oa:0.989,Miou:0.946,MiouEMA:0.9465, lr:1.00e-04,time:8.7s
Ep594: tra-> Loss:0.699,Oa:0.993,Miou:0.971, time:4.0s
Ep595: tra-> Loss:0.687,Oa:0.993,Miou:0.972, val-> Loss:0.440,Oa:0.989,Miou:0.946,MiouEMA:0.9465, lr:1.00e-04,time:8.1s
Ep596: tra-> Loss:0.695,Oa:0.992,Miou:0.964, time:3.5s
Ep597: tra-> Loss:0.650,Oa:0.994,Miou:0.977, val-> Loss:0.422,Oa:0.989,Miou:0.947,MiouEMA:0.9465, lr:1.00e-04,time:8.1s
Ep598: tra-> Loss:0.625,Oa:0.993,Miou:0.977, time:4.7s
Ep599: tra-> Loss:0.647,Oa:0.992,Miou:0.970, val-> Loss:0.423,Oa:0.989,Miou:0.948,MiouEMA:0.9466, lr:1.00e-04,time:8.3s
BEST val miou: 0.9515
